2023-11-17 22:18:06 error: uncaughtException: ⨯ Unable to compile TypeScript:
src/user/user.service.ts(49,37): error TS2304: Cannot find name 'UserD'.

Error: ⨯ Unable to compile TypeScript:
src/user/user.service.ts(49,37): error TS2304: Cannot find name 'UserD'.

    at Object.<anonymous> (/Users/fernandolba/development/my-commerce/back/src/user/user.service.ts:1:7)
    at Module._compile (node:internal/modules/cjs/loader:1233:14)
    at Module._compile (/Users/fernandolba/development/my-commerce/back/node_modules/source-map-support/source-map-support.js:568:25)
    at Module.m._compile (/private/var/folders/y2/tl2vlwcd3x1bl4vhnjklflkc0000gn/T/ts-node-dev-hook-17901021885506152.js:69:33)
    at Module._extensions..js (node:internal/modules/cjs/loader:1287:10)
    at require.extensions..jsx.require.extensions..js (/private/var/folders/y2/tl2vlwcd3x1bl4vhnjklflkc0000gn/T/ts-node-dev-hook-17901021885506152.js:114:20)
    at require.extensions.<computed> (/private/var/folders/y2/tl2vlwcd3x1bl4vhnjklflkc0000gn/T/ts-node-dev-hook-17901021885506152.js:71:20)
    at Object.nodeDevHook [as .ts] (/Users/fernandolba/development/my-commerce/back/node_modules/ts-node-dev/lib/hook.js:63:13)
    at Module.load (node:internal/modules/cjs/loader:1091:32)
    at Function.Module._load (node:internal/modules/cjs/loader:938:12)
2023-11-17 22:20:40 error: uncaughtException: ER_CANT_DROP_FIELD_OR_KEY: Can't DROP 'created_at'; check that column/key exists
QueryFailedError: ER_CANT_DROP_FIELD_OR_KEY: Can't DROP 'created_at'; check that column/key exists
    at Query.<anonymous> (/Users/fernandolba/development/my-commerce/back/src/driver/mysql/MysqlQueryRunner.ts:222:33)
    at Query.<anonymous> (/Users/fernandolba/development/my-commerce/back/node_modules/mysql/lib/Connection.js:526:10)
    at Query._callback (/Users/fernandolba/development/my-commerce/back/node_modules/mysql/lib/Connection.js:488:16)
    at Query.Sequence.end (/Users/fernandolba/development/my-commerce/back/node_modules/mysql/lib/protocol/sequences/Sequence.js:83:24)
    at Query.ErrorPacket (/Users/fernandolba/development/my-commerce/back/node_modules/mysql/lib/protocol/sequences/Query.js:92:8)
    at Protocol._parsePacket (/Users/fernandolba/development/my-commerce/back/node_modules/mysql/lib/protocol/Protocol.js:291:23)
    at Parser._parsePacket (/Users/fernandolba/development/my-commerce/back/node_modules/mysql/lib/protocol/Parser.js:433:10)
    at Parser.write (/Users/fernandolba/development/my-commerce/back/node_modules/mysql/lib/protocol/Parser.js:43:10)
    at Protocol.write (/Users/fernandolba/development/my-commerce/back/node_modules/mysql/lib/protocol/Protocol.js:38:16)
    at Socket.<anonymous> (/Users/fernandolba/development/my-commerce/back/node_modules/mysql/lib/Connection.js:88:28)
2023-11-17 22:20:51 error: uncaughtException: ER_CANT_DROP_FIELD_OR_KEY: Can't DROP 'updated_at'; check that column/key exists
QueryFailedError: ER_CANT_DROP_FIELD_OR_KEY: Can't DROP 'updated_at'; check that column/key exists
    at Query.<anonymous> (/Users/fernandolba/development/my-commerce/back/src/driver/mysql/MysqlQueryRunner.ts:222:33)
    at Query.<anonymous> (/Users/fernandolba/development/my-commerce/back/node_modules/mysql/lib/Connection.js:526:10)
    at Query._callback (/Users/fernandolba/development/my-commerce/back/node_modules/mysql/lib/Connection.js:488:16)
    at Query.Sequence.end (/Users/fernandolba/development/my-commerce/back/node_modules/mysql/lib/protocol/sequences/Sequence.js:83:24)
    at Query.ErrorPacket (/Users/fernandolba/development/my-commerce/back/node_modules/mysql/lib/protocol/sequences/Query.js:92:8)
    at Protocol._parsePacket (/Users/fernandolba/development/my-commerce/back/node_modules/mysql/lib/protocol/Protocol.js:291:23)
    at Parser._parsePacket (/Users/fernandolba/development/my-commerce/back/node_modules/mysql/lib/protocol/Parser.js:433:10)
    at Parser.write (/Users/fernandolba/development/my-commerce/back/node_modules/mysql/lib/protocol/Parser.js:43:10)
    at Protocol.write (/Users/fernandolba/development/my-commerce/back/node_modules/mysql/lib/protocol/Protocol.js:38:16)
    at Socket.<anonymous> (/Users/fernandolba/development/my-commerce/back/node_modules/mysql/lib/Connection.js:88:28)
2023-11-17 22:23:30 error: uncaughtException: ⨯ Unable to compile TypeScript:
src/user/entities/user.entity.ts(1,10): error TS6133: 'Column' is declared but its value is never read.
src/user/entities/user.entity.ts(1,18): error TS6133: 'CreateDateColumn' is declared but its value is never read.
src/user/entities/user.entity.ts(1,44): error TS6133: 'OneToOne' is declared but its value is never read.
src/user/entities/user.entity.ts(1,54): error TS6133: 'PrimaryGeneratedColumn' is declared but its value is never read.
src/user/entities/user.entity.ts(1,78): error TS6133: 'Unique' is declared but its value is never read.
src/user/entities/user.entity.ts(1,86): error TS6133: 'UpdateDateColumn' is declared but its value is never read.
src/user/entities/user.entity.ts(6,37): error TS2500: A class can only implement an identifier/qualified-name with optional type arguments.
src/user/entities/user.entity.ts(8,3): error TS2304: Cannot find name 'id'.
src/user/entities/user.entity.ts(8,8): error TS2693: 'string' only refers to a type, but is being used as a value here.
src/user/entities/user.entity.ts(11,10): error TS2693: 'string' only refers to a type, but is being used as a value here.
src/user/entities/user.entity.ts(14,3): error TS2304: Cannot find name 'lastName'.
src/user/entities/user.entity.ts(14,14): error TS2693: 'string' only refers to a type, but is being used as a value here.
src/user/entities/user.entity.ts(18,3): error TS2304: Cannot find name 'email'.
src/user/entities/user.entity.ts(18,11): error TS2693: 'string' only refers to a type, but is being used as a value here.
src/user/entities/user.entity.ts(22,3): error TS2304: Cannot find name 'password'.
src/user/entities/user.entity.ts(22,14): error TS2693: 'string' only refers to a type, but is being used as a value here.
src/user/entities/user.entity.ts(25,3): error TS2304: Cannot find name 'gender'.
src/user/entities/user.entity.ts(25,12): error TS2693: 'string' only refers to a type, but is being used as a value here.
src/user/entities/user.entity.ts(31,3): error TS2304: Cannot find name 'createdAt'.
src/user/entities/user.entity.ts(37,3): error TS2304: Cannot find name 'updatedAt'.
src/user/entities/user.entity.ts(41,3): error TS2304: Cannot find name 'customer'.
src/user/entities/user.entity.ts(7,3): error TS1136: Property assignment expected.
src/user/entities/user.entity.ts(7,28): error TS1146: Declaration expected.
src/user/entities/user.entity.ts(8,6): error TS1005: ';' expected.
src/user/entities/user.entity.ts(10,12): error TS1146: Declaration expected.
src/user/entities/user.entity.ts(11,8): error TS1005: ';' expected.
src/user/entities/user.entity.ts(13,12): error TS1146: Declaration expected.
src/user/entities/user.entity.ts(14,12): error TS1005: ';' expected.
src/user/entities/user.entity.ts(17,21): error TS1146: Declaration expected.
src/user/entities/user.entity.ts(18,9): error TS1005: ';' expected.
src/user/entities/user.entity.ts(21,29): error TS1146: Declaration expected.
src/user/entities/user.entity.ts(22,12): error TS1005: ';' expected.
src/user/entities/user.entity.ts(24,12): error TS1146: Declaration expected.
src/user/entities/user.entity.ts(25,10): error TS1005: ';' expected.
src/user/entities/user.entity.ts(30,22): error TS1146: Declaration expected.
src/user/entities/user.entity.ts(31,13): error TS1005: ';' expected.
src/user/entities/user.entity.ts(36,22): error TS1146: Declaration expected.
src/user/entities/user.entity.ts(37,13): error TS1005: ';' expected.
src/user/entities/user.entity.ts(40,63): error TS1146: Declaration expected.
src/user/entities/user.entity.ts(41,12): error TS1005: ';' expected.
src/user/entities/user.entity.ts(42,1): error TS1128: Declaration or statement expected.

Error: ⨯ Unable to compile TypeScript:
src/user/entities/user.entity.ts(1,10): error TS6133: 'Column' is declared but its value is never read.
src/user/entities/user.entity.ts(1,18): error TS6133: 'CreateDateColumn' is declared but its value is never read.
src/user/entities/user.entity.ts(1,44): error TS6133: 'OneToOne' is declared but its value is never read.
src/user/entities/user.entity.ts(1,54): error TS6133: 'PrimaryGeneratedColumn' is declared but its value is never read.
src/user/entities/user.entity.ts(1,78): error TS6133: 'Unique' is declared but its value is never read.
src/user/entities/user.entity.ts(1,86): error TS6133: 'UpdateDateColumn' is declared but its value is never read.
src/user/entities/user.entity.ts(6,37): error TS2500: A class can only implement an identifier/qualified-name with optional type arguments.
src/user/entities/user.entity.ts(8,3): error TS2304: Cannot find name 'id'.
src/user/entities/user.entity.ts(8,8): error TS2693: 'string' only refers to a type, but is being used as a value here.
src/user/entities/user.entity.ts(11,10): error TS2693: 'string' only refers to a type, but is being used as a value here.
src/user/entities/user.entity.ts(14,3): error TS2304: Cannot find name 'lastName'.
src/user/entities/user.entity.ts(14,14): error TS2693: 'string' only refers to a type, but is being used as a value here.
src/user/entities/user.entity.ts(18,3): error TS2304: Cannot find name 'email'.
src/user/entities/user.entity.ts(18,11): error TS2693: 'string' only refers to a type, but is being used as a value here.
src/user/entities/user.entity.ts(22,3): error TS2304: Cannot find name 'password'.
src/user/entities/user.entity.ts(22,14): error TS2693: 'string' only refers to a type, but is being used as a value here.
src/user/entities/user.entity.ts(25,3): error TS2304: Cannot find name 'gender'.
src/user/entities/user.entity.ts(25,12): error TS2693: 'string' only refers to a type, but is being used as a value here.
src/user/entities/user.entity.ts(31,3): error TS2304: Cannot find name 'createdAt'.
src/user/entities/user.entity.ts(37,3): error TS2304: Cannot find name 'updatedAt'.
src/user/entities/user.entity.ts(41,3): error TS2304: Cannot find name 'customer'.
src/user/entities/user.entity.ts(7,3): error TS1136: Property assignment expected.
src/user/entities/user.entity.ts(7,28): error TS1146: Declaration expected.
src/user/entities/user.entity.ts(8,6): error TS1005: ';' expected.
src/user/entities/user.entity.ts(10,12): error TS1146: Declaration expected.
src/user/entities/user.entity.ts(11,8): error TS1005: ';' expected.
src/user/entities/user.entity.ts(13,12): error TS1146: Declaration expected.
src/user/entities/user.entity.ts(14,12): error TS1005: ';' expected.
src/user/entities/user.entity.ts(17,21): error TS1146: Declaration expected.
src/user/entities/user.entity.ts(18,9): error TS1005: ';' expected.
src/user/entities/user.entity.ts(21,29): error TS1146: Declaration expected.
src/user/entities/user.entity.ts(22,12): error TS1005: ';' expected.
src/user/entities/user.entity.ts(24,12): error TS1146: Declaration expected.
src/user/entities/user.entity.ts(25,10): error TS1005: ';' expected.
src/user/entities/user.entity.ts(30,22): error TS1146: Declaration expected.
src/user/entities/user.entity.ts(31,13): error TS1005: ';' expected.
src/user/entities/user.entity.ts(36,22): error TS1146: Declaration expected.
src/user/entities/user.entity.ts(37,13): error TS1005: ';' expected.
src/user/entities/user.entity.ts(40,63): error TS1146: Declaration expected.
src/user/entities/user.entity.ts(41,12): error TS1005: ';' expected.
src/user/entities/user.entity.ts(42,1): error TS1128: Declaration or statement expected.

    at Object.<anonymous> (/Users/fernandolba/development/my-commerce/back/src/user/entities/user.entity.ts:1:7)
    at Module._compile (node:internal/modules/cjs/loader:1233:14)
    at Module._compile (/Users/fernandolba/development/my-commerce/back/node_modules/source-map-support/source-map-support.js:568:25)
    at Module.m._compile (/private/var/folders/y2/tl2vlwcd3x1bl4vhnjklflkc0000gn/T/ts-node-dev-hook-17901021885506152.js:69:33)
    at Module._extensions..js (node:internal/modules/cjs/loader:1287:10)
    at require.extensions..jsx.require.extensions..js (/private/var/folders/y2/tl2vlwcd3x1bl4vhnjklflkc0000gn/T/ts-node-dev-hook-17901021885506152.js:114:20)
    at require.extensions.<computed> (/private/var/folders/y2/tl2vlwcd3x1bl4vhnjklflkc0000gn/T/ts-node-dev-hook-17901021885506152.js:71:20)
    at Object.nodeDevHook [as .ts] (/Users/fernandolba/development/my-commerce/back/node_modules/ts-node-dev/lib/hook.js:63:13)
    at Module.load (node:internal/modules/cjs/loader:1091:32)
    at Function.Module._load (node:internal/modules/cjs/loader:938:12)
2023-11-17 22:23:33 error: uncaughtException: ⨯ Unable to compile TypeScript:
src/user/entities/user.entity.ts(6,36): error TS2304: Cannot find name 'User'.

Error: ⨯ Unable to compile TypeScript:
src/user/entities/user.entity.ts(6,36): error TS2304: Cannot find name 'User'.

    at Object.<anonymous> (/Users/fernandolba/development/my-commerce/back/src/user/entities/user.entity.ts:1:7)
    at Module._compile (node:internal/modules/cjs/loader:1233:14)
    at Module._compile (/Users/fernandolba/development/my-commerce/back/node_modules/source-map-support/source-map-support.js:568:25)
    at Module.m._compile (/private/var/folders/y2/tl2vlwcd3x1bl4vhnjklflkc0000gn/T/ts-node-dev-hook-17901021885506152.js:69:33)
    at Module._extensions..js (node:internal/modules/cjs/loader:1287:10)
    at require.extensions..jsx.require.extensions..js (/private/var/folders/y2/tl2vlwcd3x1bl4vhnjklflkc0000gn/T/ts-node-dev-hook-17901021885506152.js:114:20)
    at require.extensions.<computed> (/private/var/folders/y2/tl2vlwcd3x1bl4vhnjklflkc0000gn/T/ts-node-dev-hook-17901021885506152.js:71:20)
    at Object.nodeDevHook [as .ts] (/Users/fernandolba/development/my-commerce/back/node_modules/ts-node-dev/lib/hook.js:63:13)
    at Module.load (node:internal/modules/cjs/loader:1091:32)
    at Function.Module._load (node:internal/modules/cjs/loader:938:12)
