2023-11-23 16:25:03 error: uncaughtException: listen EADDRINUSE: address already in use :::3001
Error: listen EADDRINUSE: address already in use :::3001
    at Server.setupListenHandle [as _listen2] (node:net:1872:16)
    at listenInCluster (node:net:1920:12)
    at Server.listen (node:net:2008:7)
    at Function.listen (/Users/fernandolba/development/my-commerce/back/node_modules/express/lib/application.js:635:24)
    at App.listen (/Users/fernandolba/development/my-commerce/back/src/app.ts:106:14)
    at Object.<anonymous> (/Users/fernandolba/development/my-commerce/back/src/index.ts:14:5)
    at Module._compile (node:internal/modules/cjs/loader:1233:14)
    at Module._compile (/Users/fernandolba/development/my-commerce/back/node_modules/source-map-support/source-map-support.js:568:25)
    at Module.m._compile (/private/var/folders/y2/tl2vlwcd3x1bl4vhnjklflkc0000gn/T/ts-node-dev-hook-5670413575530275.js:69:33)
    at Module._extensions..js (node:internal/modules/cjs/loader:1287:10)
2023-11-23 16:27:47 error: uncaughtException: listen EADDRINUSE: address already in use :::3001
Error: listen EADDRINUSE: address already in use :::3001
    at Server.setupListenHandle [as _listen2] (node:net:1872:16)
    at listenInCluster (node:net:1920:12)
    at Server.listen (node:net:2008:7)
    at Function.listen (/Users/fernandolba/development/my-commerce/back/node_modules/express/lib/application.js:635:24)
    at App.listen (/Users/fernandolba/development/my-commerce/back/src/app.ts:106:14)
    at Object.<anonymous> (/Users/fernandolba/development/my-commerce/back/src/index.ts:14:5)
    at Module._compile (node:internal/modules/cjs/loader:1233:14)
    at Module._compile (/Users/fernandolba/development/my-commerce/back/node_modules/source-map-support/source-map-support.js:568:25)
    at Module.m._compile (/private/var/folders/y2/tl2vlwcd3x1bl4vhnjklflkc0000gn/T/ts-node-dev-hook-6820584610324871.js:69:33)
    at Module._extensions..js (node:internal/modules/cjs/loader:1287:10)
2023-11-23 17:15:59 error: uncaughtException: listen EADDRINUSE: address already in use :::3001
Error: listen EADDRINUSE: address already in use :::3001
    at Server.setupListenHandle [as _listen2] (node:net:1872:16)
    at listenInCluster (node:net:1920:12)
    at Server.listen (node:net:2008:7)
    at Function.listen (/Users/fernandolba/development/my-commerce/back/node_modules/express/lib/application.js:635:24)
    at App.listen (/Users/fernandolba/development/my-commerce/back/src/app.ts:106:14)
    at Object.<anonymous> (/Users/fernandolba/development/my-commerce/back/src/index.ts:14:5)
    at Module._compile (node:internal/modules/cjs/loader:1233:14)
    at Module._compile (/Users/fernandolba/development/my-commerce/back/node_modules/source-map-support/source-map-support.js:568:25)
    at Module.m._compile (/private/var/folders/y2/tl2vlwcd3x1bl4vhnjklflkc0000gn/T/ts-node-dev-hook-23046519934274867.js:69:33)
    at Module._extensions..js (node:internal/modules/cjs/loader:1287:10)
2023-11-23 17:16:08 error: uncaughtException: listen EADDRINUSE: address already in use :::3001
Error: listen EADDRINUSE: address already in use :::3001
    at Server.setupListenHandle [as _listen2] (node:net:1872:16)
    at listenInCluster (node:net:1920:12)
    at Server.listen (node:net:2008:7)
    at Function.listen (/Users/fernandolba/development/my-commerce/back/node_modules/express/lib/application.js:635:24)
    at App.listen (/Users/fernandolba/development/my-commerce/back/src/app.ts:106:14)
    at Object.<anonymous> (/Users/fernandolba/development/my-commerce/back/src/index.ts:14:5)
    at Module._compile (node:internal/modules/cjs/loader:1233:14)
    at Module._compile (/Users/fernandolba/development/my-commerce/back/node_modules/source-map-support/source-map-support.js:568:25)
    at Module.m._compile (/private/var/folders/y2/tl2vlwcd3x1bl4vhnjklflkc0000gn/T/ts-node-dev-hook-08346157688275069.js:69:33)
    at Module._extensions..js (node:internal/modules/cjs/loader:1287:10)
2023-11-23 20:50:34 error: ER_BAD_FIELD_ERROR: Unknown column 'UserEntity.role' in 'field list'
2023-11-23 20:50:37 error: ER_BAD_FIELD_ERROR: Unknown column 'UserEntity.role' in 'field list'
2023-11-23 20:50:38 error: ER_BAD_FIELD_ERROR: Unknown column 'UserEntity.role' in 'field list'
2023-11-23 20:50:39 error: ER_BAD_FIELD_ERROR: Unknown column 'UserEntity.role' in 'field list'
2023-11-23 20:52:37 error: ER_BAD_FIELD_ERROR: Unknown column 'UserEntity.role' in 'field list'
2023-11-23 20:52:38 error: ER_BAD_FIELD_ERROR: Unknown column 'UserEntity.role' in 'field list'
2023-11-23 20:53:01 error: uncaughtException: ER_TABLE_EXISTS_ERROR: Table 'testimonial_usage' already exists
QueryFailedError: ER_TABLE_EXISTS_ERROR: Table 'testimonial_usage' already exists
    at Query.<anonymous> (/Users/fernandolba/development/my-commerce/back/src/driver/mysql/MysqlQueryRunner.ts:222:33)
    at Query.<anonymous> (/Users/fernandolba/development/my-commerce/back/node_modules/mysql/lib/Connection.js:526:10)
    at Query._callback (/Users/fernandolba/development/my-commerce/back/node_modules/mysql/lib/Connection.js:488:16)
    at Query.Sequence.end (/Users/fernandolba/development/my-commerce/back/node_modules/mysql/lib/protocol/sequences/Sequence.js:83:24)
    at Query.ErrorPacket (/Users/fernandolba/development/my-commerce/back/node_modules/mysql/lib/protocol/sequences/Query.js:92:8)
    at Protocol._parsePacket (/Users/fernandolba/development/my-commerce/back/node_modules/mysql/lib/protocol/Protocol.js:291:23)
    at Parser._parsePacket (/Users/fernandolba/development/my-commerce/back/node_modules/mysql/lib/protocol/Parser.js:433:10)
    at Parser.write (/Users/fernandolba/development/my-commerce/back/node_modules/mysql/lib/protocol/Parser.js:43:10)
    at Protocol.write (/Users/fernandolba/development/my-commerce/back/node_modules/mysql/lib/protocol/Protocol.js:38:16)
    at Socket.<anonymous> (/Users/fernandolba/development/my-commerce/back/node_modules/mysql/lib/Connection.js:88:28)
2023-11-23 20:53:01 error: uncaughtException: ER_TABLE_EXISTS_ERROR: Table 'testimonial_usage' already exists
QueryFailedError: ER_TABLE_EXISTS_ERROR: Table 'testimonial_usage' already exists
    at Query.<anonymous> (/Users/fernandolba/development/my-commerce/back/src/driver/mysql/MysqlQueryRunner.ts:222:33)
    at Query.<anonymous> (/Users/fernandolba/development/my-commerce/back/node_modules/mysql/lib/Connection.js:526:10)
    at Query._callback (/Users/fernandolba/development/my-commerce/back/node_modules/mysql/lib/Connection.js:488:16)
    at Query.Sequence.end (/Users/fernandolba/development/my-commerce/back/node_modules/mysql/lib/protocol/sequences/Sequence.js:83:24)
    at Query.ErrorPacket (/Users/fernandolba/development/my-commerce/back/node_modules/mysql/lib/protocol/sequences/Query.js:92:8)
    at Protocol._parsePacket (/Users/fernandolba/development/my-commerce/back/node_modules/mysql/lib/protocol/Protocol.js:291:23)
    at Parser._parsePacket (/Users/fernandolba/development/my-commerce/back/node_modules/mysql/lib/protocol/Parser.js:433:10)
    at Parser.write (/Users/fernandolba/development/my-commerce/back/node_modules/mysql/lib/protocol/Parser.js:43:10)
    at Protocol.write (/Users/fernandolba/development/my-commerce/back/node_modules/mysql/lib/protocol/Protocol.js:38:16)
    at Socket.<anonymous> (/Users/fernandolba/development/my-commerce/back/node_modules/mysql/lib/Connection.js:88:28)
2023-11-23 20:55:12 error: uncaughtException: ER_TABLE_EXISTS_ERROR: Table 'testimonial_usage' already exists
QueryFailedError: ER_TABLE_EXISTS_ERROR: Table 'testimonial_usage' already exists
    at Query.<anonymous> (/Users/fernandolba/development/my-commerce/back/src/driver/mysql/MysqlQueryRunner.ts:222:33)
    at Query.<anonymous> (/Users/fernandolba/development/my-commerce/back/node_modules/mysql/lib/Connection.js:526:10)
    at Query._callback (/Users/fernandolba/development/my-commerce/back/node_modules/mysql/lib/Connection.js:488:16)
    at Query.Sequence.end (/Users/fernandolba/development/my-commerce/back/node_modules/mysql/lib/protocol/sequences/Sequence.js:83:24)
    at Query.ErrorPacket (/Users/fernandolba/development/my-commerce/back/node_modules/mysql/lib/protocol/sequences/Query.js:92:8)
    at Protocol._parsePacket (/Users/fernandolba/development/my-commerce/back/node_modules/mysql/lib/protocol/Protocol.js:291:23)
    at Parser._parsePacket (/Users/fernandolba/development/my-commerce/back/node_modules/mysql/lib/protocol/Parser.js:433:10)
    at Parser.write (/Users/fernandolba/development/my-commerce/back/node_modules/mysql/lib/protocol/Parser.js:43:10)
    at Protocol.write (/Users/fernandolba/development/my-commerce/back/node_modules/mysql/lib/protocol/Protocol.js:38:16)
    at Socket.<anonymous> (/Users/fernandolba/development/my-commerce/back/node_modules/mysql/lib/Connection.js:88:28)
2023-11-23 20:55:12 error: uncaughtException: Cannot execute operation on "default" connection because connection is not yet established.
CannotExecuteNotConnectedError: Cannot execute operation on "default" connection because connection is not yet established.
    at DataSource.destroy (/Users/fernandolba/development/my-commerce/back/src/data-source/DataSource.ts:302:19)
    at DataSource.initialize (/Users/fernandolba/development/my-commerce/back/src/data-source/DataSource.ts:277:24)
    at processTicksAndRejections (node:internal/process/task_queues:95:5)
    at UserService.initRepository (/Users/fernandolba/development/my-commerce/back/src/config/base.service.ts:27:24)
2023-11-23 20:57:25 error: uncaughtException: Cannot execute operation on "default" connection because connection is not yet established.
CannotExecuteNotConnectedError: Cannot execute operation on "default" connection because connection is not yet established.
    at DataSource.destroy (/Users/fernandolba/development/my-commerce/back/src/data-source/DataSource.ts:302:19)
    at DataSource.initialize (/Users/fernandolba/development/my-commerce/back/src/data-source/DataSource.ts:277:24)
    at processTicksAndRejections (node:internal/process/task_queues:95:5)
    at UserService.initRepository (/Users/fernandolba/development/my-commerce/back/src/config/base.service.ts:27:24)
2023-11-23 20:57:25 error: uncaughtException: ER_TABLE_EXISTS_ERROR: Table 'testimonial_usage' already exists
QueryFailedError: ER_TABLE_EXISTS_ERROR: Table 'testimonial_usage' already exists
    at Query.<anonymous> (/Users/fernandolba/development/my-commerce/back/src/driver/mysql/MysqlQueryRunner.ts:222:33)
    at Query.<anonymous> (/Users/fernandolba/development/my-commerce/back/node_modules/mysql/lib/Connection.js:526:10)
    at Query._callback (/Users/fernandolba/development/my-commerce/back/node_modules/mysql/lib/Connection.js:488:16)
    at Query.Sequence.end (/Users/fernandolba/development/my-commerce/back/node_modules/mysql/lib/protocol/sequences/Sequence.js:83:24)
    at Query.ErrorPacket (/Users/fernandolba/development/my-commerce/back/node_modules/mysql/lib/protocol/sequences/Query.js:92:8)
    at Protocol._parsePacket (/Users/fernandolba/development/my-commerce/back/node_modules/mysql/lib/protocol/Protocol.js:291:23)
    at Parser._parsePacket (/Users/fernandolba/development/my-commerce/back/node_modules/mysql/lib/protocol/Parser.js:433:10)
    at Parser.write (/Users/fernandolba/development/my-commerce/back/node_modules/mysql/lib/protocol/Parser.js:43:10)
    at Protocol.write (/Users/fernandolba/development/my-commerce/back/node_modules/mysql/lib/protocol/Protocol.js:38:16)
    at Socket.<anonymous> (/Users/fernandolba/development/my-commerce/back/node_modules/mysql/lib/Connection.js:88:28)
2023-11-23 20:59:38 error: uncaughtException: ER_TABLE_EXISTS_ERROR: Table 'testimonial_usage' already exists
QueryFailedError: ER_TABLE_EXISTS_ERROR: Table 'testimonial_usage' already exists
    at Query.<anonymous> (/Users/fernandolba/development/my-commerce/back/src/driver/mysql/MysqlQueryRunner.ts:222:33)
    at Query.<anonymous> (/Users/fernandolba/development/my-commerce/back/node_modules/mysql/lib/Connection.js:526:10)
    at Query._callback (/Users/fernandolba/development/my-commerce/back/node_modules/mysql/lib/Connection.js:488:16)
    at Query.Sequence.end (/Users/fernandolba/development/my-commerce/back/node_modules/mysql/lib/protocol/sequences/Sequence.js:83:24)
    at Query.ErrorPacket (/Users/fernandolba/development/my-commerce/back/node_modules/mysql/lib/protocol/sequences/Query.js:92:8)
    at Protocol._parsePacket (/Users/fernandolba/development/my-commerce/back/node_modules/mysql/lib/protocol/Protocol.js:291:23)
    at Parser._parsePacket (/Users/fernandolba/development/my-commerce/back/node_modules/mysql/lib/protocol/Parser.js:433:10)
    at Parser.write (/Users/fernandolba/development/my-commerce/back/node_modules/mysql/lib/protocol/Parser.js:43:10)
    at Protocol.write (/Users/fernandolba/development/my-commerce/back/node_modules/mysql/lib/protocol/Protocol.js:38:16)
    at Socket.<anonymous> (/Users/fernandolba/development/my-commerce/back/node_modules/mysql/lib/Connection.js:88:28)
2023-11-23 20:59:38 error: uncaughtException: Cannot execute operation on "default" connection because connection is not yet established.
CannotExecuteNotConnectedError: Cannot execute operation on "default" connection because connection is not yet established.
    at DataSource.destroy (/Users/fernandolba/development/my-commerce/back/src/data-source/DataSource.ts:302:19)
    at DataSource.initialize (/Users/fernandolba/development/my-commerce/back/src/data-source/DataSource.ts:277:24)
    at processTicksAndRejections (node:internal/process/task_queues:95:5)
    at UserService.initRepository (/Users/fernandolba/development/my-commerce/back/src/config/base.service.ts:27:24)
2023-11-23 21:01:32 error: uncaughtException: Cannot execute operation on "default" connection because connection is not yet established.
CannotExecuteNotConnectedError: Cannot execute operation on "default" connection because connection is not yet established.
    at DataSource.destroy (/Users/fernandolba/development/my-commerce/back/src/data-source/DataSource.ts:302:19)
    at DataSource.initialize (/Users/fernandolba/development/my-commerce/back/src/data-source/DataSource.ts:277:24)
    at processTicksAndRejections (node:internal/process/task_queues:95:5)
    at CustomerService.initRepository (/Users/fernandolba/development/my-commerce/back/src/config/base.service.ts:27:24)
2023-11-23 21:01:32 error: uncaughtException: ER_TABLE_EXISTS_ERROR: Table 'testimonial_usage' already exists
QueryFailedError: ER_TABLE_EXISTS_ERROR: Table 'testimonial_usage' already exists
    at Query.<anonymous> (/Users/fernandolba/development/my-commerce/back/src/driver/mysql/MysqlQueryRunner.ts:222:33)
    at Query.<anonymous> (/Users/fernandolba/development/my-commerce/back/node_modules/mysql/lib/Connection.js:526:10)
    at Query._callback (/Users/fernandolba/development/my-commerce/back/node_modules/mysql/lib/Connection.js:488:16)
    at Query.Sequence.end (/Users/fernandolba/development/my-commerce/back/node_modules/mysql/lib/protocol/sequences/Sequence.js:83:24)
    at Query.ErrorPacket (/Users/fernandolba/development/my-commerce/back/node_modules/mysql/lib/protocol/sequences/Query.js:92:8)
    at Protocol._parsePacket (/Users/fernandolba/development/my-commerce/back/node_modules/mysql/lib/protocol/Protocol.js:291:23)
    at Parser._parsePacket (/Users/fernandolba/development/my-commerce/back/node_modules/mysql/lib/protocol/Parser.js:433:10)
    at Parser.write (/Users/fernandolba/development/my-commerce/back/node_modules/mysql/lib/protocol/Parser.js:43:10)
    at Protocol.write (/Users/fernandolba/development/my-commerce/back/node_modules/mysql/lib/protocol/Protocol.js:38:16)
    at Socket.<anonymous> (/Users/fernandolba/development/my-commerce/back/node_modules/mysql/lib/Connection.js:88:28)
2023-11-23 21:03:50 error: uncaughtException: listen EADDRINUSE: address already in use :::3001
Error: listen EADDRINUSE: address already in use :::3001
    at Server.setupListenHandle [as _listen2] (node:net:1872:16)
    at listenInCluster (node:net:1920:12)
    at Server.listen (node:net:2008:7)
    at Function.listen (/Users/fernandolba/development/my-commerce/back/node_modules/express/lib/application.js:635:24)
    at App.listen (/Users/fernandolba/development/my-commerce/back/src/app.ts:106:14)
    at Object.<anonymous> (/Users/fernandolba/development/my-commerce/back/src/index.ts:14:5)
    at Module._compile (node:internal/modules/cjs/loader:1233:14)
    at Module._compile (/Users/fernandolba/development/my-commerce/back/node_modules/source-map-support/source-map-support.js:568:25)
    at Module.m._compile (/private/var/folders/y2/tl2vlwcd3x1bl4vhnjklflkc0000gn/T/ts-node-dev-hook-1530214516921804.js:69:33)
    at Module._extensions..js (node:internal/modules/cjs/loader:1287:10)
2023-11-23 21:09:01 error: uncaughtException: ER_TABLE_EXISTS_ERROR: Table 'testimonial_usage' already exists
QueryFailedError: ER_TABLE_EXISTS_ERROR: Table 'testimonial_usage' already exists
    at Query.<anonymous> (/Users/fernandolba/development/my-commerce/back/src/driver/mysql/MysqlQueryRunner.ts:222:33)
    at Query.<anonymous> (/Users/fernandolba/development/my-commerce/back/node_modules/mysql/lib/Connection.js:526:10)
    at Query._callback (/Users/fernandolba/development/my-commerce/back/node_modules/mysql/lib/Connection.js:488:16)
    at Query.Sequence.end (/Users/fernandolba/development/my-commerce/back/node_modules/mysql/lib/protocol/sequences/Sequence.js:83:24)
    at Query.ErrorPacket (/Users/fernandolba/development/my-commerce/back/node_modules/mysql/lib/protocol/sequences/Query.js:92:8)
    at Protocol._parsePacket (/Users/fernandolba/development/my-commerce/back/node_modules/mysql/lib/protocol/Protocol.js:291:23)
    at Parser._parsePacket (/Users/fernandolba/development/my-commerce/back/node_modules/mysql/lib/protocol/Parser.js:433:10)
    at Parser.write (/Users/fernandolba/development/my-commerce/back/node_modules/mysql/lib/protocol/Parser.js:43:10)
    at Protocol.write (/Users/fernandolba/development/my-commerce/back/node_modules/mysql/lib/protocol/Protocol.js:38:16)
    at Socket.<anonymous> (/Users/fernandolba/development/my-commerce/back/node_modules/mysql/lib/Connection.js:88:28)
2023-11-23 21:09:01 error: uncaughtException: ER_TABLE_EXISTS_ERROR: Table 'testimonial_usage' already exists
QueryFailedError: ER_TABLE_EXISTS_ERROR: Table 'testimonial_usage' already exists
    at Query.<anonymous> (/Users/fernandolba/development/my-commerce/back/src/driver/mysql/MysqlQueryRunner.ts:222:33)
    at Query.<anonymous> (/Users/fernandolba/development/my-commerce/back/node_modules/mysql/lib/Connection.js:526:10)
    at Query._callback (/Users/fernandolba/development/my-commerce/back/node_modules/mysql/lib/Connection.js:488:16)
    at Query.Sequence.end (/Users/fernandolba/development/my-commerce/back/node_modules/mysql/lib/protocol/sequences/Sequence.js:83:24)
    at Query.ErrorPacket (/Users/fernandolba/development/my-commerce/back/node_modules/mysql/lib/protocol/sequences/Query.js:92:8)
    at Protocol._parsePacket (/Users/fernandolba/development/my-commerce/back/node_modules/mysql/lib/protocol/Protocol.js:291:23)
    at Parser._parsePacket (/Users/fernandolba/development/my-commerce/back/node_modules/mysql/lib/protocol/Parser.js:433:10)
    at Parser.write (/Users/fernandolba/development/my-commerce/back/node_modules/mysql/lib/protocol/Parser.js:43:10)
    at Protocol.write (/Users/fernandolba/development/my-commerce/back/node_modules/mysql/lib/protocol/Protocol.js:38:16)
    at Socket.<anonymous> (/Users/fernandolba/development/my-commerce/back/node_modules/mysql/lib/Connection.js:88:28)
2023-11-23 21:09:13 error: uncaughtException: ⨯ Unable to compile TypeScript:
src/migrations/1681853011577-initialMigration.ts(6,19): error TS6133: 'queryRunner' is declared but its value is never read.

Error: ⨯ Unable to compile TypeScript:
src/migrations/1681853011577-initialMigration.ts(6,19): error TS6133: 'queryRunner' is declared but its value is never read.

    at Object.<anonymous> (/Users/fernandolba/development/my-commerce/back/src/migrations/1681853011577-initialMigration.ts:1:7)
    at Module._compile (node:internal/modules/cjs/loader:1233:14)
    at Module._compile (/Users/fernandolba/development/my-commerce/back/node_modules/source-map-support/source-map-support.js:568:25)
    at Module.m._compile (/private/var/folders/y2/tl2vlwcd3x1bl4vhnjklflkc0000gn/T/ts-node-dev-hook-6885511287488932.js:69:33)
    at Module._extensions..js (node:internal/modules/cjs/loader:1287:10)
    at require.extensions..jsx.require.extensions..js (/private/var/folders/y2/tl2vlwcd3x1bl4vhnjklflkc0000gn/T/ts-node-dev-hook-6885511287488932.js:114:20)
    at require.extensions.<computed> (/private/var/folders/y2/tl2vlwcd3x1bl4vhnjklflkc0000gn/T/ts-node-dev-hook-6885511287488932.js:71:20)
    at Object.nodeDevHook [as .ts] (/Users/fernandolba/development/my-commerce/back/node_modules/ts-node-dev/lib/hook.js:63:13)
    at Module.load (node:internal/modules/cjs/loader:1091:32)
    at Function.Module._load (node:internal/modules/cjs/loader:938:12)
2023-11-23 21:09:13 error: uncaughtException: write EPIPE
Error: write EPIPE
    at process.target._send (node:internal/child_process:879:20)
    at process.target.send (node:internal/child_process:752:19)
    at Object.exports.send (/Users/fernandolba/development/my-commerce/back/node_modules/ts-node-dev/lib/ipc.js:17:14)
    at /Users/fernandolba/development/my-commerce/back/node_modules/ts-node-dev/lib/wrap.js:88:9
    at Object.nodeDevHook [as .ts] (/Users/fernandolba/development/my-commerce/back/node_modules/ts-node-dev/lib/hook.js:61:17)
    at Module.load (node:internal/modules/cjs/loader:1091:32)
    at Function.Module._load (node:internal/modules/cjs/loader:938:12)
    at Module.require (node:internal/modules/cjs/loader:1115:19)
    at require (node:internal/modules/helpers:130:18)
    at tryToRequire (/Users/fernandolba/development/my-commerce/back/src/util/ImportUtils.ts:21:17)
2023-11-23 21:09:13 error: uncaughtException: write EPIPE
Error: write EPIPE
    at process.target._send (node:internal/child_process:879:20)
    at process.target.send (node:internal/child_process:752:19)
    at compile (/private/var/folders/y2/tl2vlwcd3x1bl4vhnjklflkc0000gn/T/ts-node-dev-hook-6885511287488932.js:46:21)
    at Module.m._compile (/private/var/folders/y2/tl2vlwcd3x1bl4vhnjklflkc0000gn/T/ts-node-dev-hook-6885511287488932.js:69:44)
    at Module._extensions..js (node:internal/modules/cjs/loader:1287:10)
    at require.extensions..jsx.require.extensions..js (/private/var/folders/y2/tl2vlwcd3x1bl4vhnjklflkc0000gn/T/ts-node-dev-hook-6885511287488932.js:114:20)
    at require.extensions.<computed> (/private/var/folders/y2/tl2vlwcd3x1bl4vhnjklflkc0000gn/T/ts-node-dev-hook-6885511287488932.js:71:20)
    at Object.nodeDevHook [as .ts] (/Users/fernandolba/development/my-commerce/back/node_modules/ts-node-dev/lib/hook.js:63:13)
    at Module.load (node:internal/modules/cjs/loader:1091:32)
    at Function.Module._load (node:internal/modules/cjs/loader:938:12)
2023-11-23 21:09:13 error: uncaughtException: ⨯ Unable to compile TypeScript:
src/migrations/1681853011577-initialMigration.ts(6,19): error TS6133: 'queryRunner' is declared but its value is never read.

Error: ⨯ Unable to compile TypeScript:
src/migrations/1681853011577-initialMigration.ts(6,19): error TS6133: 'queryRunner' is declared but its value is never read.

    at Object.<anonymous> (/Users/fernandolba/development/my-commerce/back/src/migrations/1681853011577-initialMigration.ts:1:7)
    at Module._compile (node:internal/modules/cjs/loader:1233:14)
    at Module._compile (/Users/fernandolba/development/my-commerce/back/node_modules/source-map-support/source-map-support.js:568:25)
    at Module.m._compile (/private/var/folders/y2/tl2vlwcd3x1bl4vhnjklflkc0000gn/T/ts-node-dev-hook-6885511287488932.js:69:33)
    at Module._extensions..js (node:internal/modules/cjs/loader:1287:10)
    at require.extensions..jsx.require.extensions..js (/private/var/folders/y2/tl2vlwcd3x1bl4vhnjklflkc0000gn/T/ts-node-dev-hook-6885511287488932.js:114:20)
    at require.extensions.<computed> (/private/var/folders/y2/tl2vlwcd3x1bl4vhnjklflkc0000gn/T/ts-node-dev-hook-6885511287488932.js:71:20)
    at Object.nodeDevHook [as .ts] (/Users/fernandolba/development/my-commerce/back/node_modules/ts-node-dev/lib/hook.js:63:13)
    at Module.load (node:internal/modules/cjs/loader:1091:32)
    at Function.Module._load (node:internal/modules/cjs/loader:938:12)
2023-11-23 21:09:17 error: uncaughtException: ⨯ Unable to compile TypeScript:
src/migrations/1681853011577-initialMigration.ts(6,19): error TS6133: 'queryRunner' is declared but its value is never read.

Error: ⨯ Unable to compile TypeScript:
src/migrations/1681853011577-initialMigration.ts(6,19): error TS6133: 'queryRunner' is declared but its value is never read.

    at Object.<anonymous> (/Users/fernandolba/development/my-commerce/back/src/migrations/1681853011577-initialMigration.ts:1:7)
    at Module._compile (node:internal/modules/cjs/loader:1233:14)
    at Module._compile (/Users/fernandolba/development/my-commerce/back/node_modules/source-map-support/source-map-support.js:568:25)
    at Module.m._compile (/private/var/folders/y2/tl2vlwcd3x1bl4vhnjklflkc0000gn/T/ts-node-dev-hook-6885511287488932.js:69:33)
    at Module._extensions..js (node:internal/modules/cjs/loader:1287:10)
    at require.extensions..jsx.require.extensions..js (/private/var/folders/y2/tl2vlwcd3x1bl4vhnjklflkc0000gn/T/ts-node-dev-hook-6885511287488932.js:114:20)
    at require.extensions.<computed> (/private/var/folders/y2/tl2vlwcd3x1bl4vhnjklflkc0000gn/T/ts-node-dev-hook-6885511287488932.js:71:20)
    at Object.nodeDevHook [as .ts] (/Users/fernandolba/development/my-commerce/back/node_modules/ts-node-dev/lib/hook.js:63:13)
    at Module.load (node:internal/modules/cjs/loader:1091:32)
    at Function.Module._load (node:internal/modules/cjs/loader:938:12)
2023-11-23 21:09:17 error: uncaughtException: write EPIPE
Error: write EPIPE
    at process.target._send (node:internal/child_process:879:20)
    at process.target.send (node:internal/child_process:752:19)
    at Object.exports.send (/Users/fernandolba/development/my-commerce/back/node_modules/ts-node-dev/lib/ipc.js:17:14)
    at /Users/fernandolba/development/my-commerce/back/node_modules/ts-node-dev/lib/wrap.js:88:9
    at Object.nodeDevHook [as .ts] (/Users/fernandolba/development/my-commerce/back/node_modules/ts-node-dev/lib/hook.js:61:17)
    at Module.load (node:internal/modules/cjs/loader:1091:32)
    at Function.Module._load (node:internal/modules/cjs/loader:938:12)
    at Module.require (node:internal/modules/cjs/loader:1115:19)
    at require (node:internal/modules/helpers:130:18)
    at tryToRequire (/Users/fernandolba/development/my-commerce/back/src/util/ImportUtils.ts:21:17)
2023-11-23 21:09:17 error: uncaughtException: write EPIPE
Error: write EPIPE
    at process.target._send (node:internal/child_process:879:20)
    at process.target.send (node:internal/child_process:752:19)
    at compile (/private/var/folders/y2/tl2vlwcd3x1bl4vhnjklflkc0000gn/T/ts-node-dev-hook-6885511287488932.js:46:21)
    at Module.m._compile (/private/var/folders/y2/tl2vlwcd3x1bl4vhnjklflkc0000gn/T/ts-node-dev-hook-6885511287488932.js:69:44)
    at Module._extensions..js (node:internal/modules/cjs/loader:1287:10)
    at require.extensions..jsx.require.extensions..js (/private/var/folders/y2/tl2vlwcd3x1bl4vhnjklflkc0000gn/T/ts-node-dev-hook-6885511287488932.js:114:20)
    at require.extensions.<computed> (/private/var/folders/y2/tl2vlwcd3x1bl4vhnjklflkc0000gn/T/ts-node-dev-hook-6885511287488932.js:71:20)
    at Object.nodeDevHook [as .ts] (/Users/fernandolba/development/my-commerce/back/node_modules/ts-node-dev/lib/hook.js:63:13)
    at Module.load (node:internal/modules/cjs/loader:1091:32)
    at Function.Module._load (node:internal/modules/cjs/loader:938:12)
2023-11-23 21:09:17 error: uncaughtException: Cannot execute operation on "default" connection because connection is not yet established.
CannotExecuteNotConnectedError: Cannot execute operation on "default" connection because connection is not yet established.
    at DataSource.destroy (/Users/fernandolba/development/my-commerce/back/src/data-source/DataSource.ts:302:19)
    at DataSource.initialize (/Users/fernandolba/development/my-commerce/back/src/data-source/DataSource.ts:277:24)
    at UserService.initRepository (/Users/fernandolba/development/my-commerce/back/src/config/base.service.ts:27:24)
2023-11-23 21:09:21 error: uncaughtException: ⨯ Unable to compile TypeScript:
src/migrations/1681853011577-initialMigration.ts(6,19): error TS6133: 'queryRunner' is declared but its value is never read.

Error: ⨯ Unable to compile TypeScript:
src/migrations/1681853011577-initialMigration.ts(6,19): error TS6133: 'queryRunner' is declared but its value is never read.

    at Object.<anonymous> (/Users/fernandolba/development/my-commerce/back/src/migrations/1681853011577-initialMigration.ts:1:7)
    at Module._compile (node:internal/modules/cjs/loader:1233:14)
    at Module._compile (/Users/fernandolba/development/my-commerce/back/node_modules/source-map-support/source-map-support.js:568:25)
    at Module.m._compile (/private/var/folders/y2/tl2vlwcd3x1bl4vhnjklflkc0000gn/T/ts-node-dev-hook-6885511287488932.js:69:33)
    at Module._extensions..js (node:internal/modules/cjs/loader:1287:10)
    at require.extensions..jsx.require.extensions..js (/private/var/folders/y2/tl2vlwcd3x1bl4vhnjklflkc0000gn/T/ts-node-dev-hook-6885511287488932.js:114:20)
    at require.extensions.<computed> (/private/var/folders/y2/tl2vlwcd3x1bl4vhnjklflkc0000gn/T/ts-node-dev-hook-6885511287488932.js:71:20)
    at Object.nodeDevHook [as .ts] (/Users/fernandolba/development/my-commerce/back/node_modules/ts-node-dev/lib/hook.js:63:13)
    at Module.load (node:internal/modules/cjs/loader:1091:32)
    at Function.Module._load (node:internal/modules/cjs/loader:938:12)
2023-11-23 21:09:21 error: uncaughtException: write EPIPE
Error: write EPIPE
    at process.target._send (node:internal/child_process:879:20)
    at process.target.send (node:internal/child_process:752:19)
    at Object.exports.send (/Users/fernandolba/development/my-commerce/back/node_modules/ts-node-dev/lib/ipc.js:17:14)
    at /Users/fernandolba/development/my-commerce/back/node_modules/ts-node-dev/lib/wrap.js:88:9
    at Object.nodeDevHook [as .ts] (/Users/fernandolba/development/my-commerce/back/node_modules/ts-node-dev/lib/hook.js:61:17)
    at Module.load (node:internal/modules/cjs/loader:1091:32)
    at Function.Module._load (node:internal/modules/cjs/loader:938:12)
    at Module.require (node:internal/modules/cjs/loader:1115:19)
    at require (node:internal/modules/helpers:130:18)
    at tryToRequire (/Users/fernandolba/development/my-commerce/back/src/util/ImportUtils.ts:21:17)
2023-11-23 21:09:21 error: uncaughtException: write EPIPE
Error: write EPIPE
    at process.target._send (node:internal/child_process:879:20)
    at process.target.send (node:internal/child_process:752:19)
    at compile (/private/var/folders/y2/tl2vlwcd3x1bl4vhnjklflkc0000gn/T/ts-node-dev-hook-6885511287488932.js:46:21)
    at Module.m._compile (/private/var/folders/y2/tl2vlwcd3x1bl4vhnjklflkc0000gn/T/ts-node-dev-hook-6885511287488932.js:69:44)
    at Module._extensions..js (node:internal/modules/cjs/loader:1287:10)
    at require.extensions..jsx.require.extensions..js (/private/var/folders/y2/tl2vlwcd3x1bl4vhnjklflkc0000gn/T/ts-node-dev-hook-6885511287488932.js:114:20)
    at require.extensions.<computed> (/private/var/folders/y2/tl2vlwcd3x1bl4vhnjklflkc0000gn/T/ts-node-dev-hook-6885511287488932.js:71:20)
    at Object.nodeDevHook [as .ts] (/Users/fernandolba/development/my-commerce/back/node_modules/ts-node-dev/lib/hook.js:63:13)
    at Module.load (node:internal/modules/cjs/loader:1091:32)
    at Function.Module._load (node:internal/modules/cjs/loader:938:12)
2023-11-23 21:09:21 error: uncaughtException: ⨯ Unable to compile TypeScript:
src/migrations/1681853011577-initialMigration.ts(6,19): error TS6133: 'queryRunner' is declared but its value is never read.

Error: ⨯ Unable to compile TypeScript:
src/migrations/1681853011577-initialMigration.ts(6,19): error TS6133: 'queryRunner' is declared but its value is never read.

    at Object.<anonymous> (/Users/fernandolba/development/my-commerce/back/src/migrations/1681853011577-initialMigration.ts:1:7)
    at Module._compile (node:internal/modules/cjs/loader:1233:14)
    at Module._compile (/Users/fernandolba/development/my-commerce/back/node_modules/source-map-support/source-map-support.js:568:25)
    at Module.m._compile (/private/var/folders/y2/tl2vlwcd3x1bl4vhnjklflkc0000gn/T/ts-node-dev-hook-6885511287488932.js:69:33)
    at Module._extensions..js (node:internal/modules/cjs/loader:1287:10)
    at require.extensions..jsx.require.extensions..js (/private/var/folders/y2/tl2vlwcd3x1bl4vhnjklflkc0000gn/T/ts-node-dev-hook-6885511287488932.js:114:20)
    at require.extensions.<computed> (/private/var/folders/y2/tl2vlwcd3x1bl4vhnjklflkc0000gn/T/ts-node-dev-hook-6885511287488932.js:71:20)
    at Object.nodeDevHook [as .ts] (/Users/fernandolba/development/my-commerce/back/node_modules/ts-node-dev/lib/hook.js:63:13)
    at Module.load (node:internal/modules/cjs/loader:1091:32)
    at Function.Module._load (node:internal/modules/cjs/loader:938:12)
2023-11-23 21:09:24 error: uncaughtException: ⨯ Unable to compile TypeScript:
src/migrations/1681853011577-initialMigration.ts(6,19): error TS6133: 'queryRunner' is declared but its value is never read.

Error: ⨯ Unable to compile TypeScript:
src/migrations/1681853011577-initialMigration.ts(6,19): error TS6133: 'queryRunner' is declared but its value is never read.

    at Object.<anonymous> (/Users/fernandolba/development/my-commerce/back/src/migrations/1681853011577-initialMigration.ts:1:7)
    at Module._compile (node:internal/modules/cjs/loader:1233:14)
    at Module._compile (/Users/fernandolba/development/my-commerce/back/node_modules/source-map-support/source-map-support.js:568:25)
    at Module.m._compile (/private/var/folders/y2/tl2vlwcd3x1bl4vhnjklflkc0000gn/T/ts-node-dev-hook-6885511287488932.js:69:33)
    at Module._extensions..js (node:internal/modules/cjs/loader:1287:10)
    at require.extensions..jsx.require.extensions..js (/private/var/folders/y2/tl2vlwcd3x1bl4vhnjklflkc0000gn/T/ts-node-dev-hook-6885511287488932.js:114:20)
    at require.extensions.<computed> (/private/var/folders/y2/tl2vlwcd3x1bl4vhnjklflkc0000gn/T/ts-node-dev-hook-6885511287488932.js:71:20)
    at Object.nodeDevHook [as .ts] (/Users/fernandolba/development/my-commerce/back/node_modules/ts-node-dev/lib/hook.js:63:13)
    at Module.load (node:internal/modules/cjs/loader:1091:32)
    at Function.Module._load (node:internal/modules/cjs/loader:938:12)
2023-11-23 21:09:24 error: uncaughtException: write EPIPE
Error: write EPIPE
    at process.target._send (node:internal/child_process:879:20)
    at process.target.send (node:internal/child_process:752:19)
    at Object.exports.send (/Users/fernandolba/development/my-commerce/back/node_modules/ts-node-dev/lib/ipc.js:17:14)
    at /Users/fernandolba/development/my-commerce/back/node_modules/ts-node-dev/lib/wrap.js:88:9
    at Object.nodeDevHook [as .ts] (/Users/fernandolba/development/my-commerce/back/node_modules/ts-node-dev/lib/hook.js:61:17)
    at Module.load (node:internal/modules/cjs/loader:1091:32)
    at Function.Module._load (node:internal/modules/cjs/loader:938:12)
    at Module.require (node:internal/modules/cjs/loader:1115:19)
    at require (node:internal/modules/helpers:130:18)
    at tryToRequire (/Users/fernandolba/development/my-commerce/back/src/util/ImportUtils.ts:21:17)
2023-11-23 21:09:24 error: uncaughtException: write EPIPE
Error: write EPIPE
    at process.target._send (node:internal/child_process:879:20)
    at process.target.send (node:internal/child_process:752:19)
    at compile (/private/var/folders/y2/tl2vlwcd3x1bl4vhnjklflkc0000gn/T/ts-node-dev-hook-6885511287488932.js:46:21)
    at Module.m._compile (/private/var/folders/y2/tl2vlwcd3x1bl4vhnjklflkc0000gn/T/ts-node-dev-hook-6885511287488932.js:69:44)
    at Module._extensions..js (node:internal/modules/cjs/loader:1287:10)
    at require.extensions..jsx.require.extensions..js (/private/var/folders/y2/tl2vlwcd3x1bl4vhnjklflkc0000gn/T/ts-node-dev-hook-6885511287488932.js:114:20)
    at require.extensions.<computed> (/private/var/folders/y2/tl2vlwcd3x1bl4vhnjklflkc0000gn/T/ts-node-dev-hook-6885511287488932.js:71:20)
    at Object.nodeDevHook [as .ts] (/Users/fernandolba/development/my-commerce/back/node_modules/ts-node-dev/lib/hook.js:63:13)
    at Module.load (node:internal/modules/cjs/loader:1091:32)
    at Function.Module._load (node:internal/modules/cjs/loader:938:12)
2023-11-23 21:09:24 error: uncaughtException: Cannot execute operation on "default" connection because connection is not yet established.
CannotExecuteNotConnectedError: Cannot execute operation on "default" connection because connection is not yet established.
    at DataSource.destroy (/Users/fernandolba/development/my-commerce/back/src/data-source/DataSource.ts:302:19)
    at DataSource.initialize (/Users/fernandolba/development/my-commerce/back/src/data-source/DataSource.ts:277:24)
    at CustomerService.initRepository (/Users/fernandolba/development/my-commerce/back/src/config/base.service.ts:27:24)
2023-11-23 21:09:27 error: uncaughtException: Cannot execute operation on "default" connection because connection is not yet established.
CannotExecuteNotConnectedError: Cannot execute operation on "default" connection because connection is not yet established.
    at DataSource.destroy (/Users/fernandolba/development/my-commerce/back/src/data-source/DataSource.ts:302:19)
    at DataSource.initialize (/Users/fernandolba/development/my-commerce/back/src/data-source/DataSource.ts:277:24)
    at CustomerService.initRepository (/Users/fernandolba/development/my-commerce/back/src/config/base.service.ts:27:24)
2023-11-23 21:09:27 error: uncaughtException: ⨯ Unable to compile TypeScript:
src/migrations/1681853011577-initialMigration.ts(6,19): error TS6133: 'queryRunner' is declared but its value is never read.

Error: ⨯ Unable to compile TypeScript:
src/migrations/1681853011577-initialMigration.ts(6,19): error TS6133: 'queryRunner' is declared but its value is never read.

    at Object.<anonymous> (/Users/fernandolba/development/my-commerce/back/src/migrations/1681853011577-initialMigration.ts:1:7)
    at Module._compile (node:internal/modules/cjs/loader:1233:14)
    at Module._compile (/Users/fernandolba/development/my-commerce/back/node_modules/source-map-support/source-map-support.js:568:25)
    at Module.m._compile (/private/var/folders/y2/tl2vlwcd3x1bl4vhnjklflkc0000gn/T/ts-node-dev-hook-6885511287488932.js:69:33)
    at Module._extensions..js (node:internal/modules/cjs/loader:1287:10)
    at require.extensions..jsx.require.extensions..js (/private/var/folders/y2/tl2vlwcd3x1bl4vhnjklflkc0000gn/T/ts-node-dev-hook-6885511287488932.js:114:20)
    at require.extensions.<computed> (/private/var/folders/y2/tl2vlwcd3x1bl4vhnjklflkc0000gn/T/ts-node-dev-hook-6885511287488932.js:71:20)
    at Object.nodeDevHook [as .ts] (/Users/fernandolba/development/my-commerce/back/node_modules/ts-node-dev/lib/hook.js:63:13)
    at Module.load (node:internal/modules/cjs/loader:1091:32)
    at Function.Module._load (node:internal/modules/cjs/loader:938:12)
2023-11-23 21:09:35 error: uncaughtException: ⨯ Unable to compile TypeScript:
src/migrations/1681853011577-initialMigration.ts(7,21): error TS2554: Expected 1-3 arguments, but got 0.

Error: ⨯ Unable to compile TypeScript:
src/migrations/1681853011577-initialMigration.ts(7,21): error TS2554: Expected 1-3 arguments, but got 0.

    at Object.<anonymous> (/Users/fernandolba/development/my-commerce/back/src/migrations/1681853011577-initialMigration.ts:1:7)
    at Module._compile (node:internal/modules/cjs/loader:1233:14)
    at Module._compile (/Users/fernandolba/development/my-commerce/back/node_modules/source-map-support/source-map-support.js:568:25)
    at Module.m._compile (/private/var/folders/y2/tl2vlwcd3x1bl4vhnjklflkc0000gn/T/ts-node-dev-hook-6885511287488932.js:69:33)
    at Module._extensions..js (node:internal/modules/cjs/loader:1287:10)
    at require.extensions..jsx.require.extensions..js (/private/var/folders/y2/tl2vlwcd3x1bl4vhnjklflkc0000gn/T/ts-node-dev-hook-6885511287488932.js:114:20)
    at require.extensions.<computed> (/private/var/folders/y2/tl2vlwcd3x1bl4vhnjklflkc0000gn/T/ts-node-dev-hook-6885511287488932.js:71:20)
    at Object.nodeDevHook [as .ts] (/Users/fernandolba/development/my-commerce/back/node_modules/ts-node-dev/lib/hook.js:63:13)
    at Module.load (node:internal/modules/cjs/loader:1091:32)
    at Function.Module._load (node:internal/modules/cjs/loader:938:12)
2023-11-23 21:09:35 error: uncaughtException: write EPIPE
Error: write EPIPE
    at process.target._send (node:internal/child_process:879:20)
    at process.target.send (node:internal/child_process:752:19)
    at Object.exports.send (/Users/fernandolba/development/my-commerce/back/node_modules/ts-node-dev/lib/ipc.js:17:14)
    at /Users/fernandolba/development/my-commerce/back/node_modules/ts-node-dev/lib/wrap.js:88:9
    at Object.nodeDevHook [as .ts] (/Users/fernandolba/development/my-commerce/back/node_modules/ts-node-dev/lib/hook.js:61:17)
    at Module.load (node:internal/modules/cjs/loader:1091:32)
    at Function.Module._load (node:internal/modules/cjs/loader:938:12)
    at Module.require (node:internal/modules/cjs/loader:1115:19)
    at require (node:internal/modules/helpers:130:18)
    at tryToRequire (/Users/fernandolba/development/my-commerce/back/src/util/ImportUtils.ts:21:17)
2023-11-23 21:09:35 error: uncaughtException: write EPIPE
Error: write EPIPE
    at process.target._send (node:internal/child_process:879:20)
    at process.target.send (node:internal/child_process:752:19)
    at compile (/private/var/folders/y2/tl2vlwcd3x1bl4vhnjklflkc0000gn/T/ts-node-dev-hook-6885511287488932.js:46:21)
    at Module.m._compile (/private/var/folders/y2/tl2vlwcd3x1bl4vhnjklflkc0000gn/T/ts-node-dev-hook-6885511287488932.js:69:44)
    at Module._extensions..js (node:internal/modules/cjs/loader:1287:10)
    at require.extensions..jsx.require.extensions..js (/private/var/folders/y2/tl2vlwcd3x1bl4vhnjklflkc0000gn/T/ts-node-dev-hook-6885511287488932.js:114:20)
    at require.extensions.<computed> (/private/var/folders/y2/tl2vlwcd3x1bl4vhnjklflkc0000gn/T/ts-node-dev-hook-6885511287488932.js:71:20)
    at Object.nodeDevHook [as .ts] (/Users/fernandolba/development/my-commerce/back/node_modules/ts-node-dev/lib/hook.js:63:13)
    at Module.load (node:internal/modules/cjs/loader:1091:32)
    at Function.Module._load (node:internal/modules/cjs/loader:938:12)
2023-11-23 21:09:35 error: uncaughtException: ⨯ Unable to compile TypeScript:
src/migrations/1681853011577-initialMigration.ts(7,21): error TS2554: Expected 1-3 arguments, but got 0.

Error: ⨯ Unable to compile TypeScript:
src/migrations/1681853011577-initialMigration.ts(7,21): error TS2554: Expected 1-3 arguments, but got 0.

    at Object.<anonymous> (/Users/fernandolba/development/my-commerce/back/src/migrations/1681853011577-initialMigration.ts:1:7)
    at Module._compile (node:internal/modules/cjs/loader:1233:14)
    at Module._compile (/Users/fernandolba/development/my-commerce/back/node_modules/source-map-support/source-map-support.js:568:25)
    at Module.m._compile (/private/var/folders/y2/tl2vlwcd3x1bl4vhnjklflkc0000gn/T/ts-node-dev-hook-6885511287488932.js:69:33)
    at Module._extensions..js (node:internal/modules/cjs/loader:1287:10)
    at require.extensions..jsx.require.extensions..js (/private/var/folders/y2/tl2vlwcd3x1bl4vhnjklflkc0000gn/T/ts-node-dev-hook-6885511287488932.js:114:20)
    at require.extensions.<computed> (/private/var/folders/y2/tl2vlwcd3x1bl4vhnjklflkc0000gn/T/ts-node-dev-hook-6885511287488932.js:71:20)
    at Object.nodeDevHook [as .ts] (/Users/fernandolba/development/my-commerce/back/node_modules/ts-node-dev/lib/hook.js:63:13)
    at Module.load (node:internal/modules/cjs/loader:1091:32)
    at Function.Module._load (node:internal/modules/cjs/loader:938:12)
2023-11-23 21:09:39 error: uncaughtException: ⨯ Unable to compile TypeScript:
src/migrations/1681853011577-initialMigration.ts(7,27): error TS2304: Cannot find name 'ÀLTER'.

Error: ⨯ Unable to compile TypeScript:
src/migrations/1681853011577-initialMigration.ts(7,27): error TS2304: Cannot find name 'ÀLTER'.

    at Object.<anonymous> (/Users/fernandolba/development/my-commerce/back/src/migrations/1681853011577-initialMigration.ts:1:7)
    at Module._compile (node:internal/modules/cjs/loader:1233:14)
    at Module._compile (/Users/fernandolba/development/my-commerce/back/node_modules/source-map-support/source-map-support.js:568:25)
    at Module.m._compile (/private/var/folders/y2/tl2vlwcd3x1bl4vhnjklflkc0000gn/T/ts-node-dev-hook-6885511287488932.js:69:33)
    at Module._extensions..js (node:internal/modules/cjs/loader:1287:10)
    at require.extensions..jsx.require.extensions..js (/private/var/folders/y2/tl2vlwcd3x1bl4vhnjklflkc0000gn/T/ts-node-dev-hook-6885511287488932.js:114:20)
    at require.extensions.<computed> (/private/var/folders/y2/tl2vlwcd3x1bl4vhnjklflkc0000gn/T/ts-node-dev-hook-6885511287488932.js:71:20)
    at Object.nodeDevHook [as .ts] (/Users/fernandolba/development/my-commerce/back/node_modules/ts-node-dev/lib/hook.js:63:13)
    at Module.load (node:internal/modules/cjs/loader:1091:32)
    at Function.Module._load (node:internal/modules/cjs/loader:938:12)
2023-11-23 21:09:39 error: uncaughtException: write EPIPE
Error: write EPIPE
    at process.target._send (node:internal/child_process:879:20)
    at process.target.send (node:internal/child_process:752:19)
    at Object.exports.send (/Users/fernandolba/development/my-commerce/back/node_modules/ts-node-dev/lib/ipc.js:17:14)
    at /Users/fernandolba/development/my-commerce/back/node_modules/ts-node-dev/lib/wrap.js:88:9
    at Object.nodeDevHook [as .ts] (/Users/fernandolba/development/my-commerce/back/node_modules/ts-node-dev/lib/hook.js:61:17)
    at Module.load (node:internal/modules/cjs/loader:1091:32)
    at Function.Module._load (node:internal/modules/cjs/loader:938:12)
    at Module.require (node:internal/modules/cjs/loader:1115:19)
    at require (node:internal/modules/helpers:130:18)
    at tryToRequire (/Users/fernandolba/development/my-commerce/back/src/util/ImportUtils.ts:21:17)
2023-11-23 21:09:39 error: uncaughtException: write EPIPE
Error: write EPIPE
    at process.target._send (node:internal/child_process:879:20)
    at process.target.send (node:internal/child_process:752:19)
    at compile (/private/var/folders/y2/tl2vlwcd3x1bl4vhnjklflkc0000gn/T/ts-node-dev-hook-6885511287488932.js:46:21)
    at Module.m._compile (/private/var/folders/y2/tl2vlwcd3x1bl4vhnjklflkc0000gn/T/ts-node-dev-hook-6885511287488932.js:69:44)
    at Module._extensions..js (node:internal/modules/cjs/loader:1287:10)
    at require.extensions..jsx.require.extensions..js (/private/var/folders/y2/tl2vlwcd3x1bl4vhnjklflkc0000gn/T/ts-node-dev-hook-6885511287488932.js:114:20)
    at require.extensions.<computed> (/private/var/folders/y2/tl2vlwcd3x1bl4vhnjklflkc0000gn/T/ts-node-dev-hook-6885511287488932.js:71:20)
    at Object.nodeDevHook [as .ts] (/Users/fernandolba/development/my-commerce/back/node_modules/ts-node-dev/lib/hook.js:63:13)
    at Module.load (node:internal/modules/cjs/loader:1091:32)
    at Function.Module._load (node:internal/modules/cjs/loader:938:12)
2023-11-23 21:09:39 error: uncaughtException: Cannot execute operation on "default" connection because connection is not yet established.
CannotExecuteNotConnectedError: Cannot execute operation on "default" connection because connection is not yet established.
    at DataSource.destroy (/Users/fernandolba/development/my-commerce/back/src/data-source/DataSource.ts:302:19)
    at DataSource.initialize (/Users/fernandolba/development/my-commerce/back/src/data-source/DataSource.ts:277:24)
    at UserService.initRepository (/Users/fernandolba/development/my-commerce/back/src/config/base.service.ts:27:24)
2023-11-23 21:09:42 error: uncaughtException: Cannot execute operation on "default" connection because connection is not yet established.
CannotExecuteNotConnectedError: Cannot execute operation on "default" connection because connection is not yet established.
    at DataSource.destroy (/Users/fernandolba/development/my-commerce/back/src/data-source/DataSource.ts:302:19)
    at DataSource.initialize (/Users/fernandolba/development/my-commerce/back/src/data-source/DataSource.ts:277:24)
    at CustomerService.initRepository (/Users/fernandolba/development/my-commerce/back/src/config/base.service.ts:27:24)
2023-11-23 21:09:42 error: uncaughtException: ⨯ Unable to compile TypeScript:
src/migrations/1681853011577-initialMigration.ts(10,8): error TS2304: Cannot find name 'CREATE'.
src/migrations/1681853011577-initialMigration.ts(10,15): error TS2304: Cannot find name 'TABLE'.
src/migrations/1681853011577-initialMigration.ts(10,22): error TS2554: Expected 1-3 arguments, but got 4.
src/migrations/1681853011577-initialMigration.ts(29,9): error TS2363: The right-hand side of an arithmetic operation must be of type 'any', 'number', 'bigint' or an enum type.
src/migrations/1681853011577-initialMigration.ts(10,8): error TS1005: ',' expected.
src/migrations/1681853011577-initialMigration.ts(10,15): error TS1005: ',' expected.
src/migrations/1681853011577-initialMigration.ts(10,21): error TS1127: Invalid character.
src/migrations/1681853011577-initialMigration.ts(29,8): error TS1109: Expression expected.
src/migrations/1681853011577-initialMigration.ts(29,10): error TS1161: Unterminated regular expression literal.

Error: ⨯ Unable to compile TypeScript:
src/migrations/1681853011577-initialMigration.ts(10,8): error TS2304: Cannot find name 'CREATE'.
src/migrations/1681853011577-initialMigration.ts(10,15): error TS2304: Cannot find name 'TABLE'.
src/migrations/1681853011577-initialMigration.ts(10,22): error TS2554: Expected 1-3 arguments, but got 4.
src/migrations/1681853011577-initialMigration.ts(29,9): error TS2363: The right-hand side of an arithmetic operation must be of type 'any', 'number', 'bigint' or an enum type.
src/migrations/1681853011577-initialMigration.ts(10,8): error TS1005: ',' expected.
src/migrations/1681853011577-initialMigration.ts(10,15): error TS1005: ',' expected.
src/migrations/1681853011577-initialMigration.ts(10,21): error TS1127: Invalid character.
src/migrations/1681853011577-initialMigration.ts(29,8): error TS1109: Expression expected.
src/migrations/1681853011577-initialMigration.ts(29,10): error TS1161: Unterminated regular expression literal.

    at Object.<anonymous> (/Users/fernandolba/development/my-commerce/back/src/migrations/1681853011577-initialMigration.ts:1:7)
    at Module._compile (node:internal/modules/cjs/loader:1233:14)
    at Module._compile (/Users/fernandolba/development/my-commerce/back/node_modules/source-map-support/source-map-support.js:568:25)
    at Module.m._compile (/private/var/folders/y2/tl2vlwcd3x1bl4vhnjklflkc0000gn/T/ts-node-dev-hook-6885511287488932.js:69:33)
    at Module._extensions..js (node:internal/modules/cjs/loader:1287:10)
    at require.extensions..jsx.require.extensions..js (/private/var/folders/y2/tl2vlwcd3x1bl4vhnjklflkc0000gn/T/ts-node-dev-hook-6885511287488932.js:114:20)
    at require.extensions.<computed> (/private/var/folders/y2/tl2vlwcd3x1bl4vhnjklflkc0000gn/T/ts-node-dev-hook-6885511287488932.js:71:20)
    at Object.nodeDevHook [as .ts] (/Users/fernandolba/development/my-commerce/back/node_modules/ts-node-dev/lib/hook.js:63:13)
    at Module.load (node:internal/modules/cjs/loader:1091:32)
    at Function.Module._load (node:internal/modules/cjs/loader:938:12)
2023-11-23 21:09:46 error: uncaughtException: Cannot execute operation on "default" connection because connection is not yet established.
CannotExecuteNotConnectedError: Cannot execute operation on "default" connection because connection is not yet established.
    at DataSource.destroy (/Users/fernandolba/development/my-commerce/back/src/data-source/DataSource.ts:302:19)
    at DataSource.initialize (/Users/fernandolba/development/my-commerce/back/src/data-source/DataSource.ts:277:24)
    at CustomerService.initRepository (/Users/fernandolba/development/my-commerce/back/src/config/base.service.ts:27:24)
2023-11-23 21:09:46 error: uncaughtException: ⨯ Unable to compile TypeScript:
src/migrations/1681853011577-initialMigration.ts(10,8): error TS2304: Cannot find name 'CREATE'.
src/migrations/1681853011577-initialMigration.ts(10,15): error TS2304: Cannot find name 'TABLE'.
src/migrations/1681853011577-initialMigration.ts(10,22): error TS2554: Expected 1-3 arguments, but got 4.
src/migrations/1681853011577-initialMigration.ts(29,9): error TS2363: The right-hand side of an arithmetic operation must be of type 'any', 'number', 'bigint' or an enum type.
src/migrations/1681853011577-initialMigration.ts(10,8): error TS1005: ',' expected.
src/migrations/1681853011577-initialMigration.ts(10,15): error TS1005: ',' expected.
src/migrations/1681853011577-initialMigration.ts(10,21): error TS1127: Invalid character.
src/migrations/1681853011577-initialMigration.ts(29,8): error TS1109: Expression expected.
src/migrations/1681853011577-initialMigration.ts(29,10): error TS1161: Unterminated regular expression literal.

Error: ⨯ Unable to compile TypeScript:
src/migrations/1681853011577-initialMigration.ts(10,8): error TS2304: Cannot find name 'CREATE'.
src/migrations/1681853011577-initialMigration.ts(10,15): error TS2304: Cannot find name 'TABLE'.
src/migrations/1681853011577-initialMigration.ts(10,22): error TS2554: Expected 1-3 arguments, but got 4.
src/migrations/1681853011577-initialMigration.ts(29,9): error TS2363: The right-hand side of an arithmetic operation must be of type 'any', 'number', 'bigint' or an enum type.
src/migrations/1681853011577-initialMigration.ts(10,8): error TS1005: ',' expected.
src/migrations/1681853011577-initialMigration.ts(10,15): error TS1005: ',' expected.
src/migrations/1681853011577-initialMigration.ts(10,21): error TS1127: Invalid character.
src/migrations/1681853011577-initialMigration.ts(29,8): error TS1109: Expression expected.
src/migrations/1681853011577-initialMigration.ts(29,10): error TS1161: Unterminated regular expression literal.

    at Object.<anonymous> (/Users/fernandolba/development/my-commerce/back/src/migrations/1681853011577-initialMigration.ts:1:7)
    at Module._compile (node:internal/modules/cjs/loader:1233:14)
    at Module._compile (/Users/fernandolba/development/my-commerce/back/node_modules/source-map-support/source-map-support.js:568:25)
    at Module.m._compile (/private/var/folders/y2/tl2vlwcd3x1bl4vhnjklflkc0000gn/T/ts-node-dev-hook-6885511287488932.js:69:33)
    at Module._extensions..js (node:internal/modules/cjs/loader:1287:10)
    at require.extensions..jsx.require.extensions..js (/private/var/folders/y2/tl2vlwcd3x1bl4vhnjklflkc0000gn/T/ts-node-dev-hook-6885511287488932.js:114:20)
    at require.extensions.<computed> (/private/var/folders/y2/tl2vlwcd3x1bl4vhnjklflkc0000gn/T/ts-node-dev-hook-6885511287488932.js:71:20)
    at Object.nodeDevHook [as .ts] (/Users/fernandolba/development/my-commerce/back/node_modules/ts-node-dev/lib/hook.js:63:13)
    at Module.load (node:internal/modules/cjs/loader:1091:32)
    at Function.Module._load (node:internal/modules/cjs/loader:938:12)
2023-11-23 21:09:56 error: uncaughtException: ⨯ Unable to compile TypeScript:
src/migrations/1681853011577-initialMigration.ts(10,8): error TS2304: Cannot find name 'CREATE'.
src/migrations/1681853011577-initialMigration.ts(10,15): error TS2304: Cannot find name 'TABLE'.
src/migrations/1681853011577-initialMigration.ts(10,22): error TS2554: Expected 1-3 arguments, but got 4.
src/migrations/1681853011577-initialMigration.ts(29,9): error TS2363: The right-hand side of an arithmetic operation must be of type 'any', 'number', 'bigint' or an enum type.
src/migrations/1681853011577-initialMigration.ts(10,8): error TS1005: ',' expected.
src/migrations/1681853011577-initialMigration.ts(10,15): error TS1005: ',' expected.
src/migrations/1681853011577-initialMigration.ts(10,21): error TS1127: Invalid character.
src/migrations/1681853011577-initialMigration.ts(29,8): error TS1109: Expression expected.
src/migrations/1681853011577-initialMigration.ts(29,10): error TS1161: Unterminated regular expression literal.

Error: ⨯ Unable to compile TypeScript:
src/migrations/1681853011577-initialMigration.ts(10,8): error TS2304: Cannot find name 'CREATE'.
src/migrations/1681853011577-initialMigration.ts(10,15): error TS2304: Cannot find name 'TABLE'.
src/migrations/1681853011577-initialMigration.ts(10,22): error TS2554: Expected 1-3 arguments, but got 4.
src/migrations/1681853011577-initialMigration.ts(29,9): error TS2363: The right-hand side of an arithmetic operation must be of type 'any', 'number', 'bigint' or an enum type.
src/migrations/1681853011577-initialMigration.ts(10,8): error TS1005: ',' expected.
src/migrations/1681853011577-initialMigration.ts(10,15): error TS1005: ',' expected.
src/migrations/1681853011577-initialMigration.ts(10,21): error TS1127: Invalid character.
src/migrations/1681853011577-initialMigration.ts(29,8): error TS1109: Expression expected.
src/migrations/1681853011577-initialMigration.ts(29,10): error TS1161: Unterminated regular expression literal.

    at Object.<anonymous> (/Users/fernandolba/development/my-commerce/back/src/migrations/1681853011577-initialMigration.ts:1:7)
    at Module._compile (node:internal/modules/cjs/loader:1233:14)
    at Module._compile (/Users/fernandolba/development/my-commerce/back/node_modules/source-map-support/source-map-support.js:568:25)
    at Module.m._compile (/private/var/folders/y2/tl2vlwcd3x1bl4vhnjklflkc0000gn/T/ts-node-dev-hook-6885511287488932.js:69:33)
    at Module._extensions..js (node:internal/modules/cjs/loader:1287:10)
    at require.extensions..jsx.require.extensions..js (/private/var/folders/y2/tl2vlwcd3x1bl4vhnjklflkc0000gn/T/ts-node-dev-hook-6885511287488932.js:114:20)
    at require.extensions.<computed> (/private/var/folders/y2/tl2vlwcd3x1bl4vhnjklflkc0000gn/T/ts-node-dev-hook-6885511287488932.js:71:20)
    at Object.nodeDevHook [as .ts] (/Users/fernandolba/development/my-commerce/back/node_modules/ts-node-dev/lib/hook.js:63:13)
    at Module.load (node:internal/modules/cjs/loader:1091:32)
    at Function.Module._load (node:internal/modules/cjs/loader:938:12)
2023-11-23 21:09:56 error: uncaughtException: write EPIPE
Error: write EPIPE
    at process.target._send (node:internal/child_process:879:20)
    at process.target.send (node:internal/child_process:752:19)
    at Object.exports.send (/Users/fernandolba/development/my-commerce/back/node_modules/ts-node-dev/lib/ipc.js:17:14)
    at /Users/fernandolba/development/my-commerce/back/node_modules/ts-node-dev/lib/wrap.js:88:9
    at Object.nodeDevHook [as .ts] (/Users/fernandolba/development/my-commerce/back/node_modules/ts-node-dev/lib/hook.js:61:17)
    at Module.load (node:internal/modules/cjs/loader:1091:32)
    at Function.Module._load (node:internal/modules/cjs/loader:938:12)
    at Module.require (node:internal/modules/cjs/loader:1115:19)
    at require (node:internal/modules/helpers:130:18)
    at tryToRequire (/Users/fernandolba/development/my-commerce/back/src/util/ImportUtils.ts:21:17)
2023-11-23 21:09:56 error: uncaughtException: write EPIPE
Error: write EPIPE
    at process.target._send (node:internal/child_process:879:20)
    at process.target.send (node:internal/child_process:752:19)
    at compile (/private/var/folders/y2/tl2vlwcd3x1bl4vhnjklflkc0000gn/T/ts-node-dev-hook-6885511287488932.js:46:21)
    at Module.m._compile (/private/var/folders/y2/tl2vlwcd3x1bl4vhnjklflkc0000gn/T/ts-node-dev-hook-6885511287488932.js:69:44)
    at Module._extensions..js (node:internal/modules/cjs/loader:1287:10)
    at require.extensions..jsx.require.extensions..js (/private/var/folders/y2/tl2vlwcd3x1bl4vhnjklflkc0000gn/T/ts-node-dev-hook-6885511287488932.js:114:20)
    at require.extensions.<computed> (/private/var/folders/y2/tl2vlwcd3x1bl4vhnjklflkc0000gn/T/ts-node-dev-hook-6885511287488932.js:71:20)
    at Object.nodeDevHook [as .ts] (/Users/fernandolba/development/my-commerce/back/node_modules/ts-node-dev/lib/hook.js:63:13)
    at Module.load (node:internal/modules/cjs/loader:1091:32)
    at Function.Module._load (node:internal/modules/cjs/loader:938:12)
2023-11-23 21:09:56 error: uncaughtException: Cannot execute operation on "default" connection because connection is not yet established.
CannotExecuteNotConnectedError: Cannot execute operation on "default" connection because connection is not yet established.
    at DataSource.destroy (/Users/fernandolba/development/my-commerce/back/src/data-source/DataSource.ts:302:19)
    at DataSource.initialize (/Users/fernandolba/development/my-commerce/back/src/data-source/DataSource.ts:277:24)
    at CustomerService.initRepository (/Users/fernandolba/development/my-commerce/back/src/config/base.service.ts:27:24)
2023-11-23 21:10:03 error: uncaughtException: Cannot execute operation on "default" connection because connection is not yet established.
CannotExecuteNotConnectedError: Cannot execute operation on "default" connection because connection is not yet established.
    at DataSource.destroy (/Users/fernandolba/development/my-commerce/back/src/data-source/DataSource.ts:302:19)
    at DataSource.initialize (/Users/fernandolba/development/my-commerce/back/src/data-source/DataSource.ts:277:24)
    at UserService.initRepository (/Users/fernandolba/development/my-commerce/back/src/config/base.service.ts:27:24)
2023-11-23 21:10:03 error: uncaughtException: ⨯ Unable to compile TypeScript:
src/migrations/1681853011577-initialMigration.ts(7,27): error TS2349: This expression is not callable.
  Type 'String' has no call signatures.
src/migrations/1681853011577-initialMigration.ts(10,8): error TS2304: Cannot find name 'CREATE'.
src/migrations/1681853011577-initialMigration.ts(10,15): error TS2304: Cannot find name 'TABLE'.
src/migrations/1681853011577-initialMigration.ts(10,22): error TS2554: Expected 1-3 arguments, but got 4.
src/migrations/1681853011577-initialMigration.ts(29,9): error TS2363: The right-hand side of an arithmetic operation must be of type 'any', 'number', 'bigint' or an enum type.
src/migrations/1681853011577-initialMigration.ts(10,8): error TS1005: ',' expected.
src/migrations/1681853011577-initialMigration.ts(10,15): error TS1005: ',' expected.
src/migrations/1681853011577-initialMigration.ts(10,21): error TS1127: Invalid character.
src/migrations/1681853011577-initialMigration.ts(29,8): error TS1109: Expression expected.
src/migrations/1681853011577-initialMigration.ts(29,10): error TS1161: Unterminated regular expression literal.

Error: ⨯ Unable to compile TypeScript:
src/migrations/1681853011577-initialMigration.ts(7,27): error TS2349: This expression is not callable.
  Type 'String' has no call signatures.
src/migrations/1681853011577-initialMigration.ts(10,8): error TS2304: Cannot find name 'CREATE'.
src/migrations/1681853011577-initialMigration.ts(10,15): error TS2304: Cannot find name 'TABLE'.
src/migrations/1681853011577-initialMigration.ts(10,22): error TS2554: Expected 1-3 arguments, but got 4.
src/migrations/1681853011577-initialMigration.ts(29,9): error TS2363: The right-hand side of an arithmetic operation must be of type 'any', 'number', 'bigint' or an enum type.
src/migrations/1681853011577-initialMigration.ts(10,8): error TS1005: ',' expected.
src/migrations/1681853011577-initialMigration.ts(10,15): error TS1005: ',' expected.
src/migrations/1681853011577-initialMigration.ts(10,21): error TS1127: Invalid character.
src/migrations/1681853011577-initialMigration.ts(29,8): error TS1109: Expression expected.
src/migrations/1681853011577-initialMigration.ts(29,10): error TS1161: Unterminated regular expression literal.

    at Object.<anonymous> (/Users/fernandolba/development/my-commerce/back/src/migrations/1681853011577-initialMigration.ts:1:7)
    at Module._compile (node:internal/modules/cjs/loader:1233:14)
    at Module._compile (/Users/fernandolba/development/my-commerce/back/node_modules/source-map-support/source-map-support.js:568:25)
    at Module.m._compile (/private/var/folders/y2/tl2vlwcd3x1bl4vhnjklflkc0000gn/T/ts-node-dev-hook-6885511287488932.js:69:33)
    at Module._extensions..js (node:internal/modules/cjs/loader:1287:10)
    at require.extensions..jsx.require.extensions..js (/private/var/folders/y2/tl2vlwcd3x1bl4vhnjklflkc0000gn/T/ts-node-dev-hook-6885511287488932.js:114:20)
    at require.extensions.<computed> (/private/var/folders/y2/tl2vlwcd3x1bl4vhnjklflkc0000gn/T/ts-node-dev-hook-6885511287488932.js:71:20)
    at Object.nodeDevHook [as .ts] (/Users/fernandolba/development/my-commerce/back/node_modules/ts-node-dev/lib/hook.js:63:13)
    at Module.load (node:internal/modules/cjs/loader:1091:32)
    at Function.Module._load (node:internal/modules/cjs/loader:938:12)
2023-11-23 21:10:07 error: uncaughtException: Cannot execute operation on "default" connection because connection is not yet established.
CannotExecuteNotConnectedError: Cannot execute operation on "default" connection because connection is not yet established.
    at DataSource.destroy (/Users/fernandolba/development/my-commerce/back/src/data-source/DataSource.ts:302:19)
    at DataSource.initialize (/Users/fernandolba/development/my-commerce/back/src/data-source/DataSource.ts:277:24)
    at CustomerService.initRepository (/Users/fernandolba/development/my-commerce/back/src/config/base.service.ts:27:24)
2023-11-23 21:10:07 error: uncaughtException: ⨯ Unable to compile TypeScript:
src/migrations/1681853011577-initialMigration.ts(7,27): error TS2349: This expression is not callable.
  Type 'String' has no call signatures.
src/migrations/1681853011577-initialMigration.ts(10,8): error TS2304: Cannot find name 'CREATE'.
src/migrations/1681853011577-initialMigration.ts(10,15): error TS2304: Cannot find name 'TABLE'.
src/migrations/1681853011577-initialMigration.ts(10,22): error TS2554: Expected 1-3 arguments, but got 4.
src/migrations/1681853011577-initialMigration.ts(29,9): error TS2363: The right-hand side of an arithmetic operation must be of type 'any', 'number', 'bigint' or an enum type.
src/migrations/1681853011577-initialMigration.ts(10,8): error TS1005: ',' expected.
src/migrations/1681853011577-initialMigration.ts(10,15): error TS1005: ',' expected.
src/migrations/1681853011577-initialMigration.ts(10,21): error TS1127: Invalid character.
src/migrations/1681853011577-initialMigration.ts(29,8): error TS1109: Expression expected.
src/migrations/1681853011577-initialMigration.ts(29,10): error TS1161: Unterminated regular expression literal.

Error: ⨯ Unable to compile TypeScript:
src/migrations/1681853011577-initialMigration.ts(7,27): error TS2349: This expression is not callable.
  Type 'String' has no call signatures.
src/migrations/1681853011577-initialMigration.ts(10,8): error TS2304: Cannot find name 'CREATE'.
src/migrations/1681853011577-initialMigration.ts(10,15): error TS2304: Cannot find name 'TABLE'.
src/migrations/1681853011577-initialMigration.ts(10,22): error TS2554: Expected 1-3 arguments, but got 4.
src/migrations/1681853011577-initialMigration.ts(29,9): error TS2363: The right-hand side of an arithmetic operation must be of type 'any', 'number', 'bigint' or an enum type.
src/migrations/1681853011577-initialMigration.ts(10,8): error TS1005: ',' expected.
src/migrations/1681853011577-initialMigration.ts(10,15): error TS1005: ',' expected.
src/migrations/1681853011577-initialMigration.ts(10,21): error TS1127: Invalid character.
src/migrations/1681853011577-initialMigration.ts(29,8): error TS1109: Expression expected.
src/migrations/1681853011577-initialMigration.ts(29,10): error TS1161: Unterminated regular expression literal.

    at Object.<anonymous> (/Users/fernandolba/development/my-commerce/back/src/migrations/1681853011577-initialMigration.ts:1:7)
    at Module._compile (node:internal/modules/cjs/loader:1233:14)
    at Module._compile (/Users/fernandolba/development/my-commerce/back/node_modules/source-map-support/source-map-support.js:568:25)
    at Module.m._compile (/private/var/folders/y2/tl2vlwcd3x1bl4vhnjklflkc0000gn/T/ts-node-dev-hook-6885511287488932.js:69:33)
    at Module._extensions..js (node:internal/modules/cjs/loader:1287:10)
    at require.extensions..jsx.require.extensions..js (/private/var/folders/y2/tl2vlwcd3x1bl4vhnjklflkc0000gn/T/ts-node-dev-hook-6885511287488932.js:114:20)
    at require.extensions.<computed> (/private/var/folders/y2/tl2vlwcd3x1bl4vhnjklflkc0000gn/T/ts-node-dev-hook-6885511287488932.js:71:20)
    at Object.nodeDevHook [as .ts] (/Users/fernandolba/development/my-commerce/back/node_modules/ts-node-dev/lib/hook.js:63:13)
    at Module.load (node:internal/modules/cjs/loader:1091:32)
    at Function.Module._load (node:internal/modules/cjs/loader:938:12)
2023-11-23 21:10:10 error: uncaughtException: Cannot execute operation on "default" connection because connection is not yet established.
CannotExecuteNotConnectedError: Cannot execute operation on "default" connection because connection is not yet established.
    at DataSource.destroy (/Users/fernandolba/development/my-commerce/back/src/data-source/DataSource.ts:302:19)
    at DataSource.initialize (/Users/fernandolba/development/my-commerce/back/src/data-source/DataSource.ts:277:24)
    at UserService.initRepository (/Users/fernandolba/development/my-commerce/back/src/config/base.service.ts:27:24)
2023-11-23 21:10:10 error: uncaughtException: ⨯ Unable to compile TypeScript:
src/migrations/1681853011577-initialMigration.ts(7,27): error TS2349: This expression is not callable.
  Type 'String' has no call signatures.
src/migrations/1681853011577-initialMigration.ts(10,8): error TS2304: Cannot find name 'CREATE'.
src/migrations/1681853011577-initialMigration.ts(10,15): error TS2304: Cannot find name 'TABLE'.
src/migrations/1681853011577-initialMigration.ts(10,22): error TS2554: Expected 1-3 arguments, but got 4.
src/migrations/1681853011577-initialMigration.ts(29,9): error TS2363: The right-hand side of an arithmetic operation must be of type 'any', 'number', 'bigint' or an enum type.
src/migrations/1681853011577-initialMigration.ts(10,8): error TS1005: ',' expected.
src/migrations/1681853011577-initialMigration.ts(10,15): error TS1005: ',' expected.
src/migrations/1681853011577-initialMigration.ts(10,21): error TS1127: Invalid character.
src/migrations/1681853011577-initialMigration.ts(29,8): error TS1109: Expression expected.
src/migrations/1681853011577-initialMigration.ts(29,10): error TS1161: Unterminated regular expression literal.

Error: ⨯ Unable to compile TypeScript:
src/migrations/1681853011577-initialMigration.ts(7,27): error TS2349: This expression is not callable.
  Type 'String' has no call signatures.
src/migrations/1681853011577-initialMigration.ts(10,8): error TS2304: Cannot find name 'CREATE'.
src/migrations/1681853011577-initialMigration.ts(10,15): error TS2304: Cannot find name 'TABLE'.
src/migrations/1681853011577-initialMigration.ts(10,22): error TS2554: Expected 1-3 arguments, but got 4.
src/migrations/1681853011577-initialMigration.ts(29,9): error TS2363: The right-hand side of an arithmetic operation must be of type 'any', 'number', 'bigint' or an enum type.
src/migrations/1681853011577-initialMigration.ts(10,8): error TS1005: ',' expected.
src/migrations/1681853011577-initialMigration.ts(10,15): error TS1005: ',' expected.
src/migrations/1681853011577-initialMigration.ts(10,21): error TS1127: Invalid character.
src/migrations/1681853011577-initialMigration.ts(29,8): error TS1109: Expression expected.
src/migrations/1681853011577-initialMigration.ts(29,10): error TS1161: Unterminated regular expression literal.

    at Object.<anonymous> (/Users/fernandolba/development/my-commerce/back/src/migrations/1681853011577-initialMigration.ts:1:7)
    at Module._compile (node:internal/modules/cjs/loader:1233:14)
    at Module._compile (/Users/fernandolba/development/my-commerce/back/node_modules/source-map-support/source-map-support.js:568:25)
    at Module.m._compile (/private/var/folders/y2/tl2vlwcd3x1bl4vhnjklflkc0000gn/T/ts-node-dev-hook-6885511287488932.js:69:33)
    at Module._extensions..js (node:internal/modules/cjs/loader:1287:10)
    at require.extensions..jsx.require.extensions..js (/private/var/folders/y2/tl2vlwcd3x1bl4vhnjklflkc0000gn/T/ts-node-dev-hook-6885511287488932.js:114:20)
    at require.extensions.<computed> (/private/var/folders/y2/tl2vlwcd3x1bl4vhnjklflkc0000gn/T/ts-node-dev-hook-6885511287488932.js:71:20)
    at Object.nodeDevHook [as .ts] (/Users/fernandolba/development/my-commerce/back/node_modules/ts-node-dev/lib/hook.js:63:13)
    at Module.load (node:internal/modules/cjs/loader:1091:32)
    at Function.Module._load (node:internal/modules/cjs/loader:938:12)
2023-11-23 21:16:11 error: ER_BAD_FIELD_ERROR: Unknown column 'UserEntity.role' in 'field list'
2023-11-23 21:17:10 error: uncaughtException: ER_DUP_FIELDNAME: Duplicate column name 'role'
QueryFailedError: ER_DUP_FIELDNAME: Duplicate column name 'role'
    at Query.<anonymous> (/Users/fernandolba/development/my-commerce/back/src/driver/mysql/MysqlQueryRunner.ts:222:33)
    at Query.<anonymous> (/Users/fernandolba/development/my-commerce/back/node_modules/mysql/lib/Connection.js:526:10)
    at Query._callback (/Users/fernandolba/development/my-commerce/back/node_modules/mysql/lib/Connection.js:488:16)
    at Query.Sequence.end (/Users/fernandolba/development/my-commerce/back/node_modules/mysql/lib/protocol/sequences/Sequence.js:83:24)
    at Query.ErrorPacket (/Users/fernandolba/development/my-commerce/back/node_modules/mysql/lib/protocol/sequences/Query.js:92:8)
    at Protocol._parsePacket (/Users/fernandolba/development/my-commerce/back/node_modules/mysql/lib/protocol/Protocol.js:291:23)
    at Parser._parsePacket (/Users/fernandolba/development/my-commerce/back/node_modules/mysql/lib/protocol/Parser.js:433:10)
    at Parser.write (/Users/fernandolba/development/my-commerce/back/node_modules/mysql/lib/protocol/Parser.js:43:10)
    at Protocol.write (/Users/fernandolba/development/my-commerce/back/node_modules/mysql/lib/protocol/Protocol.js:38:16)
    at Socket.<anonymous> (/Users/fernandolba/development/my-commerce/back/node_modules/mysql/lib/Connection.js:88:28)
2023-11-23 21:17:10 error: uncaughtException: ER_DUP_FIELDNAME: Duplicate column name 'role'
QueryFailedError: ER_DUP_FIELDNAME: Duplicate column name 'role'
    at Query.<anonymous> (/Users/fernandolba/development/my-commerce/back/src/driver/mysql/MysqlQueryRunner.ts:222:33)
    at Query.<anonymous> (/Users/fernandolba/development/my-commerce/back/node_modules/mysql/lib/Connection.js:526:10)
    at Query._callback (/Users/fernandolba/development/my-commerce/back/node_modules/mysql/lib/Connection.js:488:16)
    at Query.Sequence.end (/Users/fernandolba/development/my-commerce/back/node_modules/mysql/lib/protocol/sequences/Sequence.js:83:24)
    at Query.ErrorPacket (/Users/fernandolba/development/my-commerce/back/node_modules/mysql/lib/protocol/sequences/Query.js:92:8)
    at Protocol._parsePacket (/Users/fernandolba/development/my-commerce/back/node_modules/mysql/lib/protocol/Protocol.js:291:23)
    at Parser._parsePacket (/Users/fernandolba/development/my-commerce/back/node_modules/mysql/lib/protocol/Parser.js:433:10)
    at Parser.write (/Users/fernandolba/development/my-commerce/back/node_modules/mysql/lib/protocol/Parser.js:43:10)
    at Protocol.write (/Users/fernandolba/development/my-commerce/back/node_modules/mysql/lib/protocol/Protocol.js:38:16)
    at Socket.<anonymous> (/Users/fernandolba/development/my-commerce/back/node_modules/mysql/lib/Connection.js:88:28)
2023-11-23 21:34:33 error: uncaughtException: ⨯ Unable to compile TypeScript:
src/user/user.service.ts(67,63): error TS2366: Function lacks ending return statement and return type does not include 'undefined'.
src/user/user.service.ts(79,5): error TS1005: '(' expected.

Error: ⨯ Unable to compile TypeScript:
src/user/user.service.ts(67,63): error TS2366: Function lacks ending return statement and return type does not include 'undefined'.
src/user/user.service.ts(79,5): error TS1005: '(' expected.

    at Object.<anonymous> (/Users/fernandolba/development/my-commerce/back/src/user/user.service.ts:1:7)
    at Module._compile (node:internal/modules/cjs/loader:1233:14)
    at Module._compile (/Users/fernandolba/development/my-commerce/back/node_modules/source-map-support/source-map-support.js:568:25)
    at Module.m._compile (/private/var/folders/y2/tl2vlwcd3x1bl4vhnjklflkc0000gn/T/ts-node-dev-hook-32593975892187066.js:69:33)
    at Module._extensions..js (node:internal/modules/cjs/loader:1287:10)
    at require.extensions..jsx.require.extensions..js (/private/var/folders/y2/tl2vlwcd3x1bl4vhnjklflkc0000gn/T/ts-node-dev-hook-32593975892187066.js:114:20)
    at require.extensions.<computed> (/private/var/folders/y2/tl2vlwcd3x1bl4vhnjklflkc0000gn/T/ts-node-dev-hook-32593975892187066.js:71:20)
    at Object.nodeDevHook [as .ts] (/Users/fernandolba/development/my-commerce/back/node_modules/ts-node-dev/lib/hook.js:63:13)
    at Module.load (node:internal/modules/cjs/loader:1091:32)
    at Function.Module._load (node:internal/modules/cjs/loader:938:12)
2023-11-23 21:34:36 error: uncaughtException: ⨯ Unable to compile TypeScript:
src/user/user.service.ts(67,63): error TS2366: Function lacks ending return statement and return type does not include 'undefined'.
src/user/user.service.ts(77,8): error TS1109: Expression expected.

Error: ⨯ Unable to compile TypeScript:
src/user/user.service.ts(67,63): error TS2366: Function lacks ending return statement and return type does not include 'undefined'.
src/user/user.service.ts(77,8): error TS1109: Expression expected.

    at Object.<anonymous> (/Users/fernandolba/development/my-commerce/back/src/user/user.service.ts:1:7)
    at Module._compile (node:internal/modules/cjs/loader:1233:14)
    at Module._compile (/Users/fernandolba/development/my-commerce/back/node_modules/source-map-support/source-map-support.js:568:25)
    at Module.m._compile (/private/var/folders/y2/tl2vlwcd3x1bl4vhnjklflkc0000gn/T/ts-node-dev-hook-32593975892187066.js:69:33)
    at Module._extensions..js (node:internal/modules/cjs/loader:1287:10)
    at require.extensions..jsx.require.extensions..js (/private/var/folders/y2/tl2vlwcd3x1bl4vhnjklflkc0000gn/T/ts-node-dev-hook-32593975892187066.js:114:20)
    at require.extensions.<computed> (/private/var/folders/y2/tl2vlwcd3x1bl4vhnjklflkc0000gn/T/ts-node-dev-hook-32593975892187066.js:71:20)
    at Object.nodeDevHook [as .ts] (/Users/fernandolba/development/my-commerce/back/node_modules/ts-node-dev/lib/hook.js:63:13)
    at Module.load (node:internal/modules/cjs/loader:1091:32)
    at Function.Module._load (node:internal/modules/cjs/loader:938:12)
2023-11-23 21:34:43 error: uncaughtException: ⨯ Unable to compile TypeScript:
src/user/user.service.ts(67,63): error TS2366: Function lacks ending return statement and return type does not include 'undefined'.

Error: ⨯ Unable to compile TypeScript:
src/user/user.service.ts(67,63): error TS2366: Function lacks ending return statement and return type does not include 'undefined'.

    at Object.<anonymous> (/Users/fernandolba/development/my-commerce/back/src/user/user.service.ts:1:7)
    at Module._compile (node:internal/modules/cjs/loader:1233:14)
    at Module._compile (/Users/fernandolba/development/my-commerce/back/node_modules/source-map-support/source-map-support.js:568:25)
    at Module.m._compile (/private/var/folders/y2/tl2vlwcd3x1bl4vhnjklflkc0000gn/T/ts-node-dev-hook-32593975892187066.js:69:33)
    at Module._extensions..js (node:internal/modules/cjs/loader:1287:10)
    at require.extensions..jsx.require.extensions..js (/private/var/folders/y2/tl2vlwcd3x1bl4vhnjklflkc0000gn/T/ts-node-dev-hook-32593975892187066.js:114:20)
    at require.extensions.<computed> (/private/var/folders/y2/tl2vlwcd3x1bl4vhnjklflkc0000gn/T/ts-node-dev-hook-32593975892187066.js:71:20)
    at Object.nodeDevHook [as .ts] (/Users/fernandolba/development/my-commerce/back/node_modules/ts-node-dev/lib/hook.js:63:13)
    at Module.load (node:internal/modules/cjs/loader:1091:32)
    at Function.Module._load (node:internal/modules/cjs/loader:938:12)
2023-11-23 21:34:47 error: uncaughtException: ⨯ Unable to compile TypeScript:
src/user/user.service.ts(67,63): error TS2366: Function lacks ending return statement and return type does not include 'undefined'.

Error: ⨯ Unable to compile TypeScript:
src/user/user.service.ts(67,63): error TS2366: Function lacks ending return statement and return type does not include 'undefined'.

    at Object.<anonymous> (/Users/fernandolba/development/my-commerce/back/src/user/user.service.ts:1:7)
    at Module._compile (node:internal/modules/cjs/loader:1233:14)
    at Module._compile (/Users/fernandolba/development/my-commerce/back/node_modules/source-map-support/source-map-support.js:568:25)
    at Module.m._compile (/private/var/folders/y2/tl2vlwcd3x1bl4vhnjklflkc0000gn/T/ts-node-dev-hook-32593975892187066.js:69:33)
    at Module._extensions..js (node:internal/modules/cjs/loader:1287:10)
    at require.extensions..jsx.require.extensions..js (/private/var/folders/y2/tl2vlwcd3x1bl4vhnjklflkc0000gn/T/ts-node-dev-hook-32593975892187066.js:114:20)
    at require.extensions.<computed> (/private/var/folders/y2/tl2vlwcd3x1bl4vhnjklflkc0000gn/T/ts-node-dev-hook-32593975892187066.js:71:20)
    at Object.nodeDevHook [as .ts] (/Users/fernandolba/development/my-commerce/back/node_modules/ts-node-dev/lib/hook.js:63:13)
    at Module.load (node:internal/modules/cjs/loader:1091:32)
    at Function.Module._load (node:internal/modules/cjs/loader:938:12)
2023-11-23 21:35:11 error: uncaughtException: ⨯ Unable to compile TypeScript:
src/user/user.service.ts(78,19): error TS2353: Object literal may only specify known properties, and 'user' does not exist in type 'UserDTO'.
src/user/user.service.ts(78,19): error TS18004: No value exists in scope for the shorthand property 'user'. Either declare one or provide an initializer.

Error: ⨯ Unable to compile TypeScript:
src/user/user.service.ts(78,19): error TS2353: Object literal may only specify known properties, and 'user' does not exist in type 'UserDTO'.
src/user/user.service.ts(78,19): error TS18004: No value exists in scope for the shorthand property 'user'. Either declare one or provide an initializer.

    at Object.<anonymous> (/Users/fernandolba/development/my-commerce/back/src/user/user.service.ts:1:7)
    at Module._compile (node:internal/modules/cjs/loader:1233:14)
    at Module._compile (/Users/fernandolba/development/my-commerce/back/node_modules/source-map-support/source-map-support.js:568:25)
    at Module.m._compile (/private/var/folders/y2/tl2vlwcd3x1bl4vhnjklflkc0000gn/T/ts-node-dev-hook-32593975892187066.js:69:33)
    at Module._extensions..js (node:internal/modules/cjs/loader:1287:10)
    at require.extensions..jsx.require.extensions..js (/private/var/folders/y2/tl2vlwcd3x1bl4vhnjklflkc0000gn/T/ts-node-dev-hook-32593975892187066.js:114:20)
    at require.extensions.<computed> (/private/var/folders/y2/tl2vlwcd3x1bl4vhnjklflkc0000gn/T/ts-node-dev-hook-32593975892187066.js:71:20)
    at Object.nodeDevHook [as .ts] (/Users/fernandolba/development/my-commerce/back/node_modules/ts-node-dev/lib/hook.js:63:13)
    at Module.load (node:internal/modules/cjs/loader:1091:32)
    at Function.Module._load (node:internal/modules/cjs/loader:938:12)
2023-11-23 21:35:14 error: uncaughtException: ⨯ Unable to compile TypeScript:
src/user/user.service.ts(78,19): error TS2353: Object literal may only specify known properties, and 'userBody' does not exist in type 'UserDTO'.

Error: ⨯ Unable to compile TypeScript:
src/user/user.service.ts(78,19): error TS2353: Object literal may only specify known properties, and 'userBody' does not exist in type 'UserDTO'.

    at Object.<anonymous> (/Users/fernandolba/development/my-commerce/back/src/user/user.service.ts:1:7)
    at Module._compile (node:internal/modules/cjs/loader:1233:14)
    at Module._compile (/Users/fernandolba/development/my-commerce/back/node_modules/source-map-support/source-map-support.js:568:25)
    at Module.m._compile (/private/var/folders/y2/tl2vlwcd3x1bl4vhnjklflkc0000gn/T/ts-node-dev-hook-32593975892187066.js:69:33)
    at Module._extensions..js (node:internal/modules/cjs/loader:1287:10)
    at require.extensions..jsx.require.extensions..js (/private/var/folders/y2/tl2vlwcd3x1bl4vhnjklflkc0000gn/T/ts-node-dev-hook-32593975892187066.js:114:20)
    at require.extensions.<computed> (/private/var/folders/y2/tl2vlwcd3x1bl4vhnjklflkc0000gn/T/ts-node-dev-hook-32593975892187066.js:71:20)
    at Object.nodeDevHook [as .ts] (/Users/fernandolba/development/my-commerce/back/node_modules/ts-node-dev/lib/hook.js:63:13)
    at Module.load (node:internal/modules/cjs/loader:1091:32)
    at Function.Module._load (node:internal/modules/cjs/loader:938:12)
2023-11-23 21:35:19 error: uncaughtException: ⨯ Unable to compile TypeScript:
src/user/user.service.ts(78,42): error TS1109: Expression expected.

Error: ⨯ Unable to compile TypeScript:
src/user/user.service.ts(78,42): error TS1109: Expression expected.

    at Object.<anonymous> (/Users/fernandolba/development/my-commerce/back/src/user/user.service.ts:1:7)
    at Module._compile (node:internal/modules/cjs/loader:1233:14)
    at Module._compile (/Users/fernandolba/development/my-commerce/back/node_modules/source-map-support/source-map-support.js:568:25)
    at Module.m._compile (/private/var/folders/y2/tl2vlwcd3x1bl4vhnjklflkc0000gn/T/ts-node-dev-hook-32593975892187066.js:69:33)
    at Module._extensions..js (node:internal/modules/cjs/loader:1287:10)
    at require.extensions..jsx.require.extensions..js (/private/var/folders/y2/tl2vlwcd3x1bl4vhnjklflkc0000gn/T/ts-node-dev-hook-32593975892187066.js:114:20)
    at require.extensions.<computed> (/private/var/folders/y2/tl2vlwcd3x1bl4vhnjklflkc0000gn/T/ts-node-dev-hook-32593975892187066.js:71:20)
    at Object.nodeDevHook [as .ts] (/Users/fernandolba/development/my-commerce/back/node_modules/ts-node-dev/lib/hook.js:63:13)
    at Module.load (node:internal/modules/cjs/loader:1091:32)
    at Function.Module._load (node:internal/modules/cjs/loader:938:12)
2023-11-23 21:35:23 error: uncaughtException: ⨯ Unable to compile TypeScript:
src/user/user.service.ts(78,42): error TS2304: Cannot find name 'hash'.

Error: ⨯ Unable to compile TypeScript:
src/user/user.service.ts(78,42): error TS2304: Cannot find name 'hash'.

    at Object.<anonymous> (/Users/fernandolba/development/my-commerce/back/src/user/user.service.ts:1:7)
    at Module._compile (node:internal/modules/cjs/loader:1233:14)
    at Module._compile (/Users/fernandolba/development/my-commerce/back/node_modules/source-map-support/source-map-support.js:568:25)
    at Module.m._compile (/private/var/folders/y2/tl2vlwcd3x1bl4vhnjklflkc0000gn/T/ts-node-dev-hook-32593975892187066.js:69:33)
    at Module._extensions..js (node:internal/modules/cjs/loader:1287:10)
    at require.extensions..jsx.require.extensions..js (/private/var/folders/y2/tl2vlwcd3x1bl4vhnjklflkc0000gn/T/ts-node-dev-hook-32593975892187066.js:114:20)
    at require.extensions.<computed> (/private/var/folders/y2/tl2vlwcd3x1bl4vhnjklflkc0000gn/T/ts-node-dev-hook-32593975892187066.js:71:20)
    at Object.nodeDevHook [as .ts] (/Users/fernandolba/development/my-commerce/back/node_modules/ts-node-dev/lib/hook.js:63:13)
    at Module.load (node:internal/modules/cjs/loader:1091:32)
    at Function.Module._load (node:internal/modules/cjs/loader:938:12)
2023-11-23 21:35:26 error: uncaughtException: ⨯ Unable to compile TypeScript:
src/user/user.service.ts(78,42): error TS2304: Cannot find name 'hashV'.

Error: ⨯ Unable to compile TypeScript:
src/user/user.service.ts(78,42): error TS2304: Cannot find name 'hashV'.

    at Object.<anonymous> (/Users/fernandolba/development/my-commerce/back/src/user/user.service.ts:1:7)
    at Module._compile (node:internal/modules/cjs/loader:1233:14)
    at Module._compile (/Users/fernandolba/development/my-commerce/back/node_modules/source-map-support/source-map-support.js:568:25)
    at Module.m._compile (/private/var/folders/y2/tl2vlwcd3x1bl4vhnjklflkc0000gn/T/ts-node-dev-hook-32593975892187066.js:69:33)
    at Module._extensions..js (node:internal/modules/cjs/loader:1287:10)
    at require.extensions..jsx.require.extensions..js (/private/var/folders/y2/tl2vlwcd3x1bl4vhnjklflkc0000gn/T/ts-node-dev-hook-32593975892187066.js:114:20)
    at require.extensions.<computed> (/private/var/folders/y2/tl2vlwcd3x1bl4vhnjklflkc0000gn/T/ts-node-dev-hook-32593975892187066.js:71:20)
    at Object.nodeDevHook [as .ts] (/Users/fernandolba/development/my-commerce/back/node_modules/ts-node-dev/lib/hook.js:63:13)
    at Module.load (node:internal/modules/cjs/loader:1091:32)
    at Function.Module._load (node:internal/modules/cjs/loader:938:12)
2023-11-23 21:35:30 error: uncaughtException: ⨯ Unable to compile TypeScript:
src/user/user.service.ts(78,32): error TS2322: Type 'Promise<string>' is not assignable to type 'string'.
src/user/user.service.ts(78,42): error TS2554: Expected 1 arguments, but got 0.

Error: ⨯ Unable to compile TypeScript:
src/user/user.service.ts(78,32): error TS2322: Type 'Promise<string>' is not assignable to type 'string'.
src/user/user.service.ts(78,42): error TS2554: Expected 1 arguments, but got 0.

    at Object.<anonymous> (/Users/fernandolba/development/my-commerce/back/src/user/user.service.ts:1:7)
    at Module._compile (node:internal/modules/cjs/loader:1233:14)
    at Module._compile (/Users/fernandolba/development/my-commerce/back/node_modules/source-map-support/source-map-support.js:568:25)
    at Module.m._compile (/private/var/folders/y2/tl2vlwcd3x1bl4vhnjklflkc0000gn/T/ts-node-dev-hook-32593975892187066.js:69:33)
    at Module._extensions..js (node:internal/modules/cjs/loader:1287:10)
    at require.extensions..jsx.require.extensions..js (/private/var/folders/y2/tl2vlwcd3x1bl4vhnjklflkc0000gn/T/ts-node-dev-hook-32593975892187066.js:114:20)
    at require.extensions.<computed> (/private/var/folders/y2/tl2vlwcd3x1bl4vhnjklflkc0000gn/T/ts-node-dev-hook-32593975892187066.js:71:20)
    at Object.nodeDevHook [as .ts] (/Users/fernandolba/development/my-commerce/back/node_modules/ts-node-dev/lib/hook.js:63:13)
    at Module.load (node:internal/modules/cjs/loader:1091:32)
    at Function.Module._load (node:internal/modules/cjs/loader:938:12)
2023-11-23 21:35:38 error: uncaughtException: ⨯ Unable to compile TypeScript:
src/user/user.service.ts(78,32): error TS2322: Type 'Promise<string>' is not assignable to type 'string'.

Error: ⨯ Unable to compile TypeScript:
src/user/user.service.ts(78,32): error TS2322: Type 'Promise<string>' is not assignable to type 'string'.

    at Object.<anonymous> (/Users/fernandolba/development/my-commerce/back/src/user/user.service.ts:1:7)
    at Module._compile (node:internal/modules/cjs/loader:1233:14)
    at Module._compile (/Users/fernandolba/development/my-commerce/back/node_modules/source-map-support/source-map-support.js:568:25)
    at Module.m._compile (/private/var/folders/y2/tl2vlwcd3x1bl4vhnjklflkc0000gn/T/ts-node-dev-hook-32593975892187066.js:69:33)
    at Module._extensions..js (node:internal/modules/cjs/loader:1287:10)
    at require.extensions..jsx.require.extensions..js (/private/var/folders/y2/tl2vlwcd3x1bl4vhnjklflkc0000gn/T/ts-node-dev-hook-32593975892187066.js:114:20)
    at require.extensions.<computed> (/private/var/folders/y2/tl2vlwcd3x1bl4vhnjklflkc0000gn/T/ts-node-dev-hook-32593975892187066.js:71:20)
    at Object.nodeDevHook [as .ts] (/Users/fernandolba/development/my-commerce/back/node_modules/ts-node-dev/lib/hook.js:63:13)
    at Module.load (node:internal/modules/cjs/loader:1091:32)
    at Function.Module._load (node:internal/modules/cjs/loader:938:12)
2023-11-23 21:35:42 error: uncaughtException: ⨯ Unable to compile TypeScript:
src/user/user.service.ts(78,33): error TS2322: Type 'Promise<string>' is not assignable to type 'string'.

Error: ⨯ Unable to compile TypeScript:
src/user/user.service.ts(78,33): error TS2322: Type 'Promise<string>' is not assignable to type 'string'.

    at Object.<anonymous> (/Users/fernandolba/development/my-commerce/back/src/user/user.service.ts:1:7)
    at Module._compile (node:internal/modules/cjs/loader:1233:14)
    at Module._compile (/Users/fernandolba/development/my-commerce/back/node_modules/source-map-support/source-map-support.js:568:25)
    at Module.m._compile (/private/var/folders/y2/tl2vlwcd3x1bl4vhnjklflkc0000gn/T/ts-node-dev-hook-32593975892187066.js:69:33)
    at Module._extensions..js (node:internal/modules/cjs/loader:1287:10)
    at require.extensions..jsx.require.extensions..js (/private/var/folders/y2/tl2vlwcd3x1bl4vhnjklflkc0000gn/T/ts-node-dev-hook-32593975892187066.js:114:20)
    at require.extensions.<computed> (/private/var/folders/y2/tl2vlwcd3x1bl4vhnjklflkc0000gn/T/ts-node-dev-hook-32593975892187066.js:71:20)
    at Object.nodeDevHook [as .ts] (/Users/fernandolba/development/my-commerce/back/node_modules/ts-node-dev/lib/hook.js:63:13)
    at Module.load (node:internal/modules/cjs/loader:1091:32)
    at Function.Module._load (node:internal/modules/cjs/loader:938:12)
2023-11-23 21:57:11 error: uncaughtException: ⨯ Unable to compile TypeScript:
src/routes/user.routes.ts(6,18): error TS2304: Cannot find name 'exten'.
src/routes/user.routes.ts(7,10): error TS2304: Cannot find name 'path'.
src/routes/user.routes.ts(8,10): error TS2552: Cannot find name 'router'. Did you mean 'Router'?
src/routes/user.routes.ts(9,10): error TS2552: Cannot find name 'userController'. Did you mean 'UserController'?
src/routes/user.routes.ts(11,3): error TS2304: Cannot find name 'constructor'.
src/routes/user.routes.ts(12,5): error TS2532: Object is possibly 'undefined'.
src/routes/user.routes.ts(18,10): error TS2552: Cannot find name 'initUserRoute'. Did you mean 'UserRoutes'?
src/routes/user.routes.ts(20,5): error TS2532: Object is possibly 'undefined'.
src/routes/user.routes.ts(20,24): error TS2532: Object is possibly 'undefined'.
src/routes/user.routes.ts(20,38): error TS2532: Object is possibly 'undefined'.
src/routes/user.routes.ts(23,5): error TS2532: Object is possibly 'undefined'.
src/routes/user.routes.ts(23,24): error TS2532: Object is possibly 'undefined'.
src/routes/user.routes.ts(23,41): error TS2532: Object is possibly 'undefined'.
src/routes/user.routes.ts(26,5): error TS2532: Object is possibly 'undefined'.
src/routes/user.routes.ts(26,25): error TS2532: Object is possibly 'undefined'.
src/routes/user.routes.ts(26,38): error TS2532: Object is possibly 'undefined'.
src/routes/user.routes.ts(29,5): error TS2532: Object is possibly 'undefined'.
src/routes/user.routes.ts(29,24): error TS2532: Object is possibly 'undefined'.
src/routes/user.routes.ts(29,41): error TS2532: Object is possibly 'undefined'.
src/routes/user.routes.ts(32,5): error TS2532: Object is possibly 'undefined'.
src/routes/user.routes.ts(32,27): error TS2532: Object is possibly 'undefined'.
src/routes/user.routes.ts(32,44): error TS2532: Object is possibly 'undefined'.
src/routes/user.routes.ts(6,18): error TS1005: '{' expected.
src/routes/user.routes.ts(7,3): error TS1128: Declaration or statement expected.
src/routes/user.routes.ts(8,3): error TS1128: Declaration or statement expected.
src/routes/user.routes.ts(9,3): error TS1128: Declaration or statement expected.
src/routes/user.routes.ts(11,17): error TS1005: ';' expected.
src/routes/user.routes.ts(18,3): error TS1128: Declaration or statement expected.
src/routes/user.routes.ts(18,26): error TS1005: ';' expected.

Error: ⨯ Unable to compile TypeScript:
src/routes/user.routes.ts(6,18): error TS2304: Cannot find name 'exten'.
src/routes/user.routes.ts(7,10): error TS2304: Cannot find name 'path'.
src/routes/user.routes.ts(8,10): error TS2552: Cannot find name 'router'. Did you mean 'Router'?
src/routes/user.routes.ts(9,10): error TS2552: Cannot find name 'userController'. Did you mean 'UserController'?
src/routes/user.routes.ts(11,3): error TS2304: Cannot find name 'constructor'.
src/routes/user.routes.ts(12,5): error TS2532: Object is possibly 'undefined'.
src/routes/user.routes.ts(18,10): error TS2552: Cannot find name 'initUserRoute'. Did you mean 'UserRoutes'?
src/routes/user.routes.ts(20,5): error TS2532: Object is possibly 'undefined'.
src/routes/user.routes.ts(20,24): error TS2532: Object is possibly 'undefined'.
src/routes/user.routes.ts(20,38): error TS2532: Object is possibly 'undefined'.
src/routes/user.routes.ts(23,5): error TS2532: Object is possibly 'undefined'.
src/routes/user.routes.ts(23,24): error TS2532: Object is possibly 'undefined'.
src/routes/user.routes.ts(23,41): error TS2532: Object is possibly 'undefined'.
src/routes/user.routes.ts(26,5): error TS2532: Object is possibly 'undefined'.
src/routes/user.routes.ts(26,25): error TS2532: Object is possibly 'undefined'.
src/routes/user.routes.ts(26,38): error TS2532: Object is possibly 'undefined'.
src/routes/user.routes.ts(29,5): error TS2532: Object is possibly 'undefined'.
src/routes/user.routes.ts(29,24): error TS2532: Object is possibly 'undefined'.
src/routes/user.routes.ts(29,41): error TS2532: Object is possibly 'undefined'.
src/routes/user.routes.ts(32,5): error TS2532: Object is possibly 'undefined'.
src/routes/user.routes.ts(32,27): error TS2532: Object is possibly 'undefined'.
src/routes/user.routes.ts(32,44): error TS2532: Object is possibly 'undefined'.
src/routes/user.routes.ts(6,18): error TS1005: '{' expected.
src/routes/user.routes.ts(7,3): error TS1128: Declaration or statement expected.
src/routes/user.routes.ts(8,3): error TS1128: Declaration or statement expected.
src/routes/user.routes.ts(9,3): error TS1128: Declaration or statement expected.
src/routes/user.routes.ts(11,17): error TS1005: ';' expected.
src/routes/user.routes.ts(18,3): error TS1128: Declaration or statement expected.
src/routes/user.routes.ts(18,26): error TS1005: ';' expected.

    at Object.<anonymous> (/Users/fernandolba/development/my-commerce/back/src/routes/user.routes.ts:1:7)
    at Module._compile (node:internal/modules/cjs/loader:1233:14)
    at Module._compile (/Users/fernandolba/development/my-commerce/back/node_modules/source-map-support/source-map-support.js:568:25)
    at Module.m._compile (/private/var/folders/y2/tl2vlwcd3x1bl4vhnjklflkc0000gn/T/ts-node-dev-hook-32593975892187066.js:69:33)
    at Module._extensions..js (node:internal/modules/cjs/loader:1287:10)
    at require.extensions..jsx.require.extensions..js (/private/var/folders/y2/tl2vlwcd3x1bl4vhnjklflkc0000gn/T/ts-node-dev-hook-32593975892187066.js:114:20)
    at require.extensions.<computed> (/private/var/folders/y2/tl2vlwcd3x1bl4vhnjklflkc0000gn/T/ts-node-dev-hook-32593975892187066.js:71:20)
    at Object.nodeDevHook [as .ts] (/Users/fernandolba/development/my-commerce/back/node_modules/ts-node-dev/lib/hook.js:63:13)
    at Module.load (node:internal/modules/cjs/loader:1091:32)
    at Function.Module._load (node:internal/modules/cjs/loader:938:12)
2023-11-23 21:57:15 error: uncaughtException: ⨯ Unable to compile TypeScript:
src/routes/user.routes.ts(7,26): error TS2314: Generic type 'BaseRouter<T, U>' requires 2 type argument(s).
src/routes/user.routes.ts(12,3): error TS2377: Constructors for derived classes must contain a 'super' call.
src/routes/user.routes.ts(13,5): error TS17009: 'super' must be called before accessing 'this' in the constructor of a derived class.

Error: ⨯ Unable to compile TypeScript:
src/routes/user.routes.ts(7,26): error TS2314: Generic type 'BaseRouter<T, U>' requires 2 type argument(s).
src/routes/user.routes.ts(12,3): error TS2377: Constructors for derived classes must contain a 'super' call.
src/routes/user.routes.ts(13,5): error TS17009: 'super' must be called before accessing 'this' in the constructor of a derived class.

    at Object.<anonymous> (/Users/fernandolba/development/my-commerce/back/src/routes/user.routes.ts:1:7)
    at Module._compile (node:internal/modules/cjs/loader:1233:14)
    at Module._compile (/Users/fernandolba/development/my-commerce/back/node_modules/source-map-support/source-map-support.js:568:25)
    at Module.m._compile (/private/var/folders/y2/tl2vlwcd3x1bl4vhnjklflkc0000gn/T/ts-node-dev-hook-32593975892187066.js:69:33)
    at Module._extensions..js (node:internal/modules/cjs/loader:1287:10)
    at require.extensions..jsx.require.extensions..js (/private/var/folders/y2/tl2vlwcd3x1bl4vhnjklflkc0000gn/T/ts-node-dev-hook-32593975892187066.js:114:20)
    at require.extensions.<computed> (/private/var/folders/y2/tl2vlwcd3x1bl4vhnjklflkc0000gn/T/ts-node-dev-hook-32593975892187066.js:71:20)
    at Object.nodeDevHook [as .ts] (/Users/fernandolba/development/my-commerce/back/node_modules/ts-node-dev/lib/hook.js:63:13)
    at Module.load (node:internal/modules/cjs/loader:1091:32)
    at Function.Module._load (node:internal/modules/cjs/loader:938:12)
2023-11-23 21:57:19 error: uncaughtException: ⨯ Unable to compile TypeScript:
src/routes/user.routes.ts(6,26): error TS2314: Generic type 'BaseRouter<T, U>' requires 2 type argument(s).
src/routes/user.routes.ts(11,3): error TS2377: Constructors for derived classes must contain a 'super' call.
src/routes/user.routes.ts(12,5): error TS17009: 'super' must be called before accessing 'this' in the constructor of a derived class.

Error: ⨯ Unable to compile TypeScript:
src/routes/user.routes.ts(6,26): error TS2314: Generic type 'BaseRouter<T, U>' requires 2 type argument(s).
src/routes/user.routes.ts(11,3): error TS2377: Constructors for derived classes must contain a 'super' call.
src/routes/user.routes.ts(12,5): error TS17009: 'super' must be called before accessing 'this' in the constructor of a derived class.

    at Object.<anonymous> (/Users/fernandolba/development/my-commerce/back/src/routes/user.routes.ts:1:7)
    at Module._compile (node:internal/modules/cjs/loader:1233:14)
    at Module._compile (/Users/fernandolba/development/my-commerce/back/node_modules/source-map-support/source-map-support.js:568:25)
    at Module.m._compile (/private/var/folders/y2/tl2vlwcd3x1bl4vhnjklflkc0000gn/T/ts-node-dev-hook-32593975892187066.js:69:33)
    at Module._extensions..js (node:internal/modules/cjs/loader:1287:10)
    at require.extensions..jsx.require.extensions..js (/private/var/folders/y2/tl2vlwcd3x1bl4vhnjklflkc0000gn/T/ts-node-dev-hook-32593975892187066.js:114:20)
    at require.extensions.<computed> (/private/var/folders/y2/tl2vlwcd3x1bl4vhnjklflkc0000gn/T/ts-node-dev-hook-32593975892187066.js:71:20)
    at Object.nodeDevHook [as .ts] (/Users/fernandolba/development/my-commerce/back/node_modules/ts-node-dev/lib/hook.js:63:13)
    at Module.load (node:internal/modules/cjs/loader:1091:32)
    at Function.Module._load (node:internal/modules/cjs/loader:938:12)
2023-11-23 21:57:22 error: uncaughtException: ⨯ Unable to compile TypeScript:
src/routes/user.routes.ts(6,26): error TS2314: Generic type 'BaseRouter<T, U>' requires 2 type argument(s).
src/routes/user.routes.ts(6,36): error TS1099: Type argument list cannot be empty.
src/routes/user.routes.ts(11,3): error TS2377: Constructors for derived classes must contain a 'super' call.
src/routes/user.routes.ts(12,5): error TS17009: 'super' must be called before accessing 'this' in the constructor of a derived class.

Error: ⨯ Unable to compile TypeScript:
src/routes/user.routes.ts(6,26): error TS2314: Generic type 'BaseRouter<T, U>' requires 2 type argument(s).
src/routes/user.routes.ts(6,36): error TS1099: Type argument list cannot be empty.
src/routes/user.routes.ts(11,3): error TS2377: Constructors for derived classes must contain a 'super' call.
src/routes/user.routes.ts(12,5): error TS17009: 'super' must be called before accessing 'this' in the constructor of a derived class.

    at Object.<anonymous> (/Users/fernandolba/development/my-commerce/back/src/routes/user.routes.ts:1:7)
    at Module._compile (node:internal/modules/cjs/loader:1233:14)
    at Module._compile (/Users/fernandolba/development/my-commerce/back/node_modules/source-map-support/source-map-support.js:568:25)
    at Module.m._compile (/private/var/folders/y2/tl2vlwcd3x1bl4vhnjklflkc0000gn/T/ts-node-dev-hook-32593975892187066.js:69:33)
    at Module._extensions..js (node:internal/modules/cjs/loader:1287:10)
    at require.extensions..jsx.require.extensions..js (/private/var/folders/y2/tl2vlwcd3x1bl4vhnjklflkc0000gn/T/ts-node-dev-hook-32593975892187066.js:114:20)
    at require.extensions.<computed> (/private/var/folders/y2/tl2vlwcd3x1bl4vhnjklflkc0000gn/T/ts-node-dev-hook-32593975892187066.js:71:20)
    at Object.nodeDevHook [as .ts] (/Users/fernandolba/development/my-commerce/back/node_modules/ts-node-dev/lib/hook.js:63:13)
    at Module.load (node:internal/modules/cjs/loader:1091:32)
    at Function.Module._load (node:internal/modules/cjs/loader:938:12)
2023-11-23 21:57:27 error: uncaughtException: ⨯ Unable to compile TypeScript:
src/routes/user.routes.ts(6,26): error TS2314: Generic type 'BaseRouter<T, U>' requires 2 type argument(s).
src/routes/user.routes.ts(6,37): error TS2304: Cannot find name 'User'.
src/routes/user.routes.ts(11,3): error TS2377: Constructors for derived classes must contain a 'super' call.
src/routes/user.routes.ts(12,5): error TS17009: 'super' must be called before accessing 'this' in the constructor of a derived class.

Error: ⨯ Unable to compile TypeScript:
src/routes/user.routes.ts(6,26): error TS2314: Generic type 'BaseRouter<T, U>' requires 2 type argument(s).
src/routes/user.routes.ts(6,37): error TS2304: Cannot find name 'User'.
src/routes/user.routes.ts(11,3): error TS2377: Constructors for derived classes must contain a 'super' call.
src/routes/user.routes.ts(12,5): error TS17009: 'super' must be called before accessing 'this' in the constructor of a derived class.

    at Object.<anonymous> (/Users/fernandolba/development/my-commerce/back/src/routes/user.routes.ts:1:7)
    at Module._compile (node:internal/modules/cjs/loader:1233:14)
    at Module._compile (/Users/fernandolba/development/my-commerce/back/node_modules/source-map-support/source-map-support.js:568:25)
    at Module.m._compile (/private/var/folders/y2/tl2vlwcd3x1bl4vhnjklflkc0000gn/T/ts-node-dev-hook-32593975892187066.js:69:33)
    at Module._extensions..js (node:internal/modules/cjs/loader:1287:10)
    at require.extensions..jsx.require.extensions..js (/private/var/folders/y2/tl2vlwcd3x1bl4vhnjklflkc0000gn/T/ts-node-dev-hook-32593975892187066.js:114:20)
    at require.extensions.<computed> (/private/var/folders/y2/tl2vlwcd3x1bl4vhnjklflkc0000gn/T/ts-node-dev-hook-32593975892187066.js:71:20)
    at Object.nodeDevHook [as .ts] (/Users/fernandolba/development/my-commerce/back/node_modules/ts-node-dev/lib/hook.js:63:13)
    at Module.load (node:internal/modules/cjs/loader:1091:32)
    at Function.Module._load (node:internal/modules/cjs/loader:938:12)
2023-11-23 21:57:31 error: uncaughtException: ⨯ Unable to compile TypeScript:
src/routes/user.routes.ts(6,26): error TS2314: Generic type 'BaseRouter<T, U>' requires 2 type argument(s).
src/routes/user.routes.ts(6,51): error TS1009: Trailing comma not allowed.
src/routes/user.routes.ts(11,3): error TS2377: Constructors for derived classes must contain a 'super' call.
src/routes/user.routes.ts(12,5): error TS17009: 'super' must be called before accessing 'this' in the constructor of a derived class.

Error: ⨯ Unable to compile TypeScript:
src/routes/user.routes.ts(6,26): error TS2314: Generic type 'BaseRouter<T, U>' requires 2 type argument(s).
src/routes/user.routes.ts(6,51): error TS1009: Trailing comma not allowed.
src/routes/user.routes.ts(11,3): error TS2377: Constructors for derived classes must contain a 'super' call.
src/routes/user.routes.ts(12,5): error TS17009: 'super' must be called before accessing 'this' in the constructor of a derived class.

    at Object.<anonymous> (/Users/fernandolba/development/my-commerce/back/src/routes/user.routes.ts:1:7)
    at Module._compile (node:internal/modules/cjs/loader:1233:14)
    at Module._compile (/Users/fernandolba/development/my-commerce/back/node_modules/source-map-support/source-map-support.js:568:25)
    at Module.m._compile (/private/var/folders/y2/tl2vlwcd3x1bl4vhnjklflkc0000gn/T/ts-node-dev-hook-32593975892187066.js:69:33)
    at Module._extensions..js (node:internal/modules/cjs/loader:1287:10)
    at require.extensions..jsx.require.extensions..js (/private/var/folders/y2/tl2vlwcd3x1bl4vhnjklflkc0000gn/T/ts-node-dev-hook-32593975892187066.js:114:20)
    at require.extensions.<computed> (/private/var/folders/y2/tl2vlwcd3x1bl4vhnjklflkc0000gn/T/ts-node-dev-hook-32593975892187066.js:71:20)
    at Object.nodeDevHook [as .ts] (/Users/fernandolba/development/my-commerce/back/node_modules/ts-node-dev/lib/hook.js:63:13)
    at Module.load (node:internal/modules/cjs/loader:1091:32)
    at Function.Module._load (node:internal/modules/cjs/loader:938:12)
2023-11-23 21:57:44 error: uncaughtException: ⨯ Unable to compile TypeScript:
src/routes/user.routes.ts(6,53): error TS2304: Cannot find name 'ValidateMiddleware'.
src/routes/user.routes.ts(11,3): error TS2377: Constructors for derived classes must contain a 'super' call.
src/routes/user.routes.ts(12,5): error TS17009: 'super' must be called before accessing 'this' in the constructor of a derived class.

Error: ⨯ Unable to compile TypeScript:
src/routes/user.routes.ts(6,53): error TS2304: Cannot find name 'ValidateMiddleware'.
src/routes/user.routes.ts(11,3): error TS2377: Constructors for derived classes must contain a 'super' call.
src/routes/user.routes.ts(12,5): error TS17009: 'super' must be called before accessing 'this' in the constructor of a derived class.

    at Object.<anonymous> (/Users/fernandolba/development/my-commerce/back/src/routes/user.routes.ts:1:7)
    at Module._compile (node:internal/modules/cjs/loader:1233:14)
    at Module._compile (/Users/fernandolba/development/my-commerce/back/node_modules/source-map-support/source-map-support.js:568:25)
    at Module.m._compile (/private/var/folders/y2/tl2vlwcd3x1bl4vhnjklflkc0000gn/T/ts-node-dev-hook-32593975892187066.js:69:33)
    at Module._extensions..js (node:internal/modules/cjs/loader:1287:10)
    at require.extensions..jsx.require.extensions..js (/private/var/folders/y2/tl2vlwcd3x1bl4vhnjklflkc0000gn/T/ts-node-dev-hook-32593975892187066.js:114:20)
    at require.extensions.<computed> (/private/var/folders/y2/tl2vlwcd3x1bl4vhnjklflkc0000gn/T/ts-node-dev-hook-32593975892187066.js:71:20)
    at Object.nodeDevHook [as .ts] (/Users/fernandolba/development/my-commerce/back/node_modules/ts-node-dev/lib/hook.js:63:13)
    at Module.load (node:internal/modules/cjs/loader:1091:32)
    at Function.Module._load (node:internal/modules/cjs/loader:938:12)
2023-11-23 22:17:42 error: uncaughtException: ⨯ Unable to compile TypeScript:
src/routes/user.routes.ts(12,3): error TS2377: Constructors for derived classes must contain a 'super' call.
src/routes/user.routes.ts(13,5): error TS17009: 'super' must be called before accessing 'this' in the constructor of a derived class.

Error: ⨯ Unable to compile TypeScript:
src/routes/user.routes.ts(12,3): error TS2377: Constructors for derived classes must contain a 'super' call.
src/routes/user.routes.ts(13,5): error TS17009: 'super' must be called before accessing 'this' in the constructor of a derived class.

    at Object.<anonymous> (/Users/fernandolba/development/my-commerce/back/src/routes/user.routes.ts:1:7)
    at Module._compile (node:internal/modules/cjs/loader:1233:14)
    at Module._compile (/Users/fernandolba/development/my-commerce/back/node_modules/source-map-support/source-map-support.js:568:25)
    at Module.m._compile (/private/var/folders/y2/tl2vlwcd3x1bl4vhnjklflkc0000gn/T/ts-node-dev-hook-32593975892187066.js:69:33)
    at Module._extensions..js (node:internal/modules/cjs/loader:1287:10)
    at require.extensions..jsx.require.extensions..js (/private/var/folders/y2/tl2vlwcd3x1bl4vhnjklflkc0000gn/T/ts-node-dev-hook-32593975892187066.js:114:20)
    at require.extensions.<computed> (/private/var/folders/y2/tl2vlwcd3x1bl4vhnjklflkc0000gn/T/ts-node-dev-hook-32593975892187066.js:71:20)
    at Object.nodeDevHook [as .ts] (/Users/fernandolba/development/my-commerce/back/node_modules/ts-node-dev/lib/hook.js:63:13)
    at Module.load (node:internal/modules/cjs/loader:1091:32)
    at Function.Module._load (node:internal/modules/cjs/loader:938:12)
2023-11-23 22:18:14 error: uncaughtException: ⨯ Unable to compile TypeScript:
src/routes/user.routes.ts(13,5): error TS2554: Expected 2 arguments, but got 0.

Error: ⨯ Unable to compile TypeScript:
src/routes/user.routes.ts(13,5): error TS2554: Expected 2 arguments, but got 0.

    at Object.<anonymous> (/Users/fernandolba/development/my-commerce/back/src/routes/user.routes.ts:1:7)
    at Module._compile (node:internal/modules/cjs/loader:1233:14)
    at Module._compile (/Users/fernandolba/development/my-commerce/back/node_modules/source-map-support/source-map-support.js:568:25)
    at Module.m._compile (/private/var/folders/y2/tl2vlwcd3x1bl4vhnjklflkc0000gn/T/ts-node-dev-hook-32593975892187066.js:69:33)
    at Module._extensions..js (node:internal/modules/cjs/loader:1287:10)
    at require.extensions..jsx.require.extensions..js (/private/var/folders/y2/tl2vlwcd3x1bl4vhnjklflkc0000gn/T/ts-node-dev-hook-32593975892187066.js:114:20)
    at require.extensions.<computed> (/private/var/folders/y2/tl2vlwcd3x1bl4vhnjklflkc0000gn/T/ts-node-dev-hook-32593975892187066.js:71:20)
    at Object.nodeDevHook [as .ts] (/Users/fernandolba/development/my-commerce/back/node_modules/ts-node-dev/lib/hook.js:63:13)
    at Module.load (node:internal/modules/cjs/loader:1091:32)
    at Function.Module._load (node:internal/modules/cjs/loader:938:12)
2023-11-23 22:18:18 error: uncaughtException: ⨯ Unable to compile TypeScript:
src/routes/user.routes.ts(13,5): error TS2554: Expected 2 arguments, but got 0.

Error: ⨯ Unable to compile TypeScript:
src/routes/user.routes.ts(13,5): error TS2554: Expected 2 arguments, but got 0.

    at Object.<anonymous> (/Users/fernandolba/development/my-commerce/back/src/routes/user.routes.ts:1:7)
    at Module._compile (node:internal/modules/cjs/loader:1233:14)
    at Module._compile (/Users/fernandolba/development/my-commerce/back/node_modules/source-map-support/source-map-support.js:568:25)
    at Module.m._compile (/private/var/folders/y2/tl2vlwcd3x1bl4vhnjklflkc0000gn/T/ts-node-dev-hook-32593975892187066.js:69:33)
    at Module._extensions..js (node:internal/modules/cjs/loader:1287:10)
    at require.extensions..jsx.require.extensions..js (/private/var/folders/y2/tl2vlwcd3x1bl4vhnjklflkc0000gn/T/ts-node-dev-hook-32593975892187066.js:114:20)
    at require.extensions.<computed> (/private/var/folders/y2/tl2vlwcd3x1bl4vhnjklflkc0000gn/T/ts-node-dev-hook-32593975892187066.js:71:20)
    at Object.nodeDevHook [as .ts] (/Users/fernandolba/development/my-commerce/back/node_modules/ts-node-dev/lib/hook.js:63:13)
    at Module.load (node:internal/modules/cjs/loader:1091:32)
    at Function.Module._load (node:internal/modules/cjs/loader:938:12)
2023-11-23 22:18:26 error: uncaughtException: ⨯ Unable to compile TypeScript:
src/routes/user.routes.ts(13,5): error TS2554: Expected 2 arguments, but got 1.
src/routes/user.routes.ts(13,11): error TS17009: 'super' must be called before accessing 'this' in the constructor of a derived class.
src/routes/user.routes.ts(13,16): error TS1003: Identifier expected.

Error: ⨯ Unable to compile TypeScript:
src/routes/user.routes.ts(13,5): error TS2554: Expected 2 arguments, but got 1.
src/routes/user.routes.ts(13,11): error TS17009: 'super' must be called before accessing 'this' in the constructor of a derived class.
src/routes/user.routes.ts(13,16): error TS1003: Identifier expected.

    at Object.<anonymous> (/Users/fernandolba/development/my-commerce/back/src/routes/user.routes.ts:1:7)
    at Module._compile (node:internal/modules/cjs/loader:1233:14)
    at Module._compile (/Users/fernandolba/development/my-commerce/back/node_modules/source-map-support/source-map-support.js:568:25)
    at Module.m._compile (/private/var/folders/y2/tl2vlwcd3x1bl4vhnjklflkc0000gn/T/ts-node-dev-hook-32593975892187066.js:69:33)
    at Module._extensions..js (node:internal/modules/cjs/loader:1287:10)
    at require.extensions..jsx.require.extensions..js (/private/var/folders/y2/tl2vlwcd3x1bl4vhnjklflkc0000gn/T/ts-node-dev-hook-32593975892187066.js:114:20)
    at require.extensions.<computed> (/private/var/folders/y2/tl2vlwcd3x1bl4vhnjklflkc0000gn/T/ts-node-dev-hook-32593975892187066.js:71:20)
    at Object.nodeDevHook [as .ts] (/Users/fernandolba/development/my-commerce/back/node_modules/ts-node-dev/lib/hook.js:63:13)
    at Module.load (node:internal/modules/cjs/loader:1091:32)
    at Function.Module._load (node:internal/modules/cjs/loader:938:12)
2023-11-23 22:18:29 error: uncaughtException: ⨯ Unable to compile TypeScript:
src/routes/user.routes.ts(13,5): error TS2554: Expected 2 arguments, but got 1.
src/routes/user.routes.ts(13,11): error TS17009: 'super' must be called before accessing 'this' in the constructor of a derived class.

Error: ⨯ Unable to compile TypeScript:
src/routes/user.routes.ts(13,5): error TS2554: Expected 2 arguments, but got 1.
src/routes/user.routes.ts(13,11): error TS17009: 'super' must be called before accessing 'this' in the constructor of a derived class.

    at Object.<anonymous> (/Users/fernandolba/development/my-commerce/back/src/routes/user.routes.ts:1:7)
    at Module._compile (node:internal/modules/cjs/loader:1233:14)
    at Module._compile (/Users/fernandolba/development/my-commerce/back/node_modules/source-map-support/source-map-support.js:568:25)
    at Module.m._compile (/private/var/folders/y2/tl2vlwcd3x1bl4vhnjklflkc0000gn/T/ts-node-dev-hook-32593975892187066.js:69:33)
    at Module._extensions..js (node:internal/modules/cjs/loader:1287:10)
    at require.extensions..jsx.require.extensions..js (/private/var/folders/y2/tl2vlwcd3x1bl4vhnjklflkc0000gn/T/ts-node-dev-hook-32593975892187066.js:114:20)
    at require.extensions.<computed> (/private/var/folders/y2/tl2vlwcd3x1bl4vhnjklflkc0000gn/T/ts-node-dev-hook-32593975892187066.js:71:20)
    at Object.nodeDevHook [as .ts] (/Users/fernandolba/development/my-commerce/back/node_modules/ts-node-dev/lib/hook.js:63:13)
    at Module.load (node:internal/modules/cjs/loader:1091:32)
    at Function.Module._load (node:internal/modules/cjs/loader:938:12)
2023-11-23 22:18:33 error: uncaughtException: ⨯ Unable to compile TypeScript:
src/routes/user.routes.ts(13,5): error TS2554: Expected 2 arguments, but got 1.
src/routes/user.routes.ts(13,11): error TS17009: 'super' must be called before accessing 'this' in the constructor of a derived class.

Error: ⨯ Unable to compile TypeScript:
src/routes/user.routes.ts(13,5): error TS2554: Expected 2 arguments, but got 1.
src/routes/user.routes.ts(13,11): error TS17009: 'super' must be called before accessing 'this' in the constructor of a derived class.

    at Object.<anonymous> (/Users/fernandolba/development/my-commerce/back/src/routes/user.routes.ts:1:7)
    at Module._compile (node:internal/modules/cjs/loader:1233:14)
    at Module._compile (/Users/fernandolba/development/my-commerce/back/node_modules/source-map-support/source-map-support.js:568:25)
    at Module.m._compile (/private/var/folders/y2/tl2vlwcd3x1bl4vhnjklflkc0000gn/T/ts-node-dev-hook-32593975892187066.js:69:33)
    at Module._extensions..js (node:internal/modules/cjs/loader:1287:10)
    at require.extensions..jsx.require.extensions..js (/private/var/folders/y2/tl2vlwcd3x1bl4vhnjklflkc0000gn/T/ts-node-dev-hook-32593975892187066.js:114:20)
    at require.extensions.<computed> (/private/var/folders/y2/tl2vlwcd3x1bl4vhnjklflkc0000gn/T/ts-node-dev-hook-32593975892187066.js:71:20)
    at Object.nodeDevHook [as .ts] (/Users/fernandolba/development/my-commerce/back/node_modules/ts-node-dev/lib/hook.js:63:13)
    at Module.load (node:internal/modules/cjs/loader:1091:32)
    at Function.Module._load (node:internal/modules/cjs/loader:938:12)
2023-11-23 22:18:37 error: uncaughtException: ⨯ Unable to compile TypeScript:
src/routes/user.routes.ts(13,11): error TS17009: 'super' must be called before accessing 'this' in the constructor of a derived class.
src/routes/user.routes.ts(13,11): error TS2345: Argument of type 'UserController' is not assignable to parameter of type 'new () => UserController'.
  Type 'UserController' provides no match for the signature 'new (): UserController'.

Error: ⨯ Unable to compile TypeScript:
src/routes/user.routes.ts(13,11): error TS17009: 'super' must be called before accessing 'this' in the constructor of a derived class.
src/routes/user.routes.ts(13,11): error TS2345: Argument of type 'UserController' is not assignable to parameter of type 'new () => UserController'.
  Type 'UserController' provides no match for the signature 'new (): UserController'.

    at Object.<anonymous> (/Users/fernandolba/development/my-commerce/back/src/routes/user.routes.ts:1:7)
    at Module._compile (node:internal/modules/cjs/loader:1233:14)
    at Module._compile (/Users/fernandolba/development/my-commerce/back/node_modules/source-map-support/source-map-support.js:568:25)
    at Module.m._compile (/private/var/folders/y2/tl2vlwcd3x1bl4vhnjklflkc0000gn/T/ts-node-dev-hook-32593975892187066.js:69:33)
    at Module._extensions..js (node:internal/modules/cjs/loader:1287:10)
    at require.extensions..jsx.require.extensions..js (/private/var/folders/y2/tl2vlwcd3x1bl4vhnjklflkc0000gn/T/ts-node-dev-hook-32593975892187066.js:114:20)
    at require.extensions.<computed> (/private/var/folders/y2/tl2vlwcd3x1bl4vhnjklflkc0000gn/T/ts-node-dev-hook-32593975892187066.js:71:20)
    at Object.nodeDevHook [as .ts] (/Users/fernandolba/development/my-commerce/back/node_modules/ts-node-dev/lib/hook.js:63:13)
    at Module.load (node:internal/modules/cjs/loader:1091:32)
    at Function.Module._load (node:internal/modules/cjs/loader:938:12)
2023-11-23 22:20:15 error: uncaughtException: ⨯ Unable to compile TypeScript:
src/routes/user.routes.ts(28,39): error TS1109: Expression expected.
src/routes/user.routes.ts(28,41): error TS1005: ',' expected.

Error: ⨯ Unable to compile TypeScript:
src/routes/user.routes.ts(28,39): error TS1109: Expression expected.
src/routes/user.routes.ts(28,41): error TS1005: ',' expected.

    at Object.<anonymous> (/Users/fernandolba/development/my-commerce/back/src/routes/user.routes.ts:1:7)
    at Module._compile (node:internal/modules/cjs/loader:1233:14)
    at Module._compile (/Users/fernandolba/development/my-commerce/back/node_modules/source-map-support/source-map-support.js:568:25)
    at Module.m._compile (/private/var/folders/y2/tl2vlwcd3x1bl4vhnjklflkc0000gn/T/ts-node-dev-hook-32593975892187066.js:69:33)
    at Module._extensions..js (node:internal/modules/cjs/loader:1287:10)
    at require.extensions..jsx.require.extensions..js (/private/var/folders/y2/tl2vlwcd3x1bl4vhnjklflkc0000gn/T/ts-node-dev-hook-32593975892187066.js:114:20)
    at require.extensions.<computed> (/private/var/folders/y2/tl2vlwcd3x1bl4vhnjklflkc0000gn/T/ts-node-dev-hook-32593975892187066.js:71:20)
    at Object.nodeDevHook [as .ts] (/Users/fernandolba/development/my-commerce/back/node_modules/ts-node-dev/lib/hook.js:63:13)
    at Module.load (node:internal/modules/cjs/loader:1091:32)
    at Function.Module._load (node:internal/modules/cjs/loader:938:12)
2023-11-23 22:20:18 error: uncaughtException: ⨯ Unable to compile TypeScript:
src/routes/user.routes.ts(28,39): error TS1109: Expression expected.

Error: ⨯ Unable to compile TypeScript:
src/routes/user.routes.ts(28,39): error TS1109: Expression expected.

    at Object.<anonymous> (/Users/fernandolba/development/my-commerce/back/src/routes/user.routes.ts:1:7)
    at Module._compile (node:internal/modules/cjs/loader:1233:14)
    at Module._compile (/Users/fernandolba/development/my-commerce/back/node_modules/source-map-support/source-map-support.js:568:25)
    at Module.m._compile (/private/var/folders/y2/tl2vlwcd3x1bl4vhnjklflkc0000gn/T/ts-node-dev-hook-32593975892187066.js:69:33)
    at Module._extensions..js (node:internal/modules/cjs/loader:1287:10)
    at require.extensions..jsx.require.extensions..js (/private/var/folders/y2/tl2vlwcd3x1bl4vhnjklflkc0000gn/T/ts-node-dev-hook-32593975892187066.js:114:20)
    at require.extensions.<computed> (/private/var/folders/y2/tl2vlwcd3x1bl4vhnjklflkc0000gn/T/ts-node-dev-hook-32593975892187066.js:71:20)
    at Object.nodeDevHook [as .ts] (/Users/fernandolba/development/my-commerce/back/node_modules/ts-node-dev/lib/hook.js:63:13)
    at Module.load (node:internal/modules/cjs/loader:1091:32)
    at Function.Module._load (node:internal/modules/cjs/loader:938:12)
2023-11-23 22:20:22 error: uncaughtException: ⨯ Unable to compile TypeScript:
src/routes/user.routes.ts(28,39): error TS2304: Cannot find name 'req'.
src/routes/user.routes.ts(28,39): error TS2695: Left side of comma operator is unused and has no side effects.
src/routes/user.routes.ts(28,44): error TS2304: Cannot find name 'res'.

Error: ⨯ Unable to compile TypeScript:
src/routes/user.routes.ts(28,39): error TS2304: Cannot find name 'req'.
src/routes/user.routes.ts(28,39): error TS2695: Left side of comma operator is unused and has no side effects.
src/routes/user.routes.ts(28,44): error TS2304: Cannot find name 'res'.

    at Object.<anonymous> (/Users/fernandolba/development/my-commerce/back/src/routes/user.routes.ts:1:7)
    at Module._compile (node:internal/modules/cjs/loader:1233:14)
    at Module._compile (/Users/fernandolba/development/my-commerce/back/node_modules/source-map-support/source-map-support.js:568:25)
    at Module.m._compile (/private/var/folders/y2/tl2vlwcd3x1bl4vhnjklflkc0000gn/T/ts-node-dev-hook-32593975892187066.js:69:33)
    at Module._extensions..js (node:internal/modules/cjs/loader:1287:10)
    at require.extensions..jsx.require.extensions..js (/private/var/folders/y2/tl2vlwcd3x1bl4vhnjklflkc0000gn/T/ts-node-dev-hook-32593975892187066.js:114:20)
    at require.extensions.<computed> (/private/var/folders/y2/tl2vlwcd3x1bl4vhnjklflkc0000gn/T/ts-node-dev-hook-32593975892187066.js:71:20)
    at Object.nodeDevHook [as .ts] (/Users/fernandolba/development/my-commerce/back/node_modules/ts-node-dev/lib/hook.js:63:13)
    at Module.load (node:internal/modules/cjs/loader:1091:32)
    at Function.Module._load (node:internal/modules/cjs/loader:938:12)
2023-11-23 22:20:25 error: uncaughtException: ⨯ Unable to compile TypeScript:
src/routes/user.routes.ts(28,39): error TS2304: Cannot find name 'req'.
src/routes/user.routes.ts(28,39): error TS2695: Left side of comma operator is unused and has no side effects.
src/routes/user.routes.ts(28,39): error TS2695: Left side of comma operator is unused and has no side effects.
src/routes/user.routes.ts(28,44): error TS2304: Cannot find name 'res'.
src/routes/user.routes.ts(28,49): error TS2304: Cannot find name 'next'.

Error: ⨯ Unable to compile TypeScript:
src/routes/user.routes.ts(28,39): error TS2304: Cannot find name 'req'.
src/routes/user.routes.ts(28,39): error TS2695: Left side of comma operator is unused and has no side effects.
src/routes/user.routes.ts(28,39): error TS2695: Left side of comma operator is unused and has no side effects.
src/routes/user.routes.ts(28,44): error TS2304: Cannot find name 'res'.
src/routes/user.routes.ts(28,49): error TS2304: Cannot find name 'next'.

    at Object.<anonymous> (/Users/fernandolba/development/my-commerce/back/src/routes/user.routes.ts:1:7)
    at Module._compile (node:internal/modules/cjs/loader:1233:14)
    at Module._compile (/Users/fernandolba/development/my-commerce/back/node_modules/source-map-support/source-map-support.js:568:25)
    at Module.m._compile (/private/var/folders/y2/tl2vlwcd3x1bl4vhnjklflkc0000gn/T/ts-node-dev-hook-32593975892187066.js:69:33)
    at Module._extensions..js (node:internal/modules/cjs/loader:1287:10)
    at require.extensions..jsx.require.extensions..js (/private/var/folders/y2/tl2vlwcd3x1bl4vhnjklflkc0000gn/T/ts-node-dev-hook-32593975892187066.js:114:20)
    at require.extensions.<computed> (/private/var/folders/y2/tl2vlwcd3x1bl4vhnjklflkc0000gn/T/ts-node-dev-hook-32593975892187066.js:71:20)
    at Object.nodeDevHook [as .ts] (/Users/fernandolba/development/my-commerce/back/node_modules/ts-node-dev/lib/hook.js:63:13)
    at Module.load (node:internal/modules/cjs/loader:1091:32)
    at Function.Module._load (node:internal/modules/cjs/loader:938:12)
2023-11-23 22:20:33 error: uncaughtException: ⨯ Unable to compile TypeScript:
src/routes/user.routes.ts(28,39): error TS6133: 'req' is declared but its value is never read.
src/routes/user.routes.ts(28,44): error TS6133: 'res' is declared but its value is never read.
src/routes/user.routes.ts(28,49): error TS6133: 'next' is declared but its value is never read.
src/routes/user.routes.ts(28,58): error TS1109: Expression expected.

Error: ⨯ Unable to compile TypeScript:
src/routes/user.routes.ts(28,39): error TS6133: 'req' is declared but its value is never read.
src/routes/user.routes.ts(28,44): error TS6133: 'res' is declared but its value is never read.
src/routes/user.routes.ts(28,49): error TS6133: 'next' is declared but its value is never read.
src/routes/user.routes.ts(28,58): error TS1109: Expression expected.

    at Object.<anonymous> (/Users/fernandolba/development/my-commerce/back/src/routes/user.routes.ts:1:7)
    at Module._compile (node:internal/modules/cjs/loader:1233:14)
    at Module._compile (/Users/fernandolba/development/my-commerce/back/node_modules/source-map-support/source-map-support.js:568:25)
    at Module.m._compile (/private/var/folders/y2/tl2vlwcd3x1bl4vhnjklflkc0000gn/T/ts-node-dev-hook-32593975892187066.js:69:33)
    at Module._extensions..js (node:internal/modules/cjs/loader:1287:10)
    at require.extensions..jsx.require.extensions..js (/private/var/folders/y2/tl2vlwcd3x1bl4vhnjklflkc0000gn/T/ts-node-dev-hook-32593975892187066.js:114:20)
    at require.extensions.<computed> (/private/var/folders/y2/tl2vlwcd3x1bl4vhnjklflkc0000gn/T/ts-node-dev-hook-32593975892187066.js:71:20)
    at Object.nodeDevHook [as .ts] (/Users/fernandolba/development/my-commerce/back/node_modules/ts-node-dev/lib/hook.js:63:13)
    at Module.load (node:internal/modules/cjs/loader:1091:32)
    at Function.Module._load (node:internal/modules/cjs/loader:938:12)
2023-11-23 22:20:57 error: uncaughtException: ⨯ Unable to compile TypeScript:
src/routes/user.routes.ts(28,44): error TS1003: Identifier expected.

Error: ⨯ Unable to compile TypeScript:
src/routes/user.routes.ts(28,44): error TS1003: Identifier expected.

    at Object.<anonymous> (/Users/fernandolba/development/my-commerce/back/src/routes/user.routes.ts:1:7)
    at Module._compile (node:internal/modules/cjs/loader:1233:14)
    at Module._compile (/Users/fernandolba/development/my-commerce/back/node_modules/source-map-support/source-map-support.js:568:25)
    at Module.m._compile (/private/var/folders/y2/tl2vlwcd3x1bl4vhnjklflkc0000gn/T/ts-node-dev-hook-32593975892187066.js:69:33)
    at Module._extensions..js (node:internal/modules/cjs/loader:1287:10)
    at require.extensions..jsx.require.extensions..js (/private/var/folders/y2/tl2vlwcd3x1bl4vhnjklflkc0000gn/T/ts-node-dev-hook-32593975892187066.js:114:20)
    at require.extensions.<computed> (/private/var/folders/y2/tl2vlwcd3x1bl4vhnjklflkc0000gn/T/ts-node-dev-hook-32593975892187066.js:71:20)
    at Object.nodeDevHook [as .ts] (/Users/fernandolba/development/my-commerce/back/node_modules/ts-node-dev/lib/hook.js:63:13)
    at Module.load (node:internal/modules/cjs/loader:1091:32)
    at Function.Module._load (node:internal/modules/cjs/loader:938:12)
2023-11-23 22:23:02 error: uncaughtException: ⨯ Unable to compile TypeScript:
src/shared/router/base.router.ts(19,25): error TS2552: Cannot find name 'object'. Did you mean 'Object'?

Error: ⨯ Unable to compile TypeScript:
src/shared/router/base.router.ts(19,25): error TS2552: Cannot find name 'object'. Did you mean 'Object'?

    at Object.<anonymous> (/Users/fernandolba/development/my-commerce/back/src/shared/router/base.router.ts:1:7)
    at Module._compile (node:internal/modules/cjs/loader:1233:14)
    at Module._compile (/Users/fernandolba/development/my-commerce/back/node_modules/source-map-support/source-map-support.js:568:25)
    at Module.m._compile (/private/var/folders/y2/tl2vlwcd3x1bl4vhnjklflkc0000gn/T/ts-node-dev-hook-5273552858363046.js:69:33)
    at Module._extensions..js (node:internal/modules/cjs/loader:1287:10)
    at require.extensions..jsx.require.extensions..js (/private/var/folders/y2/tl2vlwcd3x1bl4vhnjklflkc0000gn/T/ts-node-dev-hook-5273552858363046.js:114:20)
    at require.extensions.<computed> (/private/var/folders/y2/tl2vlwcd3x1bl4vhnjklflkc0000gn/T/ts-node-dev-hook-5273552858363046.js:71:20)
    at Object.nodeDevHook [as .ts] (/Users/fernandolba/development/my-commerce/back/node_modules/ts-node-dev/lib/hook.js:63:13)
    at Module.load (node:internal/modules/cjs/loader:1091:32)
    at Function.Module._load (node:internal/modules/cjs/loader:938:12)
2023-11-23 22:23:41 error: uncaughtException: ⨯ Unable to compile TypeScript:
src/middlewares/validate-dto.middleware.ts(15,5): error TS2304: Cannot find name 'clg'.

Error: ⨯ Unable to compile TypeScript:
src/middlewares/validate-dto.middleware.ts(15,5): error TS2304: Cannot find name 'clg'.

    at Object.<anonymous> (/Users/fernandolba/development/my-commerce/back/src/middlewares/validate-dto.middleware.ts:1:7)
    at Module._compile (node:internal/modules/cjs/loader:1233:14)
    at Module._compile (/Users/fernandolba/development/my-commerce/back/node_modules/source-map-support/source-map-support.js:568:25)
    at Module.m._compile (/private/var/folders/y2/tl2vlwcd3x1bl4vhnjklflkc0000gn/T/ts-node-dev-hook-5273552858363046.js:69:33)
    at Module._extensions..js (node:internal/modules/cjs/loader:1287:10)
    at require.extensions..jsx.require.extensions..js (/private/var/folders/y2/tl2vlwcd3x1bl4vhnjklflkc0000gn/T/ts-node-dev-hook-5273552858363046.js:114:20)
    at require.extensions.<computed> (/private/var/folders/y2/tl2vlwcd3x1bl4vhnjklflkc0000gn/T/ts-node-dev-hook-5273552858363046.js:71:20)
    at Object.nodeDevHook [as .ts] (/Users/fernandolba/development/my-commerce/back/node_modules/ts-node-dev/lib/hook.js:63:13)
    at Module.load (node:internal/modules/cjs/loader:1091:32)
    at Function.Module._load (node:internal/modules/cjs/loader:938:12)
2023-11-23 22:23:44 error: uncaughtException: ⨯ Unable to compile TypeScript:
src/middlewares/validate-dto.middleware.ts(15,17): error TS2552: Cannot find name 'object'. Did you mean 'Object'?

Error: ⨯ Unable to compile TypeScript:
src/middlewares/validate-dto.middleware.ts(15,17): error TS2552: Cannot find name 'object'. Did you mean 'Object'?

    at Object.<anonymous> (/Users/fernandolba/development/my-commerce/back/src/middlewares/validate-dto.middleware.ts:1:7)
    at Module._compile (node:internal/modules/cjs/loader:1233:14)
    at Module._compile (/Users/fernandolba/development/my-commerce/back/node_modules/source-map-support/source-map-support.js:568:25)
    at Module.m._compile (/private/var/folders/y2/tl2vlwcd3x1bl4vhnjklflkc0000gn/T/ts-node-dev-hook-5273552858363046.js:69:33)
    at Module._extensions..js (node:internal/modules/cjs/loader:1287:10)
    at require.extensions..jsx.require.extensions..js (/private/var/folders/y2/tl2vlwcd3x1bl4vhnjklflkc0000gn/T/ts-node-dev-hook-5273552858363046.js:114:20)
    at require.extensions.<computed> (/private/var/folders/y2/tl2vlwcd3x1bl4vhnjklflkc0000gn/T/ts-node-dev-hook-5273552858363046.js:71:20)
    at Object.nodeDevHook [as .ts] (/Users/fernandolba/development/my-commerce/back/node_modules/ts-node-dev/lib/hook.js:63:13)
    at Module.load (node:internal/modules/cjs/loader:1091:32)
    at Function.Module._load (node:internal/modules/cjs/loader:938:12)
2023-11-23 22:24:02 error: uncaughtException: ⨯ Unable to compile TypeScript:
src/routes/user.routes.ts(28,38): error TS2769: No overload matches this call.
  The last overload gave the following error.
    Argument of type 'void' is not assignable to parameter of type 'RequestHandlerParams<ParamsDictionary, any, any, ParsedQs, Record<string, any>>'.

Error: ⨯ Unable to compile TypeScript:
src/routes/user.routes.ts(28,38): error TS2769: No overload matches this call.
  The last overload gave the following error.
    Argument of type 'void' is not assignable to parameter of type 'RequestHandlerParams<ParamsDictionary, any, any, ParsedQs, Record<string, any>>'.

    at Object.<anonymous> (/Users/fernandolba/development/my-commerce/back/src/routes/user.routes.ts:1:7)
    at Module._compile (node:internal/modules/cjs/loader:1233:14)
    at Module._compile (/Users/fernandolba/development/my-commerce/back/node_modules/source-map-support/source-map-support.js:568:25)
    at Module.m._compile (/private/var/folders/y2/tl2vlwcd3x1bl4vhnjklflkc0000gn/T/ts-node-dev-hook-5273552858363046.js:69:33)
    at Module._extensions..js (node:internal/modules/cjs/loader:1287:10)
    at require.extensions..jsx.require.extensions..js (/private/var/folders/y2/tl2vlwcd3x1bl4vhnjklflkc0000gn/T/ts-node-dev-hook-5273552858363046.js:114:20)
    at require.extensions.<computed> (/private/var/folders/y2/tl2vlwcd3x1bl4vhnjklflkc0000gn/T/ts-node-dev-hook-5273552858363046.js:71:20)
    at Object.nodeDevHook [as .ts] (/Users/fernandolba/development/my-commerce/back/node_modules/ts-node-dev/lib/hook.js:63:13)
    at Module.load (node:internal/modules/cjs/loader:1091:32)
    at Function.Module._load (node:internal/modules/cjs/loader:938:12)
2023-11-23 22:24:17 error: uncaughtException: ⨯ Unable to compile TypeScript:
src/routes/user.routes.ts(28,39): error TS1109: Expression expected.

Error: ⨯ Unable to compile TypeScript:
src/routes/user.routes.ts(28,39): error TS1109: Expression expected.

    at Object.<anonymous> (/Users/fernandolba/development/my-commerce/back/src/routes/user.routes.ts:1:7)
    at Module._compile (node:internal/modules/cjs/loader:1233:14)
    at Module._compile (/Users/fernandolba/development/my-commerce/back/node_modules/source-map-support/source-map-support.js:568:25)
    at Module.m._compile (/private/var/folders/y2/tl2vlwcd3x1bl4vhnjklflkc0000gn/T/ts-node-dev-hook-5273552858363046.js:69:33)
    at Module._extensions..js (node:internal/modules/cjs/loader:1287:10)
    at require.extensions..jsx.require.extensions..js (/private/var/folders/y2/tl2vlwcd3x1bl4vhnjklflkc0000gn/T/ts-node-dev-hook-5273552858363046.js:114:20)
    at require.extensions.<computed> (/private/var/folders/y2/tl2vlwcd3x1bl4vhnjklflkc0000gn/T/ts-node-dev-hook-5273552858363046.js:71:20)
    at Object.nodeDevHook [as .ts] (/Users/fernandolba/development/my-commerce/back/node_modules/ts-node-dev/lib/hook.js:63:13)
    at Module.load (node:internal/modules/cjs/loader:1091:32)
    at Function.Module._load (node:internal/modules/cjs/loader:938:12)
2023-11-23 22:24:20 error: uncaughtException: ⨯ Unable to compile TypeScript:
src/routes/user.routes.ts(28,39): error TS2304: Cannot find name 'req'.
src/routes/user.routes.ts(28,39): error TS2695: Left side of comma operator is unused and has no side effects.
src/routes/user.routes.ts(28,39): error TS2695: Left side of comma operator is unused and has no side effects.
src/routes/user.routes.ts(28,44): error TS2304: Cannot find name 'res'.
src/routes/user.routes.ts(28,49): error TS2304: Cannot find name 'next'.

Error: ⨯ Unable to compile TypeScript:
src/routes/user.routes.ts(28,39): error TS2304: Cannot find name 'req'.
src/routes/user.routes.ts(28,39): error TS2695: Left side of comma operator is unused and has no side effects.
src/routes/user.routes.ts(28,39): error TS2695: Left side of comma operator is unused and has no side effects.
src/routes/user.routes.ts(28,44): error TS2304: Cannot find name 'res'.
src/routes/user.routes.ts(28,49): error TS2304: Cannot find name 'next'.

    at Object.<anonymous> (/Users/fernandolba/development/my-commerce/back/src/routes/user.routes.ts:1:7)
    at Module._compile (node:internal/modules/cjs/loader:1233:14)
    at Module._compile (/Users/fernandolba/development/my-commerce/back/node_modules/source-map-support/source-map-support.js:568:25)
    at Module.m._compile (/private/var/folders/y2/tl2vlwcd3x1bl4vhnjklflkc0000gn/T/ts-node-dev-hook-5273552858363046.js:69:33)
    at Module._extensions..js (node:internal/modules/cjs/loader:1287:10)
    at require.extensions..jsx.require.extensions..js (/private/var/folders/y2/tl2vlwcd3x1bl4vhnjklflkc0000gn/T/ts-node-dev-hook-5273552858363046.js:114:20)
    at require.extensions.<computed> (/private/var/folders/y2/tl2vlwcd3x1bl4vhnjklflkc0000gn/T/ts-node-dev-hook-5273552858363046.js:71:20)
    at Object.nodeDevHook [as .ts] (/Users/fernandolba/development/my-commerce/back/node_modules/ts-node-dev/lib/hook.js:63:13)
    at Module.load (node:internal/modules/cjs/loader:1091:32)
    at Function.Module._load (node:internal/modules/cjs/loader:938:12)
2023-11-23 22:24:24 error: uncaughtException: ⨯ Unable to compile TypeScript:
src/routes/user.routes.ts(28,39): error TS6133: 'req' is declared but its value is never read.
src/routes/user.routes.ts(28,44): error TS6133: 'res' is declared but its value is never read.
src/routes/user.routes.ts(28,49): error TS6133: 'next' is declared but its value is never read.
src/routes/user.routes.ts(28,58): error TS1109: Expression expected.

Error: ⨯ Unable to compile TypeScript:
src/routes/user.routes.ts(28,39): error TS6133: 'req' is declared but its value is never read.
src/routes/user.routes.ts(28,44): error TS6133: 'res' is declared but its value is never read.
src/routes/user.routes.ts(28,49): error TS6133: 'next' is declared but its value is never read.
src/routes/user.routes.ts(28,58): error TS1109: Expression expected.

    at Object.<anonymous> (/Users/fernandolba/development/my-commerce/back/src/routes/user.routes.ts:1:7)
    at Module._compile (node:internal/modules/cjs/loader:1233:14)
    at Module._compile (/Users/fernandolba/development/my-commerce/back/node_modules/source-map-support/source-map-support.js:568:25)
    at Module.m._compile (/private/var/folders/y2/tl2vlwcd3x1bl4vhnjklflkc0000gn/T/ts-node-dev-hook-5273552858363046.js:69:33)
    at Module._extensions..js (node:internal/modules/cjs/loader:1287:10)
    at require.extensions..jsx.require.extensions..js (/private/var/folders/y2/tl2vlwcd3x1bl4vhnjklflkc0000gn/T/ts-node-dev-hook-5273552858363046.js:114:20)
    at require.extensions.<computed> (/private/var/folders/y2/tl2vlwcd3x1bl4vhnjklflkc0000gn/T/ts-node-dev-hook-5273552858363046.js:71:20)
    at Object.nodeDevHook [as .ts] (/Users/fernandolba/development/my-commerce/back/node_modules/ts-node-dev/lib/hook.js:63:13)
    at Module.load (node:internal/modules/cjs/loader:1091:32)
    at Function.Module._load (node:internal/modules/cjs/loader:938:12)
2023-11-23 22:24:35 error: uncaughtException: ⨯ Unable to compile TypeScript:
src/routes/user.routes.ts(28,39): error TS6133: 'req' is declared but its value is never read.
src/routes/user.routes.ts(28,44): error TS6133: 'res' is declared but its value is never read.
src/routes/user.routes.ts(28,49): error TS6133: 'next' is declared but its value is never read.

Error: ⨯ Unable to compile TypeScript:
src/routes/user.routes.ts(28,39): error TS6133: 'req' is declared but its value is never read.
src/routes/user.routes.ts(28,44): error TS6133: 'res' is declared but its value is never read.
src/routes/user.routes.ts(28,49): error TS6133: 'next' is declared but its value is never read.

    at Object.<anonymous> (/Users/fernandolba/development/my-commerce/back/src/routes/user.routes.ts:1:7)
    at Module._compile (node:internal/modules/cjs/loader:1233:14)
    at Module._compile (/Users/fernandolba/development/my-commerce/back/node_modules/source-map-support/source-map-support.js:568:25)
    at Module.m._compile (/private/var/folders/y2/tl2vlwcd3x1bl4vhnjklflkc0000gn/T/ts-node-dev-hook-5273552858363046.js:69:33)
    at Module._extensions..js (node:internal/modules/cjs/loader:1287:10)
    at require.extensions..jsx.require.extensions..js (/private/var/folders/y2/tl2vlwcd3x1bl4vhnjklflkc0000gn/T/ts-node-dev-hook-5273552858363046.js:114:20)
    at require.extensions.<computed> (/private/var/folders/y2/tl2vlwcd3x1bl4vhnjklflkc0000gn/T/ts-node-dev-hook-5273552858363046.js:71:20)
    at Object.nodeDevHook [as .ts] (/Users/fernandolba/development/my-commerce/back/node_modules/ts-node-dev/lib/hook.js:63:13)
    at Module.load (node:internal/modules/cjs/loader:1091:32)
    at Function.Module._load (node:internal/modules/cjs/loader:938:12)
2023-11-23 22:24:40 error: uncaughtException: ⨯ Unable to compile TypeScript:
src/routes/user.routes.ts(28,39): error TS6133: 'req' is declared but its value is never read.
src/routes/user.routes.ts(28,44): error TS6133: 'res' is declared but its value is never read.
src/routes/user.routes.ts(28,49): error TS6133: 'next' is declared but its value is never read.

Error: ⨯ Unable to compile TypeScript:
src/routes/user.routes.ts(28,39): error TS6133: 'req' is declared but its value is never read.
src/routes/user.routes.ts(28,44): error TS6133: 'res' is declared but its value is never read.
src/routes/user.routes.ts(28,49): error TS6133: 'next' is declared but its value is never read.

    at Object.<anonymous> (/Users/fernandolba/development/my-commerce/back/src/routes/user.routes.ts:1:7)
    at Module._compile (node:internal/modules/cjs/loader:1233:14)
    at Module._compile (/Users/fernandolba/development/my-commerce/back/node_modules/source-map-support/source-map-support.js:568:25)
    at Module.m._compile (/private/var/folders/y2/tl2vlwcd3x1bl4vhnjklflkc0000gn/T/ts-node-dev-hook-5273552858363046.js:69:33)
    at Module._extensions..js (node:internal/modules/cjs/loader:1287:10)
    at require.extensions..jsx.require.extensions..js (/private/var/folders/y2/tl2vlwcd3x1bl4vhnjklflkc0000gn/T/ts-node-dev-hook-5273552858363046.js:114:20)
    at require.extensions.<computed> (/private/var/folders/y2/tl2vlwcd3x1bl4vhnjklflkc0000gn/T/ts-node-dev-hook-5273552858363046.js:71:20)
    at Object.nodeDevHook [as .ts] (/Users/fernandolba/development/my-commerce/back/node_modules/ts-node-dev/lib/hook.js:63:13)
    at Module.load (node:internal/modules/cjs/loader:1091:32)
    at Function.Module._load (node:internal/modules/cjs/loader:938:12)
2023-11-23 22:24:43 error: uncaughtException: ⨯ Unable to compile TypeScript:
src/routes/user.routes.ts(28,39): error TS6133: 'req' is declared but its value is never read.
src/routes/user.routes.ts(28,44): error TS6133: 'res' is declared but its value is never read.
src/routes/user.routes.ts(28,49): error TS6133: 'next' is declared but its value is never read.
src/routes/user.routes.ts(28,64): error TS1003: Identifier expected.

Error: ⨯ Unable to compile TypeScript:
src/routes/user.routes.ts(28,39): error TS6133: 'req' is declared but its value is never read.
src/routes/user.routes.ts(28,44): error TS6133: 'res' is declared but its value is never read.
src/routes/user.routes.ts(28,49): error TS6133: 'next' is declared but its value is never read.
src/routes/user.routes.ts(28,64): error TS1003: Identifier expected.

    at Object.<anonymous> (/Users/fernandolba/development/my-commerce/back/src/routes/user.routes.ts:1:7)
    at Module._compile (node:internal/modules/cjs/loader:1233:14)
    at Module._compile (/Users/fernandolba/development/my-commerce/back/node_modules/source-map-support/source-map-support.js:568:25)
    at Module.m._compile (/private/var/folders/y2/tl2vlwcd3x1bl4vhnjklflkc0000gn/T/ts-node-dev-hook-5273552858363046.js:69:33)
    at Module._extensions..js (node:internal/modules/cjs/loader:1287:10)
    at require.extensions..jsx.require.extensions..js (/private/var/folders/y2/tl2vlwcd3x1bl4vhnjklflkc0000gn/T/ts-node-dev-hook-5273552858363046.js:114:20)
    at require.extensions.<computed> (/private/var/folders/y2/tl2vlwcd3x1bl4vhnjklflkc0000gn/T/ts-node-dev-hook-5273552858363046.js:71:20)
    at Object.nodeDevHook [as .ts] (/Users/fernandolba/development/my-commerce/back/node_modules/ts-node-dev/lib/hook.js:63:13)
    at Module.load (node:internal/modules/cjs/loader:1091:32)
    at Function.Module._load (node:internal/modules/cjs/loader:938:12)
2023-11-23 22:24:46 error: uncaughtException: ⨯ Unable to compile TypeScript:
src/routes/user.routes.ts(28,39): error TS6133: 'req' is declared but its value is never read.
src/routes/user.routes.ts(28,44): error TS6133: 'res' is declared but its value is never read.
src/routes/user.routes.ts(28,49): error TS6133: 'next' is declared but its value is never read.

Error: ⨯ Unable to compile TypeScript:
src/routes/user.routes.ts(28,39): error TS6133: 'req' is declared but its value is never read.
src/routes/user.routes.ts(28,44): error TS6133: 'res' is declared but its value is never read.
src/routes/user.routes.ts(28,49): error TS6133: 'next' is declared but its value is never read.

    at Object.<anonymous> (/Users/fernandolba/development/my-commerce/back/src/routes/user.routes.ts:1:7)
    at Module._compile (node:internal/modules/cjs/loader:1233:14)
    at Module._compile (/Users/fernandolba/development/my-commerce/back/node_modules/source-map-support/source-map-support.js:568:25)
    at Module.m._compile (/private/var/folders/y2/tl2vlwcd3x1bl4vhnjklflkc0000gn/T/ts-node-dev-hook-5273552858363046.js:69:33)
    at Module._extensions..js (node:internal/modules/cjs/loader:1287:10)
    at require.extensions..jsx.require.extensions..js (/private/var/folders/y2/tl2vlwcd3x1bl4vhnjklflkc0000gn/T/ts-node-dev-hook-5273552858363046.js:114:20)
    at require.extensions.<computed> (/private/var/folders/y2/tl2vlwcd3x1bl4vhnjklflkc0000gn/T/ts-node-dev-hook-5273552858363046.js:71:20)
    at Object.nodeDevHook [as .ts] (/Users/fernandolba/development/my-commerce/back/node_modules/ts-node-dev/lib/hook.js:63:13)
    at Module.load (node:internal/modules/cjs/loader:1091:32)
    at Function.Module._load (node:internal/modules/cjs/loader:938:12)
2023-11-23 22:24:50 error: uncaughtException: ⨯ Unable to compile TypeScript:
src/routes/user.routes.ts(28,39): error TS6133: 'req' is declared but its value is never read.
src/routes/user.routes.ts(28,44): error TS6133: 'res' is declared but its value is never read.
src/routes/user.routes.ts(28,49): error TS6133: 'next' is declared but its value is never read.
src/routes/user.routes.ts(28,75): error TS1003: Identifier expected.

Error: ⨯ Unable to compile TypeScript:
src/routes/user.routes.ts(28,39): error TS6133: 'req' is declared but its value is never read.
src/routes/user.routes.ts(28,44): error TS6133: 'res' is declared but its value is never read.
src/routes/user.routes.ts(28,49): error TS6133: 'next' is declared but its value is never read.
src/routes/user.routes.ts(28,75): error TS1003: Identifier expected.

    at Object.<anonymous> (/Users/fernandolba/development/my-commerce/back/src/routes/user.routes.ts:1:7)
    at Module._compile (node:internal/modules/cjs/loader:1233:14)
    at Module._compile (/Users/fernandolba/development/my-commerce/back/node_modules/source-map-support/source-map-support.js:568:25)
    at Module.m._compile (/private/var/folders/y2/tl2vlwcd3x1bl4vhnjklflkc0000gn/T/ts-node-dev-hook-5273552858363046.js:69:33)
    at Module._extensions..js (node:internal/modules/cjs/loader:1287:10)
    at require.extensions..jsx.require.extensions..js (/private/var/folders/y2/tl2vlwcd3x1bl4vhnjklflkc0000gn/T/ts-node-dev-hook-5273552858363046.js:114:20)
    at require.extensions.<computed> (/private/var/folders/y2/tl2vlwcd3x1bl4vhnjklflkc0000gn/T/ts-node-dev-hook-5273552858363046.js:71:20)
    at Object.nodeDevHook [as .ts] (/Users/fernandolba/development/my-commerce/back/node_modules/ts-node-dev/lib/hook.js:63:13)
    at Module.load (node:internal/modules/cjs/loader:1091:32)
    at Function.Module._load (node:internal/modules/cjs/loader:938:12)
2023-11-23 22:24:56 error: uncaughtException: ⨯ Unable to compile TypeScript:
src/routes/user.routes.ts(28,39): error TS6133: 'req' is declared but its value is never read.
src/routes/user.routes.ts(28,44): error TS6133: 'res' is declared but its value is never read.
src/routes/user.routes.ts(28,49): error TS6133: 'next' is declared but its value is never read.
src/routes/user.routes.ts(28,75): error TS2554: Expected 4 arguments, but got 0.

Error: ⨯ Unable to compile TypeScript:
src/routes/user.routes.ts(28,39): error TS6133: 'req' is declared but its value is never read.
src/routes/user.routes.ts(28,44): error TS6133: 'res' is declared but its value is never read.
src/routes/user.routes.ts(28,49): error TS6133: 'next' is declared but its value is never read.
src/routes/user.routes.ts(28,75): error TS2554: Expected 4 arguments, but got 0.

    at Object.<anonymous> (/Users/fernandolba/development/my-commerce/back/src/routes/user.routes.ts:1:7)
    at Module._compile (node:internal/modules/cjs/loader:1233:14)
    at Module._compile (/Users/fernandolba/development/my-commerce/back/node_modules/source-map-support/source-map-support.js:568:25)
    at Module.m._compile (/private/var/folders/y2/tl2vlwcd3x1bl4vhnjklflkc0000gn/T/ts-node-dev-hook-5273552858363046.js:69:33)
    at Module._extensions..js (node:internal/modules/cjs/loader:1287:10)
    at require.extensions..jsx.require.extensions..js (/private/var/folders/y2/tl2vlwcd3x1bl4vhnjklflkc0000gn/T/ts-node-dev-hook-5273552858363046.js:114:20)
    at require.extensions.<computed> (/private/var/folders/y2/tl2vlwcd3x1bl4vhnjklflkc0000gn/T/ts-node-dev-hook-5273552858363046.js:71:20)
    at Object.nodeDevHook [as .ts] (/Users/fernandolba/development/my-commerce/back/node_modules/ts-node-dev/lib/hook.js:63:13)
    at Module.load (node:internal/modules/cjs/loader:1091:32)
    at Function.Module._load (node:internal/modules/cjs/loader:938:12)
2023-11-23 22:25:08 error: uncaughtException: ⨯ Unable to compile TypeScript:
src/routes/user.routes.ts(29,49): error TS6133: 'next' is declared but its value is never read.
src/routes/user.routes.ts(29,75): error TS2554: Expected 4 arguments, but got 3.

Error: ⨯ Unable to compile TypeScript:
src/routes/user.routes.ts(29,49): error TS6133: 'next' is declared but its value is never read.
src/routes/user.routes.ts(29,75): error TS2554: Expected 4 arguments, but got 3.

    at Object.<anonymous> (/Users/fernandolba/development/my-commerce/back/src/routes/user.routes.ts:1:7)
    at Module._compile (node:internal/modules/cjs/loader:1233:14)
    at Module._compile (/Users/fernandolba/development/my-commerce/back/node_modules/source-map-support/source-map-support.js:568:25)
    at Module.m._compile (/private/var/folders/y2/tl2vlwcd3x1bl4vhnjklflkc0000gn/T/ts-node-dev-hook-5273552858363046.js:69:33)
    at Module._extensions..js (node:internal/modules/cjs/loader:1287:10)
    at require.extensions..jsx.require.extensions..js (/private/var/folders/y2/tl2vlwcd3x1bl4vhnjklflkc0000gn/T/ts-node-dev-hook-5273552858363046.js:114:20)
    at require.extensions.<computed> (/private/var/folders/y2/tl2vlwcd3x1bl4vhnjklflkc0000gn/T/ts-node-dev-hook-5273552858363046.js:71:20)
    at Object.nodeDevHook [as .ts] (/Users/fernandolba/development/my-commerce/back/node_modules/ts-node-dev/lib/hook.js:63:13)
    at Module.load (node:internal/modules/cjs/loader:1091:32)
    at Function.Module._load (node:internal/modules/cjs/loader:938:12)
2023-11-23 22:25:11 error: uncaughtException: ⨯ Unable to compile TypeScript:
src/routes/user.routes.ts(31,18): error TS6133: 'next' is declared but its value is never read.
src/routes/user.routes.ts(31,44): error TS2554: Expected 4 arguments, but got 3.

Error: ⨯ Unable to compile TypeScript:
src/routes/user.routes.ts(31,18): error TS6133: 'next' is declared but its value is never read.
src/routes/user.routes.ts(31,44): error TS2554: Expected 4 arguments, but got 3.

    at Object.<anonymous> (/Users/fernandolba/development/my-commerce/back/src/routes/user.routes.ts:1:7)
    at Module._compile (node:internal/modules/cjs/loader:1233:14)
    at Module._compile (/Users/fernandolba/development/my-commerce/back/node_modules/source-map-support/source-map-support.js:568:25)
    at Module.m._compile (/private/var/folders/y2/tl2vlwcd3x1bl4vhnjklflkc0000gn/T/ts-node-dev-hook-5273552858363046.js:69:33)
    at Module._extensions..js (node:internal/modules/cjs/loader:1287:10)
    at require.extensions..jsx.require.extensions..js (/private/var/folders/y2/tl2vlwcd3x1bl4vhnjklflkc0000gn/T/ts-node-dev-hook-5273552858363046.js:114:20)
    at require.extensions.<computed> (/private/var/folders/y2/tl2vlwcd3x1bl4vhnjklflkc0000gn/T/ts-node-dev-hook-5273552858363046.js:71:20)
    at Object.nodeDevHook [as .ts] (/Users/fernandolba/development/my-commerce/back/node_modules/ts-node-dev/lib/hook.js:63:13)
    at Module.load (node:internal/modules/cjs/loader:1091:32)
    at Function.Module._load (node:internal/modules/cjs/loader:938:12)
2023-11-23 22:25:15 error: uncaughtException: ⨯ Unable to compile TypeScript:
src/routes/user.routes.ts(31,7): error TS2769: No overload matches this call.
  The last overload gave the following error.
    Argument of type '(req: Request, res: Response<any, Record<string, any>, number>, next: NextFunction) => void[]' is not assignable to parameter of type 'RequestHandlerParams<ParamsDictionary, any, any, ParsedQs, Record<string, any>>'.
      Type '(req: Request, res: Response<any, Record<string, any>, number>, next: NextFunction) => void[]' is not assignable to type 'RequestHandler<ParamsDictionary, any, any, ParsedQs, Record<string, any>>'.
        Types of parameters 'req' and 'req' are incompatible.
          Type 'Request<ParamsDictionary, any, any, ParsedQs, Record<string, any>>' is missing the following properties from type 'Request': cache, credentials, destination, integrity, and 13 more.
src/routes/user.routes.ts(31,27): error TS6133: 'next' is declared but its value is never read.
src/routes/user.routes.ts(31,53): error TS2554: Expected 4 arguments, but got 3.

Error: ⨯ Unable to compile TypeScript:
src/routes/user.routes.ts(31,7): error TS2769: No overload matches this call.
  The last overload gave the following error.
    Argument of type '(req: Request, res: Response<any, Record<string, any>, number>, next: NextFunction) => void[]' is not assignable to parameter of type 'RequestHandlerParams<ParamsDictionary, any, any, ParsedQs, Record<string, any>>'.
      Type '(req: Request, res: Response<any, Record<string, any>, number>, next: NextFunction) => void[]' is not assignable to type 'RequestHandler<ParamsDictionary, any, any, ParsedQs, Record<string, any>>'.
        Types of parameters 'req' and 'req' are incompatible.
          Type 'Request<ParamsDictionary, any, any, ParsedQs, Record<string, any>>' is missing the following properties from type 'Request': cache, credentials, destination, integrity, and 13 more.
src/routes/user.routes.ts(31,27): error TS6133: 'next' is declared but its value is never read.
src/routes/user.routes.ts(31,53): error TS2554: Expected 4 arguments, but got 3.

    at Object.<anonymous> (/Users/fernandolba/development/my-commerce/back/src/routes/user.routes.ts:1:7)
    at Module._compile (node:internal/modules/cjs/loader:1233:14)
    at Module._compile (/Users/fernandolba/development/my-commerce/back/node_modules/source-map-support/source-map-support.js:568:25)
    at Module.m._compile (/private/var/folders/y2/tl2vlwcd3x1bl4vhnjklflkc0000gn/T/ts-node-dev-hook-5273552858363046.js:69:33)
    at Module._extensions..js (node:internal/modules/cjs/loader:1287:10)
    at require.extensions..jsx.require.extensions..js (/private/var/folders/y2/tl2vlwcd3x1bl4vhnjklflkc0000gn/T/ts-node-dev-hook-5273552858363046.js:114:20)
    at require.extensions.<computed> (/private/var/folders/y2/tl2vlwcd3x1bl4vhnjklflkc0000gn/T/ts-node-dev-hook-5273552858363046.js:71:20)
    at Object.nodeDevHook [as .ts] (/Users/fernandolba/development/my-commerce/back/node_modules/ts-node-dev/lib/hook.js:63:13)
    at Module.load (node:internal/modules/cjs/loader:1091:32)
    at Function.Module._load (node:internal/modules/cjs/loader:938:12)
2023-11-23 22:25:18 error: uncaughtException: ⨯ Unable to compile TypeScript:
src/routes/user.routes.ts(31,27): error TS6133: 'next' is declared but its value is never read.
src/routes/user.routes.ts(31,53): error TS2554: Expected 4 arguments, but got 3.

Error: ⨯ Unable to compile TypeScript:
src/routes/user.routes.ts(31,27): error TS6133: 'next' is declared but its value is never read.
src/routes/user.routes.ts(31,53): error TS2554: Expected 4 arguments, but got 3.

    at Object.<anonymous> (/Users/fernandolba/development/my-commerce/back/src/routes/user.routes.ts:1:7)
    at Module._compile (node:internal/modules/cjs/loader:1233:14)
    at Module._compile (/Users/fernandolba/development/my-commerce/back/node_modules/source-map-support/source-map-support.js:568:25)
    at Module.m._compile (/private/var/folders/y2/tl2vlwcd3x1bl4vhnjklflkc0000gn/T/ts-node-dev-hook-5273552858363046.js:69:33)
    at Module._extensions..js (node:internal/modules/cjs/loader:1287:10)
    at require.extensions..jsx.require.extensions..js (/private/var/folders/y2/tl2vlwcd3x1bl4vhnjklflkc0000gn/T/ts-node-dev-hook-5273552858363046.js:114:20)
    at require.extensions.<computed> (/private/var/folders/y2/tl2vlwcd3x1bl4vhnjklflkc0000gn/T/ts-node-dev-hook-5273552858363046.js:71:20)
    at Object.nodeDevHook [as .ts] (/Users/fernandolba/development/my-commerce/back/node_modules/ts-node-dev/lib/hook.js:63:13)
    at Module.load (node:internal/modules/cjs/loader:1091:32)
    at Function.Module._load (node:internal/modules/cjs/loader:938:12)
2023-11-23 22:25:23 error: uncaughtException: ⨯ Unable to compile TypeScript:
src/routes/user.routes.ts(31,7): error TS2769: No overload matches this call.
  The last overload gave the following error.
    Argument of type '(req: Request<ParamsDictionary, any, any, ParsedQs, Record<string, any>>, res: Response, next: NextFunction) => void[]' is not assignable to parameter of type 'RequestHandlerParams<ParamsDictionary, any, any, ParsedQs, Record<string, any>>'.
      Type '(req: Request<ParamsDictionary, any, any, ParsedQs, Record<string, any>>, res: Response, next: NextFunction) => void[]' is not assignable to type 'RequestHandler<ParamsDictionary, any, any, ParsedQs, Record<string, any>>'.
        Types of parameters 'res' and 'res' are incompatible.
          Type 'Response<any, Record<string, any>, number>' is missing the following properties from type 'Response': headers, ok, redirected, statusText, and 8 more.
src/routes/user.routes.ts(31,37): error TS6133: 'next' is declared but its value is never read.
src/routes/user.routes.ts(31,63): error TS2554: Expected 4 arguments, but got 3.

Error: ⨯ Unable to compile TypeScript:
src/routes/user.routes.ts(31,7): error TS2769: No overload matches this call.
  The last overload gave the following error.
    Argument of type '(req: Request<ParamsDictionary, any, any, ParsedQs, Record<string, any>>, res: Response, next: NextFunction) => void[]' is not assignable to parameter of type 'RequestHandlerParams<ParamsDictionary, any, any, ParsedQs, Record<string, any>>'.
      Type '(req: Request<ParamsDictionary, any, any, ParsedQs, Record<string, any>>, res: Response, next: NextFunction) => void[]' is not assignable to type 'RequestHandler<ParamsDictionary, any, any, ParsedQs, Record<string, any>>'.
        Types of parameters 'res' and 'res' are incompatible.
          Type 'Response<any, Record<string, any>, number>' is missing the following properties from type 'Response': headers, ok, redirected, statusText, and 8 more.
src/routes/user.routes.ts(31,37): error TS6133: 'next' is declared but its value is never read.
src/routes/user.routes.ts(31,63): error TS2554: Expected 4 arguments, but got 3.

    at Object.<anonymous> (/Users/fernandolba/development/my-commerce/back/src/routes/user.routes.ts:1:7)
    at Module._compile (node:internal/modules/cjs/loader:1233:14)
    at Module._compile (/Users/fernandolba/development/my-commerce/back/node_modules/source-map-support/source-map-support.js:568:25)
    at Module.m._compile (/private/var/folders/y2/tl2vlwcd3x1bl4vhnjklflkc0000gn/T/ts-node-dev-hook-5273552858363046.js:69:33)
    at Module._extensions..js (node:internal/modules/cjs/loader:1287:10)
    at require.extensions..jsx.require.extensions..js (/private/var/folders/y2/tl2vlwcd3x1bl4vhnjklflkc0000gn/T/ts-node-dev-hook-5273552858363046.js:114:20)
    at require.extensions.<computed> (/private/var/folders/y2/tl2vlwcd3x1bl4vhnjklflkc0000gn/T/ts-node-dev-hook-5273552858363046.js:71:20)
    at Object.nodeDevHook [as .ts] (/Users/fernandolba/development/my-commerce/back/node_modules/ts-node-dev/lib/hook.js:63:13)
    at Module.load (node:internal/modules/cjs/loader:1091:32)
    at Function.Module._load (node:internal/modules/cjs/loader:938:12)
2023-11-23 22:25:26 error: uncaughtException: ⨯ Unable to compile TypeScript:
src/routes/user.routes.ts(31,37): error TS6133: 'next' is declared but its value is never read.
src/routes/user.routes.ts(31,63): error TS2554: Expected 4 arguments, but got 3.

Error: ⨯ Unable to compile TypeScript:
src/routes/user.routes.ts(31,37): error TS6133: 'next' is declared but its value is never read.
src/routes/user.routes.ts(31,63): error TS2554: Expected 4 arguments, but got 3.

    at Object.<anonymous> (/Users/fernandolba/development/my-commerce/back/src/routes/user.routes.ts:1:7)
    at Module._compile (node:internal/modules/cjs/loader:1233:14)
    at Module._compile (/Users/fernandolba/development/my-commerce/back/node_modules/source-map-support/source-map-support.js:568:25)
    at Module.m._compile (/private/var/folders/y2/tl2vlwcd3x1bl4vhnjklflkc0000gn/T/ts-node-dev-hook-5273552858363046.js:69:33)
    at Module._extensions..js (node:internal/modules/cjs/loader:1287:10)
    at require.extensions..jsx.require.extensions..js (/private/var/folders/y2/tl2vlwcd3x1bl4vhnjklflkc0000gn/T/ts-node-dev-hook-5273552858363046.js:114:20)
    at require.extensions.<computed> (/private/var/folders/y2/tl2vlwcd3x1bl4vhnjklflkc0000gn/T/ts-node-dev-hook-5273552858363046.js:71:20)
    at Object.nodeDevHook [as .ts] (/Users/fernandolba/development/my-commerce/back/node_modules/ts-node-dev/lib/hook.js:63:13)
    at Module.load (node:internal/modules/cjs/loader:1091:32)
    at Function.Module._load (node:internal/modules/cjs/loader:938:12)
2023-11-23 22:35:51 error: ER_DUP_ENTRY: Duplicate entry 'hb@mail.com' for key 'IDX_e12875dfb3b1d92d7d7c5377e2'
2023-11-23 22:36:53 error: ER_DUP_ENTRY: Duplicate entry 'hb@mail.com' for key 'IDX_e12875dfb3b1d92d7d7c5377e2'
2023-11-23 22:40:40 error: uncaughtException: ⨯ Unable to compile TypeScript:
src/user/dto/user.dto.ts(13,3): error TS2300: Duplicate identifier 'name'.

Error: ⨯ Unable to compile TypeScript:
src/user/dto/user.dto.ts(13,3): error TS2300: Duplicate identifier 'name'.

    at Object.<anonymous> (/Users/fernandolba/development/my-commerce/back/src/user/dto/user.dto.ts:1:7)
    at Module._compile (node:internal/modules/cjs/loader:1233:14)
    at Module._compile (/Users/fernandolba/development/my-commerce/back/node_modules/source-map-support/source-map-support.js:568:25)
    at Module.m._compile (/private/var/folders/y2/tl2vlwcd3x1bl4vhnjklflkc0000gn/T/ts-node-dev-hook-14622393926364396.js:69:33)
    at Module._extensions..js (node:internal/modules/cjs/loader:1287:10)
    at require.extensions..jsx.require.extensions..js (/private/var/folders/y2/tl2vlwcd3x1bl4vhnjklflkc0000gn/T/ts-node-dev-hook-14622393926364396.js:114:20)
    at require.extensions.<computed> (/private/var/folders/y2/tl2vlwcd3x1bl4vhnjklflkc0000gn/T/ts-node-dev-hook-14622393926364396.js:71:20)
    at Object.nodeDevHook [as .ts] (/Users/fernandolba/development/my-commerce/back/node_modules/ts-node-dev/lib/hook.js:63:13)
    at Module.load (node:internal/modules/cjs/loader:1091:32)
    at Function.Module._load (node:internal/modules/cjs/loader:938:12)
2023-11-23 22:42:04 error: uncaughtException: ⨯ Unable to compile TypeScript:
src/user/entities/user.entity.ts(15,3): error TS2300: Duplicate identifier 'name'.

Error: ⨯ Unable to compile TypeScript:
src/user/entities/user.entity.ts(15,3): error TS2300: Duplicate identifier 'name'.

    at Object.<anonymous> (/Users/fernandolba/development/my-commerce/back/src/user/entities/user.entity.ts:1:7)
    at Module._compile (node:internal/modules/cjs/loader:1233:14)
    at Module._compile (/Users/fernandolba/development/my-commerce/back/node_modules/source-map-support/source-map-support.js:568:25)
    at Module.m._compile (/private/var/folders/y2/tl2vlwcd3x1bl4vhnjklflkc0000gn/T/ts-node-dev-hook-14622393926364396.js:69:33)
    at Module._extensions..js (node:internal/modules/cjs/loader:1287:10)
    at require.extensions..jsx.require.extensions..js (/private/var/folders/y2/tl2vlwcd3x1bl4vhnjklflkc0000gn/T/ts-node-dev-hook-14622393926364396.js:114:20)
    at require.extensions.<computed> (/private/var/folders/y2/tl2vlwcd3x1bl4vhnjklflkc0000gn/T/ts-node-dev-hook-14622393926364396.js:71:20)
    at Object.nodeDevHook [as .ts] (/Users/fernandolba/development/my-commerce/back/node_modules/ts-node-dev/lib/hook.js:63:13)
    at Module.load (node:internal/modules/cjs/loader:1091:32)
    at Function.Module._load (node:internal/modules/cjs/loader:938:12)
2023-11-23 22:42:11 error: uncaughtException: Data type "UserEntity" in "UserEntity.user" is not supported by "mysql" database.
DataTypeNotSupportedError: Data type "UserEntity" in "UserEntity.user" is not supported by "mysql" database.
    at /Users/fernandolba/development/my-commerce/back/src/metadata-builder/EntityMetadataValidator.ts:136:31
    at Array.forEach (<anonymous>)
    at EntityMetadataValidator.validate (/Users/fernandolba/development/my-commerce/back/src/metadata-builder/EntityMetadataValidator.ts:128:18)
    at /Users/fernandolba/development/my-commerce/back/src/metadata-builder/EntityMetadataValidator.ts:43:18
    at Array.forEach (<anonymous>)
    at EntityMetadataValidator.validateMany (/Users/fernandolba/development/my-commerce/back/src/metadata-builder/EntityMetadataValidator.ts:42:25)
    at DataSource.buildMetadatas (/Users/fernandolba/development/my-commerce/back/src/data-source/DataSource.ts:724:33)
    at DataSource.initialize (/Users/fernandolba/development/my-commerce/back/src/data-source/DataSource.ts:259:13)
    at UserService.initRepository (/Users/fernandolba/development/my-commerce/back/src/config/base.service.ts:27:24)
2023-11-23 22:42:11 error: uncaughtException: Data type "UserEntity" in "UserEntity.user" is not supported by "mysql" database.
DataTypeNotSupportedError: Data type "UserEntity" in "UserEntity.user" is not supported by "mysql" database.
    at /Users/fernandolba/development/my-commerce/back/src/metadata-builder/EntityMetadataValidator.ts:136:31
    at Array.forEach (<anonymous>)
    at EntityMetadataValidator.validate (/Users/fernandolba/development/my-commerce/back/src/metadata-builder/EntityMetadataValidator.ts:128:18)
    at /Users/fernandolba/development/my-commerce/back/src/metadata-builder/EntityMetadataValidator.ts:43:18
    at Array.forEach (<anonymous>)
    at EntityMetadataValidator.validateMany (/Users/fernandolba/development/my-commerce/back/src/metadata-builder/EntityMetadataValidator.ts:42:25)
    at DataSource.buildMetadatas (/Users/fernandolba/development/my-commerce/back/src/data-source/DataSource.ts:724:33)
    at DataSource.initialize (/Users/fernandolba/development/my-commerce/back/src/data-source/DataSource.ts:259:13)
    at CustomerService.initRepository (/Users/fernandolba/development/my-commerce/back/src/config/base.service.ts:27:24)
2023-11-23 22:42:11 error: uncaughtException: Cannot execute operation on "default" connection because connection is not yet established.
CannotExecuteNotConnectedError: Cannot execute operation on "default" connection because connection is not yet established.
    at DataSource.destroy (/Users/fernandolba/development/my-commerce/back/src/data-source/DataSource.ts:302:19)
    at DataSource.initialize (/Users/fernandolba/development/my-commerce/back/src/data-source/DataSource.ts:277:24)
    at UserService.initRepository (/Users/fernandolba/development/my-commerce/back/src/config/base.service.ts:27:24)
2023-11-23 22:43:12 error: uncaughtException: Data type "UserEntity" in "UserEntity.user" is not supported by "mysql" database.
DataTypeNotSupportedError: Data type "UserEntity" in "UserEntity.user" is not supported by "mysql" database.
    at /Users/fernandolba/development/my-commerce/back/src/metadata-builder/EntityMetadataValidator.ts:136:31
    at Array.forEach (<anonymous>)
    at EntityMetadataValidator.validate (/Users/fernandolba/development/my-commerce/back/src/metadata-builder/EntityMetadataValidator.ts:128:18)
    at /Users/fernandolba/development/my-commerce/back/src/metadata-builder/EntityMetadataValidator.ts:43:18
    at Array.forEach (<anonymous>)
    at EntityMetadataValidator.validateMany (/Users/fernandolba/development/my-commerce/back/src/metadata-builder/EntityMetadataValidator.ts:42:25)
    at DataSource.buildMetadatas (/Users/fernandolba/development/my-commerce/back/src/data-source/DataSource.ts:724:33)
    at DataSource.initialize (/Users/fernandolba/development/my-commerce/back/src/data-source/DataSource.ts:259:13)
    at CustomerService.initRepository (/Users/fernandolba/development/my-commerce/back/src/config/base.service.ts:27:24)
2023-11-23 22:43:12 error: uncaughtException: Cannot execute operation on "default" connection because connection is not yet established.
CannotExecuteNotConnectedError: Cannot execute operation on "default" connection because connection is not yet established.
    at DataSource.destroy (/Users/fernandolba/development/my-commerce/back/src/data-source/DataSource.ts:302:19)
    at DataSource.initialize (/Users/fernandolba/development/my-commerce/back/src/data-source/DataSource.ts:277:24)
    at UserService.initRepository (/Users/fernandolba/development/my-commerce/back/src/config/base.service.ts:27:24)
2023-11-23 22:43:12 error: uncaughtException: Data type "UserEntity" in "UserEntity.user" is not supported by "mysql" database.
DataTypeNotSupportedError: Data type "UserEntity" in "UserEntity.user" is not supported by "mysql" database.
    at /Users/fernandolba/development/my-commerce/back/src/metadata-builder/EntityMetadataValidator.ts:136:31
    at Array.forEach (<anonymous>)
    at EntityMetadataValidator.validate (/Users/fernandolba/development/my-commerce/back/src/metadata-builder/EntityMetadataValidator.ts:128:18)
    at /Users/fernandolba/development/my-commerce/back/src/metadata-builder/EntityMetadataValidator.ts:43:18
    at Array.forEach (<anonymous>)
    at EntityMetadataValidator.validateMany (/Users/fernandolba/development/my-commerce/back/src/metadata-builder/EntityMetadataValidator.ts:42:25)
    at DataSource.buildMetadatas (/Users/fernandolba/development/my-commerce/back/src/data-source/DataSource.ts:724:33)
    at DataSource.initialize (/Users/fernandolba/development/my-commerce/back/src/data-source/DataSource.ts:259:13)
    at UserService.initRepository (/Users/fernandolba/development/my-commerce/back/src/config/base.service.ts:27:24)
2023-11-23 22:43:43 error: uncaughtException: Data type "UserEntity" in "UserEntity.user" is not supported by "mysql" database.
DataTypeNotSupportedError: Data type "UserEntity" in "UserEntity.user" is not supported by "mysql" database.
    at /Users/fernandolba/development/my-commerce/back/src/metadata-builder/EntityMetadataValidator.ts:136:31
    at Array.forEach (<anonymous>)
    at EntityMetadataValidator.validate (/Users/fernandolba/development/my-commerce/back/src/metadata-builder/EntityMetadataValidator.ts:128:18)
    at /Users/fernandolba/development/my-commerce/back/src/metadata-builder/EntityMetadataValidator.ts:43:18
    at Array.forEach (<anonymous>)
    at EntityMetadataValidator.validateMany (/Users/fernandolba/development/my-commerce/back/src/metadata-builder/EntityMetadataValidator.ts:42:25)
    at DataSource.buildMetadatas (/Users/fernandolba/development/my-commerce/back/src/data-source/DataSource.ts:724:33)
    at DataSource.initialize (/Users/fernandolba/development/my-commerce/back/src/data-source/DataSource.ts:259:13)
    at UserService.initRepository (/Users/fernandolba/development/my-commerce/back/src/config/base.service.ts:27:24)
2023-11-23 22:43:43 error: uncaughtException: Cannot execute operation on "default" connection because connection is not yet established.
CannotExecuteNotConnectedError: Cannot execute operation on "default" connection because connection is not yet established.
    at DataSource.destroy (/Users/fernandolba/development/my-commerce/back/src/data-source/DataSource.ts:302:19)
    at DataSource.initialize (/Users/fernandolba/development/my-commerce/back/src/data-source/DataSource.ts:277:24)
    at CustomerService.initRepository (/Users/fernandolba/development/my-commerce/back/src/config/base.service.ts:27:24)
2023-11-23 22:43:43 error: uncaughtException: Data type "UserEntity" in "UserEntity.user" is not supported by "mysql" database.
DataTypeNotSupportedError: Data type "UserEntity" in "UserEntity.user" is not supported by "mysql" database.
    at /Users/fernandolba/development/my-commerce/back/src/metadata-builder/EntityMetadataValidator.ts:136:31
    at Array.forEach (<anonymous>)
    at EntityMetadataValidator.validate (/Users/fernandolba/development/my-commerce/back/src/metadata-builder/EntityMetadataValidator.ts:128:18)
    at /Users/fernandolba/development/my-commerce/back/src/metadata-builder/EntityMetadataValidator.ts:43:18
    at Array.forEach (<anonymous>)
    at EntityMetadataValidator.validateMany (/Users/fernandolba/development/my-commerce/back/src/metadata-builder/EntityMetadataValidator.ts:42:25)
    at DataSource.buildMetadatas (/Users/fernandolba/development/my-commerce/back/src/data-source/DataSource.ts:724:33)
    at DataSource.initialize (/Users/fernandolba/development/my-commerce/back/src/data-source/DataSource.ts:259:13)
    at UserService.initRepository (/Users/fernandolba/development/my-commerce/back/src/config/base.service.ts:27:24)
2023-11-23 22:47:15 error: uncaughtException: ⨯ Unable to compile TypeScript:
src/user/user.controller.ts(70,26): error TS2339: Property 'rest' does not exist on type 'UserEntity'.
src/user/user.controller.ts(72,40): error TS2304: Cannot find name 'newUser'.
src/user/user.controller.ts(70,24): error TS1180: Property destructuring pattern expected.
src/user/user.controller.ts(70,25): error TS1180: Property destructuring pattern expected.

Error: ⨯ Unable to compile TypeScript:
src/user/user.controller.ts(70,26): error TS2339: Property 'rest' does not exist on type 'UserEntity'.
src/user/user.controller.ts(72,40): error TS2304: Cannot find name 'newUser'.
src/user/user.controller.ts(70,24): error TS1180: Property destructuring pattern expected.
src/user/user.controller.ts(70,25): error TS1180: Property destructuring pattern expected.

    at Object.<anonymous> (/Users/fernandolba/development/my-commerce/back/src/user/user.controller.ts:1:7)
    at Module._compile (node:internal/modules/cjs/loader:1233:14)
    at Module._compile (/Users/fernandolba/development/my-commerce/back/node_modules/source-map-support/source-map-support.js:568:25)
    at Module.m._compile (/private/var/folders/y2/tl2vlwcd3x1bl4vhnjklflkc0000gn/T/ts-node-dev-hook-5986370807596324.js:69:33)
    at Module._extensions..js (node:internal/modules/cjs/loader:1287:10)
    at require.extensions..jsx.require.extensions..js (/private/var/folders/y2/tl2vlwcd3x1bl4vhnjklflkc0000gn/T/ts-node-dev-hook-5986370807596324.js:114:20)
    at require.extensions.<computed> (/private/var/folders/y2/tl2vlwcd3x1bl4vhnjklflkc0000gn/T/ts-node-dev-hook-5986370807596324.js:71:20)
    at Object.nodeDevHook [as .ts] (/Users/fernandolba/development/my-commerce/back/node_modules/ts-node-dev/lib/hook.js:63:13)
    at Module.load (node:internal/modules/cjs/loader:1091:32)
    at Function.Module._load (node:internal/modules/cjs/loader:938:12)
2023-11-23 22:47:18 error: uncaughtException: ⨯ Unable to compile TypeScript:
src/user/user.controller.ts(72,40): error TS2304: Cannot find name 'newUser'.

Error: ⨯ Unable to compile TypeScript:
src/user/user.controller.ts(72,40): error TS2304: Cannot find name 'newUser'.

    at Object.<anonymous> (/Users/fernandolba/development/my-commerce/back/src/user/user.controller.ts:1:7)
    at Module._compile (node:internal/modules/cjs/loader:1233:14)
    at Module._compile (/Users/fernandolba/development/my-commerce/back/node_modules/source-map-support/source-map-support.js:568:25)
    at Module.m._compile (/private/var/folders/y2/tl2vlwcd3x1bl4vhnjklflkc0000gn/T/ts-node-dev-hook-5986370807596324.js:69:33)
    at Module._extensions..js (node:internal/modules/cjs/loader:1287:10)
    at require.extensions..jsx.require.extensions..js (/private/var/folders/y2/tl2vlwcd3x1bl4vhnjklflkc0000gn/T/ts-node-dev-hook-5986370807596324.js:114:20)
    at require.extensions.<computed> (/private/var/folders/y2/tl2vlwcd3x1bl4vhnjklflkc0000gn/T/ts-node-dev-hook-5986370807596324.js:71:20)
    at Object.nodeDevHook [as .ts] (/Users/fernandolba/development/my-commerce/back/node_modules/ts-node-dev/lib/hook.js:63:13)
    at Module.load (node:internal/modules/cjs/loader:1091:32)
    at Function.Module._load (node:internal/modules/cjs/loader:938:12)
2023-11-23 22:47:32 error: uncaughtException: ⨯ Unable to compile TypeScript:
src/user/user.controller.ts(70,15): error TS2339: Property '_password' does not exist on type 'UserEntity'.

Error: ⨯ Unable to compile TypeScript:
src/user/user.controller.ts(70,15): error TS2339: Property '_password' does not exist on type 'UserEntity'.

    at Object.<anonymous> (/Users/fernandolba/development/my-commerce/back/src/user/user.controller.ts:1:7)
    at Module._compile (node:internal/modules/cjs/loader:1233:14)
    at Module._compile (/Users/fernandolba/development/my-commerce/back/node_modules/source-map-support/source-map-support.js:568:25)
    at Module.m._compile (/private/var/folders/y2/tl2vlwcd3x1bl4vhnjklflkc0000gn/T/ts-node-dev-hook-5986370807596324.js:69:33)
    at Module._extensions..js (node:internal/modules/cjs/loader:1287:10)
    at require.extensions..jsx.require.extensions..js (/private/var/folders/y2/tl2vlwcd3x1bl4vhnjklflkc0000gn/T/ts-node-dev-hook-5986370807596324.js:114:20)
    at require.extensions.<computed> (/private/var/folders/y2/tl2vlwcd3x1bl4vhnjklflkc0000gn/T/ts-node-dev-hook-5986370807596324.js:71:20)
    at Object.nodeDevHook [as .ts] (/Users/fernandolba/development/my-commerce/back/node_modules/ts-node-dev/lib/hook.js:63:13)
    at Module.load (node:internal/modules/cjs/loader:1091:32)
    at Function.Module._load (node:internal/modules/cjs/loader:938:12)
2023-11-23 22:48:52 error: uncaughtException: ⨯ Unable to compile TypeScript:
src/user/dto/user.dto.ts(20,3): error TS2304: Cannot find name 'password'.
src/user/dto/user.dto.ts(20,12): error TS2564: Property '(Missing)' has no initializer and is not definitely assigned in the constructor.
src/user/dto/user.dto.ts(20,12): error TS1146: Declaration expected.

Error: ⨯ Unable to compile TypeScript:
src/user/dto/user.dto.ts(20,3): error TS2304: Cannot find name 'password'.
src/user/dto/user.dto.ts(20,12): error TS2564: Property '(Missing)' has no initializer and is not definitely assigned in the constructor.
src/user/dto/user.dto.ts(20,12): error TS1146: Declaration expected.

    at Object.<anonymous> (/Users/fernandolba/development/my-commerce/back/src/user/dto/user.dto.ts:1:7)
    at Module._compile (node:internal/modules/cjs/loader:1233:14)
    at Module._compile (/Users/fernandolba/development/my-commerce/back/node_modules/source-map-support/source-map-support.js:568:25)
    at Module.m._compile (/private/var/folders/y2/tl2vlwcd3x1bl4vhnjklflkc0000gn/T/ts-node-dev-hook-5986370807596324.js:69:33)
    at Module._extensions..js (node:internal/modules/cjs/loader:1287:10)
    at require.extensions..jsx.require.extensions..js (/private/var/folders/y2/tl2vlwcd3x1bl4vhnjklflkc0000gn/T/ts-node-dev-hook-5986370807596324.js:114:20)
    at require.extensions.<computed> (/private/var/folders/y2/tl2vlwcd3x1bl4vhnjklflkc0000gn/T/ts-node-dev-hook-5986370807596324.js:71:20)
    at Object.nodeDevHook [as .ts] (/Users/fernandolba/development/my-commerce/back/node_modules/ts-node-dev/lib/hook.js:63:13)
    at Module.load (node:internal/modules/cjs/loader:1091:32)
    at Function.Module._load (node:internal/modules/cjs/loader:938:12)
2023-11-23 22:50:17 error: uncaughtException: ⨯ Unable to compile TypeScript:
src/user/user.controller.ts(72,40): error TS2552: Cannot find name 'rest'. Did you mean 'res'?

Error: ⨯ Unable to compile TypeScript:
src/user/user.controller.ts(72,40): error TS2552: Cannot find name 'rest'. Did you mean 'res'?

    at Object.<anonymous> (/Users/fernandolba/development/my-commerce/back/src/user/user.controller.ts:1:7)
    at Module._compile (node:internal/modules/cjs/loader:1233:14)
    at Module._compile (/Users/fernandolba/development/my-commerce/back/node_modules/source-map-support/source-map-support.js:568:25)
    at Module.m._compile (/private/var/folders/y2/tl2vlwcd3x1bl4vhnjklflkc0000gn/T/ts-node-dev-hook-5986370807596324.js:69:33)
    at Module._extensions..js (node:internal/modules/cjs/loader:1287:10)
    at require.extensions..jsx.require.extensions..js (/private/var/folders/y2/tl2vlwcd3x1bl4vhnjklflkc0000gn/T/ts-node-dev-hook-5986370807596324.js:114:20)
    at require.extensions.<computed> (/private/var/folders/y2/tl2vlwcd3x1bl4vhnjklflkc0000gn/T/ts-node-dev-hook-5986370807596324.js:71:20)
    at Object.nodeDevHook [as .ts] (/Users/fernandolba/development/my-commerce/back/node_modules/ts-node-dev/lib/hook.js:63:13)
    at Module.load (node:internal/modules/cjs/loader:1091:32)
    at Function.Module._load (node:internal/modules/cjs/loader:938:12)
2023-11-23 22:50:24 error: uncaughtException: ⨯ Unable to compile TypeScript:
src/user/user.controller.ts(70,22): error TS2304: Cannot find name 'User'.

Error: ⨯ Unable to compile TypeScript:
src/user/user.controller.ts(70,22): error TS2304: Cannot find name 'User'.

    at Object.<anonymous> (/Users/fernandolba/development/my-commerce/back/src/user/user.controller.ts:1:7)
    at Module._compile (node:internal/modules/cjs/loader:1233:14)
    at Module._compile (/Users/fernandolba/development/my-commerce/back/node_modules/source-map-support/source-map-support.js:568:25)
    at Module.m._compile (/private/var/folders/y2/tl2vlwcd3x1bl4vhnjklflkc0000gn/T/ts-node-dev-hook-5986370807596324.js:69:33)
    at Module._extensions..js (node:internal/modules/cjs/loader:1287:10)
    at require.extensions..jsx.require.extensions..js (/private/var/folders/y2/tl2vlwcd3x1bl4vhnjklflkc0000gn/T/ts-node-dev-hook-5986370807596324.js:114:20)
    at require.extensions.<computed> (/private/var/folders/y2/tl2vlwcd3x1bl4vhnjklflkc0000gn/T/ts-node-dev-hook-5986370807596324.js:71:20)
    at Object.nodeDevHook [as .ts] (/Users/fernandolba/development/my-commerce/back/node_modules/ts-node-dev/lib/hook.js:63:13)
    at Module.load (node:internal/modules/cjs/loader:1091:32)
    at Function.Module._load (node:internal/modules/cjs/loader:938:12)
2023-11-23 22:52:52 error: uncaughtException: ⨯ Unable to compile TypeScript:
src/user/user.service.ts(56,20): error TS2304: Cannot find name 'User'.

Error: ⨯ Unable to compile TypeScript:
src/user/user.service.ts(56,20): error TS2304: Cannot find name 'User'.

    at Object.<anonymous> (/Users/fernandolba/development/my-commerce/back/src/user/user.service.ts:1:7)
    at Module._compile (node:internal/modules/cjs/loader:1233:14)
    at Module._compile (/Users/fernandolba/development/my-commerce/back/node_modules/source-map-support/source-map-support.js:568:25)
    at Module.m._compile (/private/var/folders/y2/tl2vlwcd3x1bl4vhnjklflkc0000gn/T/ts-node-dev-hook-5986370807596324.js:69:33)
    at Module._extensions..js (node:internal/modules/cjs/loader:1287:10)
    at require.extensions..jsx.require.extensions..js (/private/var/folders/y2/tl2vlwcd3x1bl4vhnjklflkc0000gn/T/ts-node-dev-hook-5986370807596324.js:114:20)
    at require.extensions.<computed> (/private/var/folders/y2/tl2vlwcd3x1bl4vhnjklflkc0000gn/T/ts-node-dev-hook-5986370807596324.js:71:20)
    at Object.nodeDevHook [as .ts] (/Users/fernandolba/development/my-commerce/back/node_modules/ts-node-dev/lib/hook.js:63:13)
    at Module.load (node:internal/modules/cjs/loader:1091:32)
    at Function.Module._load (node:internal/modules/cjs/loader:938:12)
2023-11-23 23:03:52 error: uncaughtException: ⨯ Unable to compile TypeScript:
src/user/user.service.ts(57,104): error TS2339: Property 'a' does not exist on type 'UserEntity'.

Error: ⨯ Unable to compile TypeScript:
src/user/user.service.ts(57,104): error TS2339: Property 'a' does not exist on type 'UserEntity'.

    at Object.<anonymous> (/Users/fernandolba/development/my-commerce/back/src/user/user.service.ts:1:7)
    at Module._compile (node:internal/modules/cjs/loader:1233:14)
    at Module._compile (/Users/fernandolba/development/my-commerce/back/node_modules/source-map-support/source-map-support.js:568:25)
    at Module.m._compile (/private/var/folders/y2/tl2vlwcd3x1bl4vhnjklflkc0000gn/T/ts-node-dev-hook-5986370807596324.js:69:33)
    at Module._extensions..js (node:internal/modules/cjs/loader:1287:10)
    at require.extensions..jsx.require.extensions..js (/private/var/folders/y2/tl2vlwcd3x1bl4vhnjklflkc0000gn/T/ts-node-dev-hook-5986370807596324.js:114:20)
    at require.extensions.<computed> (/private/var/folders/y2/tl2vlwcd3x1bl4vhnjklflkc0000gn/T/ts-node-dev-hook-5986370807596324.js:71:20)
    at Object.nodeDevHook [as .ts] (/Users/fernandolba/development/my-commerce/back/node_modules/ts-node-dev/lib/hook.js:63:13)
    at Module.load (node:internal/modules/cjs/loader:1091:32)
    at Function.Module._load (node:internal/modules/cjs/loader:938:12)
2023-11-23 23:03:55 error: uncaughtException: ⨯ Unable to compile TypeScript:
src/user/user.service.ts(57,104): error TS2339: Property 'ad' does not exist on type 'UserEntity'.

Error: ⨯ Unable to compile TypeScript:
src/user/user.service.ts(57,104): error TS2339: Property 'ad' does not exist on type 'UserEntity'.

    at Object.<anonymous> (/Users/fernandolba/development/my-commerce/back/src/user/user.service.ts:1:7)
    at Module._compile (node:internal/modules/cjs/loader:1233:14)
    at Module._compile (/Users/fernandolba/development/my-commerce/back/node_modules/source-map-support/source-map-support.js:568:25)
    at Module.m._compile (/private/var/folders/y2/tl2vlwcd3x1bl4vhnjklflkc0000gn/T/ts-node-dev-hook-5986370807596324.js:69:33)
    at Module._extensions..js (node:internal/modules/cjs/loader:1287:10)
    at require.extensions..jsx.require.extensions..js (/private/var/folders/y2/tl2vlwcd3x1bl4vhnjklflkc0000gn/T/ts-node-dev-hook-5986370807596324.js:114:20)
    at require.extensions.<computed> (/private/var/folders/y2/tl2vlwcd3x1bl4vhnjklflkc0000gn/T/ts-node-dev-hook-5986370807596324.js:71:20)
    at Object.nodeDevHook [as .ts] (/Users/fernandolba/development/my-commerce/back/node_modules/ts-node-dev/lib/hook.js:63:13)
    at Module.load (node:internal/modules/cjs/loader:1091:32)
    at Function.Module._load (node:internal/modules/cjs/loader:938:12)
2023-11-23 23:03:58 error: uncaughtException: ⨯ Unable to compile TypeScript:
src/user/user.service.ts(57,104): error TS1003: Identifier expected.

Error: ⨯ Unable to compile TypeScript:
src/user/user.service.ts(57,104): error TS1003: Identifier expected.

    at Object.<anonymous> (/Users/fernandolba/development/my-commerce/back/src/user/user.service.ts:1:7)
    at Module._compile (node:internal/modules/cjs/loader:1233:14)
    at Module._compile (/Users/fernandolba/development/my-commerce/back/node_modules/source-map-support/source-map-support.js:568:25)
    at Module.m._compile (/private/var/folders/y2/tl2vlwcd3x1bl4vhnjklflkc0000gn/T/ts-node-dev-hook-5986370807596324.js:69:33)
    at Module._extensions..js (node:internal/modules/cjs/loader:1287:10)
    at require.extensions..jsx.require.extensions..js (/private/var/folders/y2/tl2vlwcd3x1bl4vhnjklflkc0000gn/T/ts-node-dev-hook-5986370807596324.js:114:20)
    at require.extensions.<computed> (/private/var/folders/y2/tl2vlwcd3x1bl4vhnjklflkc0000gn/T/ts-node-dev-hook-5986370807596324.js:71:20)
    at Object.nodeDevHook [as .ts] (/Users/fernandolba/development/my-commerce/back/node_modules/ts-node-dev/lib/hook.js:63:13)
    at Module.load (node:internal/modules/cjs/loader:1091:32)
    at Function.Module._load (node:internal/modules/cjs/loader:938:12)
2023-11-23 23:04:14 error: uncaughtException: ⨯ Unable to compile TypeScript:
src/user/user.service.ts(57,104): error TS2554: Expected 0-1 arguments, but got 2.
src/user/user.service.ts(60,5): error TS2740: Type 'UserEntity[]' is missing the following properties from type 'UserEntity': id, name, lastName, email, and 6 more.

Error: ⨯ Unable to compile TypeScript:
src/user/user.service.ts(57,104): error TS2554: Expected 0-1 arguments, but got 2.
src/user/user.service.ts(60,5): error TS2740: Type 'UserEntity[]' is missing the following properties from type 'UserEntity': id, name, lastName, email, and 6 more.

    at Object.<anonymous> (/Users/fernandolba/development/my-commerce/back/src/user/user.service.ts:1:7)
    at Module._compile (node:internal/modules/cjs/loader:1233:14)
    at Module._compile (/Users/fernandolba/development/my-commerce/back/node_modules/source-map-support/source-map-support.js:568:25)
    at Module.m._compile (/private/var/folders/y2/tl2vlwcd3x1bl4vhnjklflkc0000gn/T/ts-node-dev-hook-5986370807596324.js:69:33)
    at Module._extensions..js (node:internal/modules/cjs/loader:1287:10)
    at require.extensions..jsx.require.extensions..js (/private/var/folders/y2/tl2vlwcd3x1bl4vhnjklflkc0000gn/T/ts-node-dev-hook-5986370807596324.js:114:20)
    at require.extensions.<computed> (/private/var/folders/y2/tl2vlwcd3x1bl4vhnjklflkc0000gn/T/ts-node-dev-hook-5986370807596324.js:71:20)
    at Object.nodeDevHook [as .ts] (/Users/fernandolba/development/my-commerce/back/node_modules/ts-node-dev/lib/hook.js:63:13)
    at Module.load (node:internal/modules/cjs/loader:1091:32)
    at Function.Module._load (node:internal/modules/cjs/loader:938:12)
2023-11-23 23:04:55 error: uncaughtException: ⨯ Unable to compile TypeScript:
src/user/dto/user.dto.ts(20,3): error TS2304: Cannot find name 'password'.
src/user/dto/user.dto.ts(20,12): error TS2564: Property '(Missing)' has no initializer and is not definitely assigned in the constructor.
src/user/dto/user.dto.ts(20,12): error TS1146: Declaration expected.

Error: ⨯ Unable to compile TypeScript:
src/user/dto/user.dto.ts(20,3): error TS2304: Cannot find name 'password'.
src/user/dto/user.dto.ts(20,12): error TS2564: Property '(Missing)' has no initializer and is not definitely assigned in the constructor.
src/user/dto/user.dto.ts(20,12): error TS1146: Declaration expected.

    at Object.<anonymous> (/Users/fernandolba/development/my-commerce/back/src/user/dto/user.dto.ts:1:7)
    at Module._compile (node:internal/modules/cjs/loader:1233:14)
    at Module._compile (/Users/fernandolba/development/my-commerce/back/node_modules/source-map-support/source-map-support.js:568:25)
    at Module.m._compile (/private/var/folders/y2/tl2vlwcd3x1bl4vhnjklflkc0000gn/T/ts-node-dev-hook-5986370807596324.js:69:33)
    at Module._extensions..js (node:internal/modules/cjs/loader:1287:10)
    at require.extensions..jsx.require.extensions..js (/private/var/folders/y2/tl2vlwcd3x1bl4vhnjklflkc0000gn/T/ts-node-dev-hook-5986370807596324.js:114:20)
    at require.extensions.<computed> (/private/var/folders/y2/tl2vlwcd3x1bl4vhnjklflkc0000gn/T/ts-node-dev-hook-5986370807596324.js:71:20)
    at Object.nodeDevHook [as .ts] (/Users/fernandolba/development/my-commerce/back/node_modules/ts-node-dev/lib/hook.js:63:13)
    at Module.load (node:internal/modules/cjs/loader:1091:32)
    at Function.Module._load (node:internal/modules/cjs/loader:938:12)
2023-11-23 23:04:58 error: uncaughtException: ⨯ Unable to compile TypeScript:
src/user/dto/user.dto.ts(19,4): error TS2304: Cannot find name 'Exc'.

Error: ⨯ Unable to compile TypeScript:
src/user/dto/user.dto.ts(19,4): error TS2304: Cannot find name 'Exc'.

    at Object.<anonymous> (/Users/fernandolba/development/my-commerce/back/src/user/dto/user.dto.ts:1:7)
    at Module._compile (node:internal/modules/cjs/loader:1233:14)
    at Module._compile (/Users/fernandolba/development/my-commerce/back/node_modules/source-map-support/source-map-support.js:568:25)
    at Module.m._compile (/private/var/folders/y2/tl2vlwcd3x1bl4vhnjklflkc0000gn/T/ts-node-dev-hook-5986370807596324.js:69:33)
    at Module._extensions..js (node:internal/modules/cjs/loader:1287:10)
    at require.extensions..jsx.require.extensions..js (/private/var/folders/y2/tl2vlwcd3x1bl4vhnjklflkc0000gn/T/ts-node-dev-hook-5986370807596324.js:114:20)
    at require.extensions.<computed> (/private/var/folders/y2/tl2vlwcd3x1bl4vhnjklflkc0000gn/T/ts-node-dev-hook-5986370807596324.js:71:20)
    at Object.nodeDevHook [as .ts] (/Users/fernandolba/development/my-commerce/back/node_modules/ts-node-dev/lib/hook.js:63:13)
    at Module.load (node:internal/modules/cjs/loader:1091:32)
    at Function.Module._load (node:internal/modules/cjs/loader:938:12)
2023-11-23 23:05:33 error: uncaughtException: ⨯ Unable to compile TypeScript:
src/user/entities/user.entity.ts(23,4): error TS2304: Cannot find name 'Exc'.

Error: ⨯ Unable to compile TypeScript:
src/user/entities/user.entity.ts(23,4): error TS2304: Cannot find name 'Exc'.

    at Object.<anonymous> (/Users/fernandolba/development/my-commerce/back/src/user/entities/user.entity.ts:1:7)
    at Module._compile (node:internal/modules/cjs/loader:1233:14)
    at Module._compile (/Users/fernandolba/development/my-commerce/back/node_modules/source-map-support/source-map-support.js:568:25)
    at Module.m._compile (/private/var/folders/y2/tl2vlwcd3x1bl4vhnjklflkc0000gn/T/ts-node-dev-hook-5986370807596324.js:69:33)
    at Module._extensions..js (node:internal/modules/cjs/loader:1287:10)
    at require.extensions..jsx.require.extensions..js (/private/var/folders/y2/tl2vlwcd3x1bl4vhnjklflkc0000gn/T/ts-node-dev-hook-5986370807596324.js:114:20)
    at require.extensions.<computed> (/private/var/folders/y2/tl2vlwcd3x1bl4vhnjklflkc0000gn/T/ts-node-dev-hook-5986370807596324.js:71:20)
    at Object.nodeDevHook [as .ts] (/Users/fernandolba/development/my-commerce/back/node_modules/ts-node-dev/lib/hook.js:63:13)
    at Module.load (node:internal/modules/cjs/loader:1091:32)
    at Function.Module._load (node:internal/modules/cjs/loader:938:12)
2023-11-23 23:09:59 error: uncaughtException: ⨯ Unable to compile TypeScript:
src/user/user.service.ts(56,48): error TS1003: Identifier expected.

Error: ⨯ Unable to compile TypeScript:
src/user/user.service.ts(56,48): error TS1003: Identifier expected.

    at Object.<anonymous> (/Users/fernandolba/development/my-commerce/back/src/user/user.service.ts:1:7)
    at Module._compile (node:internal/modules/cjs/loader:1233:14)
    at Module._compile (/Users/fernandolba/development/my-commerce/back/node_modules/source-map-support/source-map-support.js:568:25)
    at Module.m._compile (/private/var/folders/y2/tl2vlwcd3x1bl4vhnjklflkc0000gn/T/ts-node-dev-hook-5986370807596324.js:69:33)
    at Module._extensions..js (node:internal/modules/cjs/loader:1287:10)
    at require.extensions..jsx.require.extensions..js (/private/var/folders/y2/tl2vlwcd3x1bl4vhnjklflkc0000gn/T/ts-node-dev-hook-5986370807596324.js:114:20)
    at require.extensions.<computed> (/private/var/folders/y2/tl2vlwcd3x1bl4vhnjklflkc0000gn/T/ts-node-dev-hook-5986370807596324.js:71:20)
    at Object.nodeDevHook [as .ts] (/Users/fernandolba/development/my-commerce/back/node_modules/ts-node-dev/lib/hook.js:63:13)
    at Module.load (node:internal/modules/cjs/loader:1091:32)
    at Function.Module._load (node:internal/modules/cjs/loader:938:12)
2023-11-23 23:10:03 error: uncaughtException: ⨯ Unable to compile TypeScript:
src/user/user.service.ts(56,48): error TS2339: Property 'cr' does not exist on type 'Repository<UserEntity>'.

Error: ⨯ Unable to compile TypeScript:
src/user/user.service.ts(56,48): error TS2339: Property 'cr' does not exist on type 'Repository<UserEntity>'.

    at Object.<anonymous> (/Users/fernandolba/development/my-commerce/back/src/user/user.service.ts:1:7)
    at Module._compile (node:internal/modules/cjs/loader:1233:14)
    at Module._compile (/Users/fernandolba/development/my-commerce/back/node_modules/source-map-support/source-map-support.js:568:25)
    at Module.m._compile (/private/var/folders/y2/tl2vlwcd3x1bl4vhnjklflkc0000gn/T/ts-node-dev-hook-5986370807596324.js:69:33)
    at Module._extensions..js (node:internal/modules/cjs/loader:1287:10)
    at require.extensions..jsx.require.extensions..js (/private/var/folders/y2/tl2vlwcd3x1bl4vhnjklflkc0000gn/T/ts-node-dev-hook-5986370807596324.js:114:20)
    at require.extensions.<computed> (/private/var/folders/y2/tl2vlwcd3x1bl4vhnjklflkc0000gn/T/ts-node-dev-hook-5986370807596324.js:71:20)
    at Object.nodeDevHook [as .ts] (/Users/fernandolba/development/my-commerce/back/node_modules/ts-node-dev/lib/hook.js:63:13)
    at Module.load (node:internal/modules/cjs/loader:1091:32)
    at Function.Module._load (node:internal/modules/cjs/loader:938:12)
2023-11-23 23:11:55 error: uncaughtException: ⨯ Unable to compile TypeScript:
src/user/user.service.ts(59,5): error TS2588: Cannot assign to 'newUser' because it is a constant.
src/user/user.service.ts(60,5): error TS1109: Expression expected.

Error: ⨯ Unable to compile TypeScript:
src/user/user.service.ts(59,5): error TS2588: Cannot assign to 'newUser' because it is a constant.
src/user/user.service.ts(60,5): error TS1109: Expression expected.

    at Object.<anonymous> (/Users/fernandolba/development/my-commerce/back/src/user/user.service.ts:1:7)
    at Module._compile (node:internal/modules/cjs/loader:1233:14)
    at Module._compile (/Users/fernandolba/development/my-commerce/back/node_modules/source-map-support/source-map-support.js:568:25)
    at Module.m._compile (/private/var/folders/y2/tl2vlwcd3x1bl4vhnjklflkc0000gn/T/ts-node-dev-hook-5986370807596324.js:69:33)
    at Module._extensions..js (node:internal/modules/cjs/loader:1287:10)
    at require.extensions..jsx.require.extensions..js (/private/var/folders/y2/tl2vlwcd3x1bl4vhnjklflkc0000gn/T/ts-node-dev-hook-5986370807596324.js:114:20)
    at require.extensions.<computed> (/private/var/folders/y2/tl2vlwcd3x1bl4vhnjklflkc0000gn/T/ts-node-dev-hook-5986370807596324.js:71:20)
    at Object.nodeDevHook [as .ts] (/Users/fernandolba/development/my-commerce/back/node_modules/ts-node-dev/lib/hook.js:63:13)
    at Module.load (node:internal/modules/cjs/loader:1091:32)
    at Function.Module._load (node:internal/modules/cjs/loader:938:12)
2023-11-23 23:11:59 error: uncaughtException: ⨯ Unable to compile TypeScript:
src/user/user.service.ts(59,5): error TS2588: Cannot assign to 'newUser' because it is a constant.
src/user/user.service.ts(59,21): error TS1102: 'delete' cannot be called on an identifier in strict mode.
src/user/user.service.ts(59,21): error TS2703: The operand of a 'delete' operator must be a property reference.
src/user/user.service.ts(60,5): error TS1109: Expression expected.

Error: ⨯ Unable to compile TypeScript:
src/user/user.service.ts(59,5): error TS2588: Cannot assign to 'newUser' because it is a constant.
src/user/user.service.ts(59,21): error TS1102: 'delete' cannot be called on an identifier in strict mode.
src/user/user.service.ts(59,21): error TS2703: The operand of a 'delete' operator must be a property reference.
src/user/user.service.ts(60,5): error TS1109: Expression expected.

    at Object.<anonymous> (/Users/fernandolba/development/my-commerce/back/src/user/user.service.ts:1:7)
    at Module._compile (node:internal/modules/cjs/loader:1233:14)
    at Module._compile (/Users/fernandolba/development/my-commerce/back/node_modules/source-map-support/source-map-support.js:568:25)
    at Module.m._compile (/private/var/folders/y2/tl2vlwcd3x1bl4vhnjklflkc0000gn/T/ts-node-dev-hook-5986370807596324.js:69:33)
    at Module._extensions..js (node:internal/modules/cjs/loader:1287:10)
    at require.extensions..jsx.require.extensions..js (/private/var/folders/y2/tl2vlwcd3x1bl4vhnjklflkc0000gn/T/ts-node-dev-hook-5986370807596324.js:114:20)
    at require.extensions.<computed> (/private/var/folders/y2/tl2vlwcd3x1bl4vhnjklflkc0000gn/T/ts-node-dev-hook-5986370807596324.js:71:20)
    at Object.nodeDevHook [as .ts] (/Users/fernandolba/development/my-commerce/back/node_modules/ts-node-dev/lib/hook.js:63:13)
    at Module.load (node:internal/modules/cjs/loader:1091:32)
    at Function.Module._load (node:internal/modules/cjs/loader:938:12)
2023-11-23 23:12:02 error: uncaughtException: ⨯ Unable to compile TypeScript:
src/user/user.service.ts(59,5): error TS2588: Cannot assign to 'newUser' because it is a constant.
src/user/user.service.ts(59,22): error TS2703: The operand of a 'delete' operator must be a property reference.
src/user/user.service.ts(59,22): error TS1109: Expression expected.

Error: ⨯ Unable to compile TypeScript:
src/user/user.service.ts(59,5): error TS2588: Cannot assign to 'newUser' because it is a constant.
src/user/user.service.ts(59,22): error TS2703: The operand of a 'delete' operator must be a property reference.
src/user/user.service.ts(59,22): error TS1109: Expression expected.

    at Object.<anonymous> (/Users/fernandolba/development/my-commerce/back/src/user/user.service.ts:1:7)
    at Module._compile (node:internal/modules/cjs/loader:1233:14)
    at Module._compile (/Users/fernandolba/development/my-commerce/back/node_modules/source-map-support/source-map-support.js:568:25)
    at Module.m._compile (/private/var/folders/y2/tl2vlwcd3x1bl4vhnjklflkc0000gn/T/ts-node-dev-hook-5986370807596324.js:69:33)
    at Module._extensions..js (node:internal/modules/cjs/loader:1287:10)
    at require.extensions..jsx.require.extensions..js (/private/var/folders/y2/tl2vlwcd3x1bl4vhnjklflkc0000gn/T/ts-node-dev-hook-5986370807596324.js:114:20)
    at require.extensions.<computed> (/private/var/folders/y2/tl2vlwcd3x1bl4vhnjklflkc0000gn/T/ts-node-dev-hook-5986370807596324.js:71:20)
    at Object.nodeDevHook [as .ts] (/Users/fernandolba/development/my-commerce/back/node_modules/ts-node-dev/lib/hook.js:63:13)
    at Module.load (node:internal/modules/cjs/loader:1091:32)
    at Function.Module._load (node:internal/modules/cjs/loader:938:12)
2023-11-23 23:12:11 error: uncaughtException: ⨯ Unable to compile TypeScript:
src/user/user.service.ts(59,5): error TS2588: Cannot assign to 'newUser' because it is a constant.
src/user/user.service.ts(59,15): error TS2304: Cannot find name 'dele'.

Error: ⨯ Unable to compile TypeScript:
src/user/user.service.ts(59,5): error TS2588: Cannot assign to 'newUser' because it is a constant.
src/user/user.service.ts(59,15): error TS2304: Cannot find name 'dele'.

    at Object.<anonymous> (/Users/fernandolba/development/my-commerce/back/src/user/user.service.ts:1:7)
    at Module._compile (node:internal/modules/cjs/loader:1233:14)
    at Module._compile (/Users/fernandolba/development/my-commerce/back/node_modules/source-map-support/source-map-support.js:568:25)
    at Module.m._compile (/private/var/folders/y2/tl2vlwcd3x1bl4vhnjklflkc0000gn/T/ts-node-dev-hook-5986370807596324.js:69:33)
    at Module._extensions..js (node:internal/modules/cjs/loader:1287:10)
    at require.extensions..jsx.require.extensions..js (/private/var/folders/y2/tl2vlwcd3x1bl4vhnjklflkc0000gn/T/ts-node-dev-hook-5986370807596324.js:114:20)
    at require.extensions.<computed> (/private/var/folders/y2/tl2vlwcd3x1bl4vhnjklflkc0000gn/T/ts-node-dev-hook-5986370807596324.js:71:20)
    at Object.nodeDevHook [as .ts] (/Users/fernandolba/development/my-commerce/back/node_modules/ts-node-dev/lib/hook.js:63:13)
    at Module.load (node:internal/modules/cjs/loader:1091:32)
    at Function.Module._load (node:internal/modules/cjs/loader:938:12)
2023-11-23 23:12:14 error: uncaughtException: ⨯ Unable to compile TypeScript:
src/user/user.service.ts(59,5): error TS2588: Cannot assign to 'newUser' because it is a constant.
src/user/user.service.ts(59,21): error TS1102: 'delete' cannot be called on an identifier in strict mode.
src/user/user.service.ts(59,21): error TS2703: The operand of a 'delete' operator must be a property reference.
src/user/user.service.ts(60,5): error TS1109: Expression expected.

Error: ⨯ Unable to compile TypeScript:
src/user/user.service.ts(59,5): error TS2588: Cannot assign to 'newUser' because it is a constant.
src/user/user.service.ts(59,21): error TS1102: 'delete' cannot be called on an identifier in strict mode.
src/user/user.service.ts(59,21): error TS2703: The operand of a 'delete' operator must be a property reference.
src/user/user.service.ts(60,5): error TS1109: Expression expected.

    at Object.<anonymous> (/Users/fernandolba/development/my-commerce/back/src/user/user.service.ts:1:7)
    at Module._compile (node:internal/modules/cjs/loader:1233:14)
    at Module._compile (/Users/fernandolba/development/my-commerce/back/node_modules/source-map-support/source-map-support.js:568:25)
    at Module.m._compile (/private/var/folders/y2/tl2vlwcd3x1bl4vhnjklflkc0000gn/T/ts-node-dev-hook-5986370807596324.js:69:33)
    at Module._extensions..js (node:internal/modules/cjs/loader:1287:10)
    at require.extensions..jsx.require.extensions..js (/private/var/folders/y2/tl2vlwcd3x1bl4vhnjklflkc0000gn/T/ts-node-dev-hook-5986370807596324.js:114:20)
    at require.extensions.<computed> (/private/var/folders/y2/tl2vlwcd3x1bl4vhnjklflkc0000gn/T/ts-node-dev-hook-5986370807596324.js:71:20)
    at Object.nodeDevHook [as .ts] (/Users/fernandolba/development/my-commerce/back/node_modules/ts-node-dev/lib/hook.js:63:13)
    at Module.load (node:internal/modules/cjs/loader:1091:32)
    at Function.Module._load (node:internal/modules/cjs/loader:938:12)
2023-11-23 23:12:34 error: uncaughtException: ⨯ Unable to compile TypeScript:
src/user/user.service.ts(59,11): error TS1102: 'delete' cannot be called on an identifier in strict mode.
src/user/user.service.ts(59,11): error TS2703: The operand of a 'delete' operator must be a property reference.
src/user/user.service.ts(59,19): error TS1005: ';' expected.

Error: ⨯ Unable to compile TypeScript:
src/user/user.service.ts(59,11): error TS1102: 'delete' cannot be called on an identifier in strict mode.
src/user/user.service.ts(59,11): error TS2703: The operand of a 'delete' operator must be a property reference.
src/user/user.service.ts(59,19): error TS1005: ';' expected.

    at Object.<anonymous> (/Users/fernandolba/development/my-commerce/back/src/user/user.service.ts:1:7)
    at Module._compile (node:internal/modules/cjs/loader:1233:14)
    at Module._compile (/Users/fernandolba/development/my-commerce/back/node_modules/source-map-support/source-map-support.js:568:25)
    at Module.m._compile (/private/var/folders/y2/tl2vlwcd3x1bl4vhnjklflkc0000gn/T/ts-node-dev-hook-5986370807596324.js:69:33)
    at Module._extensions..js (node:internal/modules/cjs/loader:1287:10)
    at require.extensions..jsx.require.extensions..js (/private/var/folders/y2/tl2vlwcd3x1bl4vhnjklflkc0000gn/T/ts-node-dev-hook-5986370807596324.js:114:20)
    at require.extensions.<computed> (/private/var/folders/y2/tl2vlwcd3x1bl4vhnjklflkc0000gn/T/ts-node-dev-hook-5986370807596324.js:71:20)
    at Object.nodeDevHook [as .ts] (/Users/fernandolba/development/my-commerce/back/node_modules/ts-node-dev/lib/hook.js:63:13)
    at Module.load (node:internal/modules/cjs/loader:1091:32)
    at Function.Module._load (node:internal/modules/cjs/loader:938:12)
