2023-11-25 00:17:49 error: uncaughtException: ⨯ Unable to compile TypeScript:
src/middlewares/validate-dto.middleware.ts(13,20): error TS2304: Cannot find name 'plain'.

Error: ⨯ Unable to compile TypeScript:
src/middlewares/validate-dto.middleware.ts(13,20): error TS2304: Cannot find name 'plain'.

    at Object.<anonymous> (/Users/fernandolba/development/my-commerce/back/src/middlewares/validate-dto.middleware.ts:1:7)
    at Module._compile (node:internal/modules/cjs/loader:1233:14)
    at Module._compile (/Users/fernandolba/development/my-commerce/back/node_modules/source-map-support/source-map-support.js:568:25)
    at Module.m._compile (/private/var/folders/y2/tl2vlwcd3x1bl4vhnjklflkc0000gn/T/ts-node-dev-hook-2007587926807346.js:69:33)
    at Module._extensions..js (node:internal/modules/cjs/loader:1287:10)
    at require.extensions..jsx.require.extensions..js (/private/var/folders/y2/tl2vlwcd3x1bl4vhnjklflkc0000gn/T/ts-node-dev-hook-2007587926807346.js:114:20)
    at require.extensions.<computed> (/private/var/folders/y2/tl2vlwcd3x1bl4vhnjklflkc0000gn/T/ts-node-dev-hook-2007587926807346.js:71:20)
    at Object.nodeDevHook [as .ts] (/Users/fernandolba/development/my-commerce/back/node_modules/ts-node-dev/lib/hook.js:63:13)
    at Module.load (node:internal/modules/cjs/loader:1091:32)
    at Function.Module._load (node:internal/modules/cjs/loader:938:12)
2023-11-25 00:20:38 error: ER_DUP_ENTRY: Duplicate entry 'cg@mail.com' for key 'IDX_e12875dfb3b1d92d7d7c5377e2'
2023-11-25 00:20:51 error: ER_DUP_ENTRY: Duplicate entry 'tg@mail.com' for key 'IDX_e12875dfb3b1d92d7d7c5377e2'
2023-11-25 00:32:52 error: uncaughtException: ⨯ Unable to compile TypeScript:
src/middlewares/validate-dto.middleware.ts(18,17): error TS2339: Property 'og' does not exist on type 'Console'.

Error: ⨯ Unable to compile TypeScript:
src/middlewares/validate-dto.middleware.ts(18,17): error TS2339: Property 'og' does not exist on type 'Console'.

    at Object.<anonymous> (/Users/fernandolba/development/my-commerce/back/src/middlewares/validate-dto.middleware.ts:1:7)
    at Module._compile (node:internal/modules/cjs/loader:1233:14)
    at Module._compile (/Users/fernandolba/development/my-commerce/back/node_modules/source-map-support/source-map-support.js:568:25)
    at Module.m._compile (/private/var/folders/y2/tl2vlwcd3x1bl4vhnjklflkc0000gn/T/ts-node-dev-hook-2007587926807346.js:69:33)
    at Module._extensions..js (node:internal/modules/cjs/loader:1287:10)
    at require.extensions..jsx.require.extensions..js (/private/var/folders/y2/tl2vlwcd3x1bl4vhnjklflkc0000gn/T/ts-node-dev-hook-2007587926807346.js:114:20)
    at require.extensions.<computed> (/private/var/folders/y2/tl2vlwcd3x1bl4vhnjklflkc0000gn/T/ts-node-dev-hook-2007587926807346.js:71:20)
    at Object.nodeDevHook [as .ts] (/Users/fernandolba/development/my-commerce/back/node_modules/ts-node-dev/lib/hook.js:63:13)
    at Module.load (node:internal/modules/cjs/loader:1091:32)
    at Function.Module._load (node:internal/modules/cjs/loader:938:12)
2023-11-25 00:38:50 error: uncaughtException: ⨯ Unable to compile TypeScript:
src/middlewares/validate-dto.middleware.ts(11,3): error TS7010: 'validator', which lacks return-type annotation, implicitly has an 'any' return type.
src/middlewares/validate-dto.middleware.ts(11,13): error TS6133: 'req' is declared but its value is never read.
src/middlewares/validate-dto.middleware.ts(11,27): error TS6133: 'res' is declared but its value is never read.
src/middlewares/validate-dto.middleware.ts(11,42): error TS6133: 'next' is declared but its value is never read.
src/middlewares/validate-dto.middleware.ts(13,43): error TS2304: Cannot find name 'req'.
src/middlewares/validate-dto.middleware.ts(20,16): error TS2532: Object is possibly 'undefined'.
src/middlewares/validate-dto.middleware.ts(20,46): error TS2304: Cannot find name 'res'.
src/middlewares/validate-dto.middleware.ts(25,9): error TS2304: Cannot find name 'req'.
src/middlewares/validate-dto.middleware.ts(28,11): error TS2304: Cannot find name 'req'.
src/middlewares/validate-dto.middleware.ts(31,9): error TS2304: Cannot find name 'next'.
src/middlewares/validate-dto.middleware.ts(11,62): error TS1390: 'class' is not allowed as a parameter name.
src/middlewares/validate-dto.middleware.ts(11,72): error TS1442: Expected '=' for property initializer.
src/middlewares/validate-dto.middleware.ts(11,74): error TS1068: Unexpected token. A constructor, method, accessor, or property was expected.
src/middlewares/validate-dto.middleware.ts(13,41): error TS1005: '{' expected.
src/middlewares/validate-dto.middleware.ts(35,1): error TS1128: Declaration or statement expected.

Error: ⨯ Unable to compile TypeScript:
src/middlewares/validate-dto.middleware.ts(11,3): error TS7010: 'validator', which lacks return-type annotation, implicitly has an 'any' return type.
src/middlewares/validate-dto.middleware.ts(11,13): error TS6133: 'req' is declared but its value is never read.
src/middlewares/validate-dto.middleware.ts(11,27): error TS6133: 'res' is declared but its value is never read.
src/middlewares/validate-dto.middleware.ts(11,42): error TS6133: 'next' is declared but its value is never read.
src/middlewares/validate-dto.middleware.ts(13,43): error TS2304: Cannot find name 'req'.
src/middlewares/validate-dto.middleware.ts(20,16): error TS2532: Object is possibly 'undefined'.
src/middlewares/validate-dto.middleware.ts(20,46): error TS2304: Cannot find name 'res'.
src/middlewares/validate-dto.middleware.ts(25,9): error TS2304: Cannot find name 'req'.
src/middlewares/validate-dto.middleware.ts(28,11): error TS2304: Cannot find name 'req'.
src/middlewares/validate-dto.middleware.ts(31,9): error TS2304: Cannot find name 'next'.
src/middlewares/validate-dto.middleware.ts(11,62): error TS1390: 'class' is not allowed as a parameter name.
src/middlewares/validate-dto.middleware.ts(11,72): error TS1442: Expected '=' for property initializer.
src/middlewares/validate-dto.middleware.ts(11,74): error TS1068: Unexpected token. A constructor, method, accessor, or property was expected.
src/middlewares/validate-dto.middleware.ts(13,41): error TS1005: '{' expected.
src/middlewares/validate-dto.middleware.ts(35,1): error TS1128: Declaration or statement expected.

    at Object.<anonymous> (/Users/fernandolba/development/my-commerce/back/src/middlewares/validate-dto.middleware.ts:1:7)
    at Module._compile (node:internal/modules/cjs/loader:1233:14)
    at Module._compile (/Users/fernandolba/development/my-commerce/back/node_modules/source-map-support/source-map-support.js:568:25)
    at Module.m._compile (/private/var/folders/y2/tl2vlwcd3x1bl4vhnjklflkc0000gn/T/ts-node-dev-hook-2007587926807346.js:69:33)
    at Module._extensions..js (node:internal/modules/cjs/loader:1287:10)
    at require.extensions..jsx.require.extensions..js (/private/var/folders/y2/tl2vlwcd3x1bl4vhnjklflkc0000gn/T/ts-node-dev-hook-2007587926807346.js:114:20)
    at require.extensions.<computed> (/private/var/folders/y2/tl2vlwcd3x1bl4vhnjklflkc0000gn/T/ts-node-dev-hook-2007587926807346.js:71:20)
    at Object.nodeDevHook [as .ts] (/Users/fernandolba/development/my-commerce/back/node_modules/ts-node-dev/lib/hook.js:63:13)
    at Module.load (node:internal/modules/cjs/loader:1091:32)
    at Function.Module._load (node:internal/modules/cjs/loader:938:12)
2023-11-25 00:39:05 error: uncaughtException: ⨯ Unable to compile TypeScript:
src/middlewares/validate-dto.middleware.ts(11,3): error TS7010: 'validator', which lacks return-type annotation, implicitly has an 'any' return type.
src/middlewares/validate-dto.middleware.ts(11,13): error TS6133: 'req' is declared but its value is never read.
src/middlewares/validate-dto.middleware.ts(11,27): error TS6133: 'res' is declared but its value is never read.
src/middlewares/validate-dto.middleware.ts(11,42): error TS6133: 'next' is declared but its value is never read.
src/middlewares/validate-dto.middleware.ts(13,43): error TS2304: Cannot find name 'req'.
src/middlewares/validate-dto.middleware.ts(20,16): error TS2532: Object is possibly 'undefined'.
src/middlewares/validate-dto.middleware.ts(20,46): error TS2304: Cannot find name 'res'.
src/middlewares/validate-dto.middleware.ts(25,9): error TS2304: Cannot find name 'req'.
src/middlewares/validate-dto.middleware.ts(28,11): error TS2304: Cannot find name 'req'.
src/middlewares/validate-dto.middleware.ts(31,9): error TS2304: Cannot find name 'next'.
src/middlewares/validate-dto.middleware.ts(11,62): error TS1390: 'class' is not allowed as a parameter name.
src/middlewares/validate-dto.middleware.ts(11,72): error TS1442: Expected '=' for property initializer.
src/middlewares/validate-dto.middleware.ts(11,74): error TS1068: Unexpected token. A constructor, method, accessor, or property was expected.
src/middlewares/validate-dto.middleware.ts(13,41): error TS1005: '{' expected.
src/middlewares/validate-dto.middleware.ts(35,1): error TS1128: Declaration or statement expected.

Error: ⨯ Unable to compile TypeScript:
src/middlewares/validate-dto.middleware.ts(11,3): error TS7010: 'validator', which lacks return-type annotation, implicitly has an 'any' return type.
src/middlewares/validate-dto.middleware.ts(11,13): error TS6133: 'req' is declared but its value is never read.
src/middlewares/validate-dto.middleware.ts(11,27): error TS6133: 'res' is declared but its value is never read.
src/middlewares/validate-dto.middleware.ts(11,42): error TS6133: 'next' is declared but its value is never read.
src/middlewares/validate-dto.middleware.ts(13,43): error TS2304: Cannot find name 'req'.
src/middlewares/validate-dto.middleware.ts(20,16): error TS2532: Object is possibly 'undefined'.
src/middlewares/validate-dto.middleware.ts(20,46): error TS2304: Cannot find name 'res'.
src/middlewares/validate-dto.middleware.ts(25,9): error TS2304: Cannot find name 'req'.
src/middlewares/validate-dto.middleware.ts(28,11): error TS2304: Cannot find name 'req'.
src/middlewares/validate-dto.middleware.ts(31,9): error TS2304: Cannot find name 'next'.
src/middlewares/validate-dto.middleware.ts(11,62): error TS1390: 'class' is not allowed as a parameter name.
src/middlewares/validate-dto.middleware.ts(11,72): error TS1442: Expected '=' for property initializer.
src/middlewares/validate-dto.middleware.ts(11,74): error TS1068: Unexpected token. A constructor, method, accessor, or property was expected.
src/middlewares/validate-dto.middleware.ts(13,41): error TS1005: '{' expected.
src/middlewares/validate-dto.middleware.ts(35,1): error TS1128: Declaration or statement expected.

    at Object.<anonymous> (/Users/fernandolba/development/my-commerce/back/src/middlewares/validate-dto.middleware.ts:1:7)
    at Module._compile (node:internal/modules/cjs/loader:1233:14)
    at Module._compile (/Users/fernandolba/development/my-commerce/back/node_modules/source-map-support/source-map-support.js:568:25)
    at Module.m._compile (/private/var/folders/y2/tl2vlwcd3x1bl4vhnjklflkc0000gn/T/ts-node-dev-hook-2007587926807346.js:69:33)
    at Module._extensions..js (node:internal/modules/cjs/loader:1287:10)
    at require.extensions..jsx.require.extensions..js (/private/var/folders/y2/tl2vlwcd3x1bl4vhnjklflkc0000gn/T/ts-node-dev-hook-2007587926807346.js:114:20)
    at require.extensions.<computed> (/private/var/folders/y2/tl2vlwcd3x1bl4vhnjklflkc0000gn/T/ts-node-dev-hook-2007587926807346.js:71:20)
    at Object.nodeDevHook [as .ts] (/Users/fernandolba/development/my-commerce/back/node_modules/ts-node-dev/lib/hook.js:63:13)
    at Module.load (node:internal/modules/cjs/loader:1091:32)
    at Function.Module._load (node:internal/modules/cjs/loader:938:12)
2023-11-25 00:44:06 error: uncaughtException: ⨯ Unable to compile TypeScript:
src/middlewares/validate-dto.middleware.ts(22,21): error TS2552: Cannot find name 'object'. Did you mean 'Object'?

Error: ⨯ Unable to compile TypeScript:
src/middlewares/validate-dto.middleware.ts(22,21): error TS2552: Cannot find name 'object'. Did you mean 'Object'?

    at Object.<anonymous> (/Users/fernandolba/development/my-commerce/back/src/middlewares/validate-dto.middleware.ts:1:7)
    at Module._compile (node:internal/modules/cjs/loader:1233:14)
    at Module._compile (/Users/fernandolba/development/my-commerce/back/node_modules/source-map-support/source-map-support.js:568:25)
    at Module.m._compile (/private/var/folders/y2/tl2vlwcd3x1bl4vhnjklflkc0000gn/T/ts-node-dev-hook-2007587926807346.js:69:33)
    at Module._extensions..js (node:internal/modules/cjs/loader:1287:10)
    at require.extensions..jsx.require.extensions..js (/private/var/folders/y2/tl2vlwcd3x1bl4vhnjklflkc0000gn/T/ts-node-dev-hook-2007587926807346.js:114:20)
    at require.extensions.<computed> (/private/var/folders/y2/tl2vlwcd3x1bl4vhnjklflkc0000gn/T/ts-node-dev-hook-2007587926807346.js:71:20)
    at Object.nodeDevHook [as .ts] (/Users/fernandolba/development/my-commerce/back/node_modules/ts-node-dev/lib/hook.js:63:13)
    at Module.load (node:internal/modules/cjs/loader:1091:32)
    at Function.Module._load (node:internal/modules/cjs/loader:938:12)
2023-11-25 00:44:13 error: uncaughtException: ⨯ Unable to compile TypeScript:
src/middlewares/validate-dto.middleware.ts(22,42): error TS1005: ')' expected.
src/middlewares/validate-dto.middleware.ts(22,43): error TS1128: Declaration or statement expected.
src/middlewares/validate-dto.middleware.ts(34,6): error TS1128: Declaration or statement expected.
src/middlewares/validate-dto.middleware.ts(35,3): error TS1128: Declaration or statement expected.
src/middlewares/validate-dto.middleware.ts(36,1): error TS1128: Declaration or statement expected.

Error: ⨯ Unable to compile TypeScript:
src/middlewares/validate-dto.middleware.ts(22,42): error TS1005: ')' expected.
src/middlewares/validate-dto.middleware.ts(22,43): error TS1128: Declaration or statement expected.
src/middlewares/validate-dto.middleware.ts(34,6): error TS1128: Declaration or statement expected.
src/middlewares/validate-dto.middleware.ts(35,3): error TS1128: Declaration or statement expected.
src/middlewares/validate-dto.middleware.ts(36,1): error TS1128: Declaration or statement expected.

    at Object.<anonymous> (/Users/fernandolba/development/my-commerce/back/src/middlewares/validate-dto.middleware.ts:1:7)
    at Module._compile (node:internal/modules/cjs/loader:1233:14)
    at Module._compile (/Users/fernandolba/development/my-commerce/back/node_modules/source-map-support/source-map-support.js:568:25)
    at Module.m._compile (/private/var/folders/y2/tl2vlwcd3x1bl4vhnjklflkc0000gn/T/ts-node-dev-hook-2007587926807346.js:69:33)
    at Module._extensions..js (node:internal/modules/cjs/loader:1287:10)
    at require.extensions..jsx.require.extensions..js (/private/var/folders/y2/tl2vlwcd3x1bl4vhnjklflkc0000gn/T/ts-node-dev-hook-2007587926807346.js:114:20)
    at require.extensions.<computed> (/private/var/folders/y2/tl2vlwcd3x1bl4vhnjklflkc0000gn/T/ts-node-dev-hook-2007587926807346.js:71:20)
    at Object.nodeDevHook [as .ts] (/Users/fernandolba/development/my-commerce/back/node_modules/ts-node-dev/lib/hook.js:63:13)
    at Module.load (node:internal/modules/cjs/loader:1091:32)
    at Function.Module._load (node:internal/modules/cjs/loader:938:12)
2023-11-25 00:58:41 error: uncaughtException: ⨯ Unable to compile TypeScript:
src/routes/customer.routes.ts(6,30): error TS2304: Cannot find name 'BaseR'.
src/routes/customer.routes.ts(11,3): error TS2377: Constructors for derived classes must contain a 'super' call.
src/routes/customer.routes.ts(12,5): error TS17009: 'super' must be called before accessing 'this' in the constructor of a derived class.

Error: ⨯ Unable to compile TypeScript:
src/routes/customer.routes.ts(6,30): error TS2304: Cannot find name 'BaseR'.
src/routes/customer.routes.ts(11,3): error TS2377: Constructors for derived classes must contain a 'super' call.
src/routes/customer.routes.ts(12,5): error TS17009: 'super' must be called before accessing 'this' in the constructor of a derived class.

    at Object.<anonymous> (/Users/fernandolba/development/my-commerce/back/src/routes/customer.routes.ts:1:7)
    at Module._compile (node:internal/modules/cjs/loader:1233:14)
    at Module._compile (/Users/fernandolba/development/my-commerce/back/node_modules/source-map-support/source-map-support.js:568:25)
    at Module.m._compile (/private/var/folders/y2/tl2vlwcd3x1bl4vhnjklflkc0000gn/T/ts-node-dev-hook-2007587926807346.js:69:33)
    at Module._extensions..js (node:internal/modules/cjs/loader:1287:10)
    at require.extensions..jsx.require.extensions..js (/private/var/folders/y2/tl2vlwcd3x1bl4vhnjklflkc0000gn/T/ts-node-dev-hook-2007587926807346.js:114:20)
    at require.extensions.<computed> (/private/var/folders/y2/tl2vlwcd3x1bl4vhnjklflkc0000gn/T/ts-node-dev-hook-2007587926807346.js:71:20)
    at Object.nodeDevHook [as .ts] (/Users/fernandolba/development/my-commerce/back/node_modules/ts-node-dev/lib/hook.js:63:13)
    at Module.load (node:internal/modules/cjs/loader:1091:32)
    at Function.Module._load (node:internal/modules/cjs/loader:938:12)
2023-11-25 00:58:45 error: uncaughtException: ⨯ Unable to compile TypeScript:
src/routes/customer.routes.ts(7,30): error TS2314: Generic type 'BaseRouter<T, U>' requires 2 type argument(s).
src/routes/customer.routes.ts(7,40): error TS1099: Type argument list cannot be empty.
src/routes/customer.routes.ts(12,3): error TS2377: Constructors for derived classes must contain a 'super' call.
src/routes/customer.routes.ts(13,5): error TS17009: 'super' must be called before accessing 'this' in the constructor of a derived class.

Error: ⨯ Unable to compile TypeScript:
src/routes/customer.routes.ts(7,30): error TS2314: Generic type 'BaseRouter<T, U>' requires 2 type argument(s).
src/routes/customer.routes.ts(7,40): error TS1099: Type argument list cannot be empty.
src/routes/customer.routes.ts(12,3): error TS2377: Constructors for derived classes must contain a 'super' call.
src/routes/customer.routes.ts(13,5): error TS17009: 'super' must be called before accessing 'this' in the constructor of a derived class.

    at Object.<anonymous> (/Users/fernandolba/development/my-commerce/back/src/routes/customer.routes.ts:1:7)
    at Module._compile (node:internal/modules/cjs/loader:1233:14)
    at Module._compile (/Users/fernandolba/development/my-commerce/back/node_modules/source-map-support/source-map-support.js:568:25)
    at Module.m._compile (/private/var/folders/y2/tl2vlwcd3x1bl4vhnjklflkc0000gn/T/ts-node-dev-hook-2007587926807346.js:69:33)
    at Module._extensions..js (node:internal/modules/cjs/loader:1287:10)
    at require.extensions..jsx.require.extensions..js (/private/var/folders/y2/tl2vlwcd3x1bl4vhnjklflkc0000gn/T/ts-node-dev-hook-2007587926807346.js:114:20)
    at require.extensions.<computed> (/private/var/folders/y2/tl2vlwcd3x1bl4vhnjklflkc0000gn/T/ts-node-dev-hook-2007587926807346.js:71:20)
    at Object.nodeDevHook [as .ts] (/Users/fernandolba/development/my-commerce/back/node_modules/ts-node-dev/lib/hook.js:63:13)
    at Module.load (node:internal/modules/cjs/loader:1091:32)
    at Function.Module._load (node:internal/modules/cjs/loader:938:12)
2023-11-25 00:58:51 error: uncaughtException: ⨯ Unable to compile TypeScript:
src/routes/customer.routes.ts(7,30): error TS2314: Generic type 'BaseRouter<T, U>' requires 2 type argument(s).
src/routes/customer.routes.ts(12,3): error TS2377: Constructors for derived classes must contain a 'super' call.
src/routes/customer.routes.ts(13,5): error TS17009: 'super' must be called before accessing 'this' in the constructor of a derived class.

Error: ⨯ Unable to compile TypeScript:
src/routes/customer.routes.ts(7,30): error TS2314: Generic type 'BaseRouter<T, U>' requires 2 type argument(s).
src/routes/customer.routes.ts(12,3): error TS2377: Constructors for derived classes must contain a 'super' call.
src/routes/customer.routes.ts(13,5): error TS17009: 'super' must be called before accessing 'this' in the constructor of a derived class.

    at Object.<anonymous> (/Users/fernandolba/development/my-commerce/back/src/routes/customer.routes.ts:1:7)
    at Module._compile (node:internal/modules/cjs/loader:1233:14)
    at Module._compile (/Users/fernandolba/development/my-commerce/back/node_modules/source-map-support/source-map-support.js:568:25)
    at Module.m._compile (/private/var/folders/y2/tl2vlwcd3x1bl4vhnjklflkc0000gn/T/ts-node-dev-hook-2007587926807346.js:69:33)
    at Module._extensions..js (node:internal/modules/cjs/loader:1287:10)
    at require.extensions..jsx.require.extensions..js (/private/var/folders/y2/tl2vlwcd3x1bl4vhnjklflkc0000gn/T/ts-node-dev-hook-2007587926807346.js:114:20)
    at require.extensions.<computed> (/private/var/folders/y2/tl2vlwcd3x1bl4vhnjklflkc0000gn/T/ts-node-dev-hook-2007587926807346.js:71:20)
    at Object.nodeDevHook [as .ts] (/Users/fernandolba/development/my-commerce/back/node_modules/ts-node-dev/lib/hook.js:63:13)
    at Module.load (node:internal/modules/cjs/loader:1091:32)
    at Function.Module._load (node:internal/modules/cjs/loader:938:12)
2023-11-25 00:58:54 error: uncaughtException: ⨯ Unable to compile TypeScript:
src/routes/customer.routes.ts(7,30): error TS2314: Generic type 'BaseRouter<T, U>' requires 2 type argument(s).
src/routes/customer.routes.ts(7,59): error TS1009: Trailing comma not allowed.
src/routes/customer.routes.ts(12,3): error TS2377: Constructors for derived classes must contain a 'super' call.
src/routes/customer.routes.ts(13,5): error TS17009: 'super' must be called before accessing 'this' in the constructor of a derived class.

Error: ⨯ Unable to compile TypeScript:
src/routes/customer.routes.ts(7,30): error TS2314: Generic type 'BaseRouter<T, U>' requires 2 type argument(s).
src/routes/customer.routes.ts(7,59): error TS1009: Trailing comma not allowed.
src/routes/customer.routes.ts(12,3): error TS2377: Constructors for derived classes must contain a 'super' call.
src/routes/customer.routes.ts(13,5): error TS17009: 'super' must be called before accessing 'this' in the constructor of a derived class.

    at Object.<anonymous> (/Users/fernandolba/development/my-commerce/back/src/routes/customer.routes.ts:1:7)
    at Module._compile (node:internal/modules/cjs/loader:1233:14)
    at Module._compile (/Users/fernandolba/development/my-commerce/back/node_modules/source-map-support/source-map-support.js:568:25)
    at Module.m._compile (/private/var/folders/y2/tl2vlwcd3x1bl4vhnjklflkc0000gn/T/ts-node-dev-hook-2007587926807346.js:69:33)
    at Module._extensions..js (node:internal/modules/cjs/loader:1287:10)
    at require.extensions..jsx.require.extensions..js (/private/var/folders/y2/tl2vlwcd3x1bl4vhnjklflkc0000gn/T/ts-node-dev-hook-2007587926807346.js:114:20)
    at require.extensions.<computed> (/private/var/folders/y2/tl2vlwcd3x1bl4vhnjklflkc0000gn/T/ts-node-dev-hook-2007587926807346.js:71:20)
    at Object.nodeDevHook [as .ts] (/Users/fernandolba/development/my-commerce/back/node_modules/ts-node-dev/lib/hook.js:63:13)
    at Module.load (node:internal/modules/cjs/loader:1091:32)
    at Function.Module._load (node:internal/modules/cjs/loader:938:12)
2023-11-25 00:58:58 error: uncaughtException: ⨯ Unable to compile TypeScript:
src/routes/customer.routes.ts(7,61): error TS2552: Cannot find name 'validate'. Did you mean 'VarDate'?
src/routes/customer.routes.ts(12,3): error TS2377: Constructors for derived classes must contain a 'super' call.
src/routes/customer.routes.ts(13,5): error TS17009: 'super' must be called before accessing 'this' in the constructor of a derived class.

Error: ⨯ Unable to compile TypeScript:
src/routes/customer.routes.ts(7,61): error TS2552: Cannot find name 'validate'. Did you mean 'VarDate'?
src/routes/customer.routes.ts(12,3): error TS2377: Constructors for derived classes must contain a 'super' call.
src/routes/customer.routes.ts(13,5): error TS17009: 'super' must be called before accessing 'this' in the constructor of a derived class.

    at Object.<anonymous> (/Users/fernandolba/development/my-commerce/back/src/routes/customer.routes.ts:1:7)
    at Module._compile (node:internal/modules/cjs/loader:1233:14)
    at Module._compile (/Users/fernandolba/development/my-commerce/back/node_modules/source-map-support/source-map-support.js:568:25)
    at Module.m._compile (/private/var/folders/y2/tl2vlwcd3x1bl4vhnjklflkc0000gn/T/ts-node-dev-hook-2007587926807346.js:69:33)
    at Module._extensions..js (node:internal/modules/cjs/loader:1287:10)
    at require.extensions..jsx.require.extensions..js (/private/var/folders/y2/tl2vlwcd3x1bl4vhnjklflkc0000gn/T/ts-node-dev-hook-2007587926807346.js:114:20)
    at require.extensions.<computed> (/private/var/folders/y2/tl2vlwcd3x1bl4vhnjklflkc0000gn/T/ts-node-dev-hook-2007587926807346.js:71:20)
    at Object.nodeDevHook [as .ts] (/Users/fernandolba/development/my-commerce/back/node_modules/ts-node-dev/lib/hook.js:63:13)
    at Module.load (node:internal/modules/cjs/loader:1091:32)
    at Function.Module._load (node:internal/modules/cjs/loader:938:12)
2023-11-25 00:59:01 error: uncaughtException: ⨯ Unable to compile TypeScript:
src/routes/customer.routes.ts(7,61): error TS2304: Cannot find name 'validateM'.
src/routes/customer.routes.ts(12,3): error TS2377: Constructors for derived classes must contain a 'super' call.
src/routes/customer.routes.ts(13,5): error TS17009: 'super' must be called before accessing 'this' in the constructor of a derived class.

Error: ⨯ Unable to compile TypeScript:
src/routes/customer.routes.ts(7,61): error TS2304: Cannot find name 'validateM'.
src/routes/customer.routes.ts(12,3): error TS2377: Constructors for derived classes must contain a 'super' call.
src/routes/customer.routes.ts(13,5): error TS17009: 'super' must be called before accessing 'this' in the constructor of a derived class.

    at Object.<anonymous> (/Users/fernandolba/development/my-commerce/back/src/routes/customer.routes.ts:1:7)
    at Module._compile (node:internal/modules/cjs/loader:1233:14)
    at Module._compile (/Users/fernandolba/development/my-commerce/back/node_modules/source-map-support/source-map-support.js:568:25)
    at Module.m._compile (/private/var/folders/y2/tl2vlwcd3x1bl4vhnjklflkc0000gn/T/ts-node-dev-hook-2007587926807346.js:69:33)
    at Module._extensions..js (node:internal/modules/cjs/loader:1287:10)
    at require.extensions..jsx.require.extensions..js (/private/var/folders/y2/tl2vlwcd3x1bl4vhnjklflkc0000gn/T/ts-node-dev-hook-2007587926807346.js:114:20)
    at require.extensions.<computed> (/private/var/folders/y2/tl2vlwcd3x1bl4vhnjklflkc0000gn/T/ts-node-dev-hook-2007587926807346.js:71:20)
    at Object.nodeDevHook [as .ts] (/Users/fernandolba/development/my-commerce/back/node_modules/ts-node-dev/lib/hook.js:63:13)
    at Module.load (node:internal/modules/cjs/loader:1091:32)
    at Function.Module._load (node:internal/modules/cjs/loader:938:12)
2023-11-25 00:59:04 error: uncaughtException: ⨯ Unable to compile TypeScript:
src/routes/customer.routes.ts(13,3): error TS2377: Constructors for derived classes must contain a 'super' call.
src/routes/customer.routes.ts(14,5): error TS17009: 'super' must be called before accessing 'this' in the constructor of a derived class.

Error: ⨯ Unable to compile TypeScript:
src/routes/customer.routes.ts(13,3): error TS2377: Constructors for derived classes must contain a 'super' call.
src/routes/customer.routes.ts(14,5): error TS17009: 'super' must be called before accessing 'this' in the constructor of a derived class.

    at Object.<anonymous> (/Users/fernandolba/development/my-commerce/back/src/routes/customer.routes.ts:1:7)
    at Module._compile (node:internal/modules/cjs/loader:1233:14)
    at Module._compile (/Users/fernandolba/development/my-commerce/back/node_modules/source-map-support/source-map-support.js:568:25)
    at Module.m._compile (/private/var/folders/y2/tl2vlwcd3x1bl4vhnjklflkc0000gn/T/ts-node-dev-hook-2007587926807346.js:69:33)
    at Module._extensions..js (node:internal/modules/cjs/loader:1287:10)
    at require.extensions..jsx.require.extensions..js (/private/var/folders/y2/tl2vlwcd3x1bl4vhnjklflkc0000gn/T/ts-node-dev-hook-2007587926807346.js:114:20)
    at require.extensions.<computed> (/private/var/folders/y2/tl2vlwcd3x1bl4vhnjklflkc0000gn/T/ts-node-dev-hook-2007587926807346.js:71:20)
    at Object.nodeDevHook [as .ts] (/Users/fernandolba/development/my-commerce/back/node_modules/ts-node-dev/lib/hook.js:63:13)
    at Module.load (node:internal/modules/cjs/loader:1091:32)
    at Function.Module._load (node:internal/modules/cjs/loader:938:12)
2023-11-25 00:59:10 error: uncaughtException: ⨯ Unable to compile TypeScript:
src/routes/customer.routes.ts(13,3): error TS2377: Constructors for derived classes must contain a 'super' call.
src/routes/customer.routes.ts(14,5): error TS17011: 'super' must be called before accessing a property of 'super' in the constructor of a derived class.
src/routes/customer.routes.ts(15,5): error TS2339: Property 'this' does not exist on type 'BaseRouter<CustomerController, ValidateMiddlewareDTO>'.
src/routes/customer.routes.ts(15,5): error TS1034: 'super' must be followed by an argument list or member access.

Error: ⨯ Unable to compile TypeScript:
src/routes/customer.routes.ts(13,3): error TS2377: Constructors for derived classes must contain a 'super' call.
src/routes/customer.routes.ts(14,5): error TS17011: 'super' must be called before accessing a property of 'super' in the constructor of a derived class.
src/routes/customer.routes.ts(15,5): error TS2339: Property 'this' does not exist on type 'BaseRouter<CustomerController, ValidateMiddlewareDTO>'.
src/routes/customer.routes.ts(15,5): error TS1034: 'super' must be followed by an argument list or member access.

    at Object.<anonymous> (/Users/fernandolba/development/my-commerce/back/src/routes/customer.routes.ts:1:7)
    at Module._compile (node:internal/modules/cjs/loader:1233:14)
    at Module._compile (/Users/fernandolba/development/my-commerce/back/node_modules/source-map-support/source-map-support.js:568:25)
    at Module.m._compile (/private/var/folders/y2/tl2vlwcd3x1bl4vhnjklflkc0000gn/T/ts-node-dev-hook-2007587926807346.js:69:33)
    at Module._extensions..js (node:internal/modules/cjs/loader:1287:10)
    at require.extensions..jsx.require.extensions..js (/private/var/folders/y2/tl2vlwcd3x1bl4vhnjklflkc0000gn/T/ts-node-dev-hook-2007587926807346.js:114:20)
    at require.extensions.<computed> (/private/var/folders/y2/tl2vlwcd3x1bl4vhnjklflkc0000gn/T/ts-node-dev-hook-2007587926807346.js:71:20)
    at Object.nodeDevHook [as .ts] (/Users/fernandolba/development/my-commerce/back/node_modules/ts-node-dev/lib/hook.js:63:13)
    at Module.load (node:internal/modules/cjs/loader:1091:32)
    at Function.Module._load (node:internal/modules/cjs/loader:938:12)
2023-11-25 00:59:13 error: uncaughtException: ⨯ Unable to compile TypeScript:
src/routes/customer.routes.ts(14,5): error TS2554: Expected 2 arguments, but got 1.
src/routes/customer.routes.ts(14,11): error TS2304: Cannot find name 'C'.

Error: ⨯ Unable to compile TypeScript:
src/routes/customer.routes.ts(14,5): error TS2554: Expected 2 arguments, but got 1.
src/routes/customer.routes.ts(14,11): error TS2304: Cannot find name 'C'.

    at Object.<anonymous> (/Users/fernandolba/development/my-commerce/back/src/routes/customer.routes.ts:1:7)
    at Module._compile (node:internal/modules/cjs/loader:1233:14)
    at Module._compile (/Users/fernandolba/development/my-commerce/back/node_modules/source-map-support/source-map-support.js:568:25)
    at Module.m._compile (/private/var/folders/y2/tl2vlwcd3x1bl4vhnjklflkc0000gn/T/ts-node-dev-hook-2007587926807346.js:69:33)
    at Module._extensions..js (node:internal/modules/cjs/loader:1287:10)
    at require.extensions..jsx.require.extensions..js (/private/var/folders/y2/tl2vlwcd3x1bl4vhnjklflkc0000gn/T/ts-node-dev-hook-2007587926807346.js:114:20)
    at require.extensions.<computed> (/private/var/folders/y2/tl2vlwcd3x1bl4vhnjklflkc0000gn/T/ts-node-dev-hook-2007587926807346.js:71:20)
    at Object.nodeDevHook [as .ts] (/Users/fernandolba/development/my-commerce/back/node_modules/ts-node-dev/lib/hook.js:63:13)
    at Module.load (node:internal/modules/cjs/loader:1091:32)
    at Function.Module._load (node:internal/modules/cjs/loader:938:12)
2023-11-25 01:03:56 error: uncaughtException: ⨯ Unable to compile TypeScript:
src/routes/customer.routes.ts(22,38): error TS1135: Argument expression expected.

Error: ⨯ Unable to compile TypeScript:
src/routes/customer.routes.ts(22,38): error TS1135: Argument expression expected.

    at Object.<anonymous> (/Users/fernandolba/development/my-commerce/back/src/routes/customer.routes.ts:1:7)
    at Module._compile (node:internal/modules/cjs/loader:1233:14)
    at Module._compile (/Users/fernandolba/development/my-commerce/back/node_modules/source-map-support/source-map-support.js:568:25)
    at Module.m._compile (/private/var/folders/y2/tl2vlwcd3x1bl4vhnjklflkc0000gn/T/ts-node-dev-hook-2007587926807346.js:69:33)
    at Module._extensions..js (node:internal/modules/cjs/loader:1287:10)
    at require.extensions..jsx.require.extensions..js (/private/var/folders/y2/tl2vlwcd3x1bl4vhnjklflkc0000gn/T/ts-node-dev-hook-2007587926807346.js:114:20)
    at require.extensions.<computed> (/private/var/folders/y2/tl2vlwcd3x1bl4vhnjklflkc0000gn/T/ts-node-dev-hook-2007587926807346.js:71:20)
    at Object.nodeDevHook [as .ts] (/Users/fernandolba/development/my-commerce/back/node_modules/ts-node-dev/lib/hook.js:63:13)
    at Module.load (node:internal/modules/cjs/loader:1091:32)
    at Function.Module._load (node:internal/modules/cjs/loader:938:12)
2023-11-25 01:03:59 error: uncaughtException: ⨯ Unable to compile TypeScript:
src/routes/customer.routes.ts(22,39): error TS1109: Expression expected.

Error: ⨯ Unable to compile TypeScript:
src/routes/customer.routes.ts(22,39): error TS1109: Expression expected.

    at Object.<anonymous> (/Users/fernandolba/development/my-commerce/back/src/routes/customer.routes.ts:1:7)
    at Module._compile (node:internal/modules/cjs/loader:1233:14)
    at Module._compile (/Users/fernandolba/development/my-commerce/back/node_modules/source-map-support/source-map-support.js:568:25)
    at Module.m._compile (/private/var/folders/y2/tl2vlwcd3x1bl4vhnjklflkc0000gn/T/ts-node-dev-hook-2007587926807346.js:69:33)
    at Module._extensions..js (node:internal/modules/cjs/loader:1287:10)
    at require.extensions..jsx.require.extensions..js (/private/var/folders/y2/tl2vlwcd3x1bl4vhnjklflkc0000gn/T/ts-node-dev-hook-2007587926807346.js:114:20)
    at require.extensions.<computed> (/private/var/folders/y2/tl2vlwcd3x1bl4vhnjklflkc0000gn/T/ts-node-dev-hook-2007587926807346.js:71:20)
    at Object.nodeDevHook [as .ts] (/Users/fernandolba/development/my-commerce/back/node_modules/ts-node-dev/lib/hook.js:63:13)
    at Module.load (node:internal/modules/cjs/loader:1091:32)
    at Function.Module._load (node:internal/modules/cjs/loader:938:12)
2023-11-25 01:04:02 error: uncaughtException: ⨯ Unable to compile TypeScript:
src/routes/customer.routes.ts(22,44): error TS1109: Expression expected.

Error: ⨯ Unable to compile TypeScript:
src/routes/customer.routes.ts(22,44): error TS1109: Expression expected.

    at Object.<anonymous> (/Users/fernandolba/development/my-commerce/back/src/routes/customer.routes.ts:1:7)
    at Module._compile (node:internal/modules/cjs/loader:1233:14)
    at Module._compile (/Users/fernandolba/development/my-commerce/back/node_modules/source-map-support/source-map-support.js:568:25)
    at Module.m._compile (/private/var/folders/y2/tl2vlwcd3x1bl4vhnjklflkc0000gn/T/ts-node-dev-hook-2007587926807346.js:69:33)
    at Module._extensions..js (node:internal/modules/cjs/loader:1287:10)
    at require.extensions..jsx.require.extensions..js (/private/var/folders/y2/tl2vlwcd3x1bl4vhnjklflkc0000gn/T/ts-node-dev-hook-2007587926807346.js:114:20)
    at require.extensions.<computed> (/private/var/folders/y2/tl2vlwcd3x1bl4vhnjklflkc0000gn/T/ts-node-dev-hook-2007587926807346.js:71:20)
    at Object.nodeDevHook [as .ts] (/Users/fernandolba/development/my-commerce/back/node_modules/ts-node-dev/lib/hook.js:63:13)
    at Module.load (node:internal/modules/cjs/loader:1091:32)
    at Function.Module._load (node:internal/modules/cjs/loader:938:12)
2023-11-25 01:04:13 error: uncaughtException: ⨯ Unable to compile TypeScript:
src/routes/customer.routes.ts(22,49): error TS2339: Property 'v' does not exist on type 'CustomerRoutes'.

Error: ⨯ Unable to compile TypeScript:
src/routes/customer.routes.ts(22,49): error TS2339: Property 'v' does not exist on type 'CustomerRoutes'.

    at Object.<anonymous> (/Users/fernandolba/development/my-commerce/back/src/routes/customer.routes.ts:1:7)
    at Module._compile (node:internal/modules/cjs/loader:1233:14)
    at Module._compile (/Users/fernandolba/development/my-commerce/back/node_modules/source-map-support/source-map-support.js:568:25)
    at Module.m._compile (/private/var/folders/y2/tl2vlwcd3x1bl4vhnjklflkc0000gn/T/ts-node-dev-hook-2007587926807346.js:69:33)
    at Module._extensions..js (node:internal/modules/cjs/loader:1287:10)
    at require.extensions..jsx.require.extensions..js (/private/var/folders/y2/tl2vlwcd3x1bl4vhnjklflkc0000gn/T/ts-node-dev-hook-2007587926807346.js:114:20)
    at require.extensions.<computed> (/private/var/folders/y2/tl2vlwcd3x1bl4vhnjklflkc0000gn/T/ts-node-dev-hook-2007587926807346.js:71:20)
    at Object.nodeDevHook [as .ts] (/Users/fernandolba/development/my-commerce/back/node_modules/ts-node-dev/lib/hook.js:63:13)
    at Module.load (node:internal/modules/cjs/loader:1091:32)
    at Function.Module._load (node:internal/modules/cjs/loader:938:12)
2023-11-25 01:04:17 error: uncaughtException: ⨯ Unable to compile TypeScript:
src/routes/customer.routes.ts(22,49): error TS1003: Identifier expected.

Error: ⨯ Unable to compile TypeScript:
src/routes/customer.routes.ts(22,49): error TS1003: Identifier expected.

    at Object.<anonymous> (/Users/fernandolba/development/my-commerce/back/src/routes/customer.routes.ts:1:7)
    at Module._compile (node:internal/modules/cjs/loader:1233:14)
    at Module._compile (/Users/fernandolba/development/my-commerce/back/node_modules/source-map-support/source-map-support.js:568:25)
    at Module.m._compile (/private/var/folders/y2/tl2vlwcd3x1bl4vhnjklflkc0000gn/T/ts-node-dev-hook-2007587926807346.js:69:33)
    at Module._extensions..js (node:internal/modules/cjs/loader:1287:10)
    at require.extensions..jsx.require.extensions..js (/private/var/folders/y2/tl2vlwcd3x1bl4vhnjklflkc0000gn/T/ts-node-dev-hook-2007587926807346.js:114:20)
    at require.extensions.<computed> (/private/var/folders/y2/tl2vlwcd3x1bl4vhnjklflkc0000gn/T/ts-node-dev-hook-2007587926807346.js:71:20)
    at Object.nodeDevHook [as .ts] (/Users/fernandolba/development/my-commerce/back/node_modules/ts-node-dev/lib/hook.js:63:13)
    at Module.load (node:internal/modules/cjs/loader:1091:32)
    at Function.Module._load (node:internal/modules/cjs/loader:938:12)
2023-11-25 01:04:27 error: uncaughtException: ⨯ Unable to compile TypeScript:
src/routes/customer.routes.ts(22,60): error TS2554: Expected 4 arguments, but got 0.

Error: ⨯ Unable to compile TypeScript:
src/routes/customer.routes.ts(22,60): error TS2554: Expected 4 arguments, but got 0.

    at Object.<anonymous> (/Users/fernandolba/development/my-commerce/back/src/routes/customer.routes.ts:1:7)
    at Module._compile (node:internal/modules/cjs/loader:1233:14)
    at Module._compile (/Users/fernandolba/development/my-commerce/back/node_modules/source-map-support/source-map-support.js:568:25)
    at Module.m._compile (/private/var/folders/y2/tl2vlwcd3x1bl4vhnjklflkc0000gn/T/ts-node-dev-hook-2007587926807346.js:69:33)
    at Module._extensions..js (node:internal/modules/cjs/loader:1287:10)
    at require.extensions..jsx.require.extensions..js (/private/var/folders/y2/tl2vlwcd3x1bl4vhnjklflkc0000gn/T/ts-node-dev-hook-2007587926807346.js:114:20)
    at require.extensions.<computed> (/private/var/folders/y2/tl2vlwcd3x1bl4vhnjklflkc0000gn/T/ts-node-dev-hook-2007587926807346.js:71:20)
    at Object.nodeDevHook [as .ts] (/Users/fernandolba/development/my-commerce/back/node_modules/ts-node-dev/lib/hook.js:63:13)
    at Module.load (node:internal/modules/cjs/loader:1091:32)
    at Function.Module._load (node:internal/modules/cjs/loader:938:12)
2023-11-25 01:04:32 error: uncaughtException: ⨯ Unable to compile TypeScript:
src/routes/customer.routes.ts(22,60): error TS2554: Expected 4 arguments, but got 1.
src/routes/customer.routes.ts(22,70): error TS2304: Cannot find name 'req'.

Error: ⨯ Unable to compile TypeScript:
src/routes/customer.routes.ts(22,60): error TS2554: Expected 4 arguments, but got 1.
src/routes/customer.routes.ts(22,70): error TS2304: Cannot find name 'req'.

    at Object.<anonymous> (/Users/fernandolba/development/my-commerce/back/src/routes/customer.routes.ts:1:7)
    at Module._compile (node:internal/modules/cjs/loader:1233:14)
    at Module._compile (/Users/fernandolba/development/my-commerce/back/node_modules/source-map-support/source-map-support.js:568:25)
    at Module.m._compile (/private/var/folders/y2/tl2vlwcd3x1bl4vhnjklflkc0000gn/T/ts-node-dev-hook-2007587926807346.js:69:33)
    at Module._extensions..js (node:internal/modules/cjs/loader:1287:10)
    at require.extensions..jsx.require.extensions..js (/private/var/folders/y2/tl2vlwcd3x1bl4vhnjklflkc0000gn/T/ts-node-dev-hook-2007587926807346.js:114:20)
    at require.extensions.<computed> (/private/var/folders/y2/tl2vlwcd3x1bl4vhnjklflkc0000gn/T/ts-node-dev-hook-2007587926807346.js:71:20)
    at Object.nodeDevHook [as .ts] (/Users/fernandolba/development/my-commerce/back/node_modules/ts-node-dev/lib/hook.js:63:13)
    at Module.load (node:internal/modules/cjs/loader:1091:32)
    at Function.Module._load (node:internal/modules/cjs/loader:938:12)
2023-11-25 01:04:36 error: uncaughtException: ⨯ Unable to compile TypeScript:
src/routes/customer.routes.ts(22,60): error TS2554: Expected 4 arguments, but got 2.
src/routes/customer.routes.ts(22,70): error TS2304: Cannot find name 'req'.
src/routes/customer.routes.ts(22,75): error TS2304: Cannot find name 'res'.

Error: ⨯ Unable to compile TypeScript:
src/routes/customer.routes.ts(22,60): error TS2554: Expected 4 arguments, but got 2.
src/routes/customer.routes.ts(22,70): error TS2304: Cannot find name 'req'.
src/routes/customer.routes.ts(22,75): error TS2304: Cannot find name 'res'.

    at Object.<anonymous> (/Users/fernandolba/development/my-commerce/back/src/routes/customer.routes.ts:1:7)
    at Module._compile (node:internal/modules/cjs/loader:1233:14)
    at Module._compile (/Users/fernandolba/development/my-commerce/back/node_modules/source-map-support/source-map-support.js:568:25)
    at Module.m._compile (/private/var/folders/y2/tl2vlwcd3x1bl4vhnjklflkc0000gn/T/ts-node-dev-hook-2007587926807346.js:69:33)
    at Module._extensions..js (node:internal/modules/cjs/loader:1287:10)
    at require.extensions..jsx.require.extensions..js (/private/var/folders/y2/tl2vlwcd3x1bl4vhnjklflkc0000gn/T/ts-node-dev-hook-2007587926807346.js:114:20)
    at require.extensions.<computed> (/private/var/folders/y2/tl2vlwcd3x1bl4vhnjklflkc0000gn/T/ts-node-dev-hook-2007587926807346.js:71:20)
    at Object.nodeDevHook [as .ts] (/Users/fernandolba/development/my-commerce/back/node_modules/ts-node-dev/lib/hook.js:63:13)
    at Module.load (node:internal/modules/cjs/loader:1091:32)
    at Function.Module._load (node:internal/modules/cjs/loader:938:12)
2023-11-25 01:04:39 error: uncaughtException: ⨯ Unable to compile TypeScript:
src/routes/customer.routes.ts(22,60): error TS2554: Expected 4 arguments, but got 3.
src/routes/customer.routes.ts(22,70): error TS2304: Cannot find name 'req'.
src/routes/customer.routes.ts(22,75): error TS2304: Cannot find name 'res'.
src/routes/customer.routes.ts(22,80): error TS2304: Cannot find name 'next'.

Error: ⨯ Unable to compile TypeScript:
src/routes/customer.routes.ts(22,60): error TS2554: Expected 4 arguments, but got 3.
src/routes/customer.routes.ts(22,70): error TS2304: Cannot find name 'req'.
src/routes/customer.routes.ts(22,75): error TS2304: Cannot find name 'res'.
src/routes/customer.routes.ts(22,80): error TS2304: Cannot find name 'next'.

    at Object.<anonymous> (/Users/fernandolba/development/my-commerce/back/src/routes/customer.routes.ts:1:7)
    at Module._compile (node:internal/modules/cjs/loader:1233:14)
    at Module._compile (/Users/fernandolba/development/my-commerce/back/node_modules/source-map-support/source-map-support.js:568:25)
    at Module.m._compile (/private/var/folders/y2/tl2vlwcd3x1bl4vhnjklflkc0000gn/T/ts-node-dev-hook-2007587926807346.js:69:33)
    at Module._extensions..js (node:internal/modules/cjs/loader:1287:10)
    at require.extensions..jsx.require.extensions..js (/private/var/folders/y2/tl2vlwcd3x1bl4vhnjklflkc0000gn/T/ts-node-dev-hook-2007587926807346.js:114:20)
    at require.extensions.<computed> (/private/var/folders/y2/tl2vlwcd3x1bl4vhnjklflkc0000gn/T/ts-node-dev-hook-2007587926807346.js:71:20)
    at Object.nodeDevHook [as .ts] (/Users/fernandolba/development/my-commerce/back/node_modules/ts-node-dev/lib/hook.js:63:13)
    at Module.load (node:internal/modules/cjs/loader:1091:32)
    at Function.Module._load (node:internal/modules/cjs/loader:938:12)
2023-11-25 01:04:43 error: uncaughtException: ⨯ Unable to compile TypeScript:
src/routes/customer.routes.ts(22,60): error TS2554: Expected 4 arguments, but got 3.
src/routes/customer.routes.ts(22,70): error TS2304: Cannot find name 'req'.
src/routes/customer.routes.ts(22,75): error TS2304: Cannot find name 'res'.
src/routes/customer.routes.ts(22,80): error TS2304: Cannot find name 'next'.

Error: ⨯ Unable to compile TypeScript:
src/routes/customer.routes.ts(22,60): error TS2554: Expected 4 arguments, but got 3.
src/routes/customer.routes.ts(22,70): error TS2304: Cannot find name 'req'.
src/routes/customer.routes.ts(22,75): error TS2304: Cannot find name 'res'.
src/routes/customer.routes.ts(22,80): error TS2304: Cannot find name 'next'.

    at Object.<anonymous> (/Users/fernandolba/development/my-commerce/back/src/routes/customer.routes.ts:1:7)
    at Module._compile (node:internal/modules/cjs/loader:1233:14)
    at Module._compile (/Users/fernandolba/development/my-commerce/back/node_modules/source-map-support/source-map-support.js:568:25)
    at Module.m._compile (/private/var/folders/y2/tl2vlwcd3x1bl4vhnjklflkc0000gn/T/ts-node-dev-hook-2007587926807346.js:69:33)
    at Module._extensions..js (node:internal/modules/cjs/loader:1287:10)
    at require.extensions..jsx.require.extensions..js (/private/var/folders/y2/tl2vlwcd3x1bl4vhnjklflkc0000gn/T/ts-node-dev-hook-2007587926807346.js:114:20)
    at require.extensions.<computed> (/private/var/folders/y2/tl2vlwcd3x1bl4vhnjklflkc0000gn/T/ts-node-dev-hook-2007587926807346.js:71:20)
    at Object.nodeDevHook [as .ts] (/Users/fernandolba/development/my-commerce/back/node_modules/ts-node-dev/lib/hook.js:63:13)
    at Module.load (node:internal/modules/cjs/loader:1091:32)
    at Function.Module._load (node:internal/modules/cjs/loader:938:12)
2023-11-25 01:04:46 error: uncaughtException: ⨯ Unable to compile TypeScript:
src/routes/customer.routes.ts(22,60): error TS2554: Expected 4 arguments, but got 3.
src/routes/customer.routes.ts(22,70): error TS2304: Cannot find name 'req'.
src/routes/customer.routes.ts(22,75): error TS2304: Cannot find name 'res'.
src/routes/customer.routes.ts(22,80): error TS2304: Cannot find name 'next'.

Error: ⨯ Unable to compile TypeScript:
src/routes/customer.routes.ts(22,60): error TS2554: Expected 4 arguments, but got 3.
src/routes/customer.routes.ts(22,70): error TS2304: Cannot find name 'req'.
src/routes/customer.routes.ts(22,75): error TS2304: Cannot find name 'res'.
src/routes/customer.routes.ts(22,80): error TS2304: Cannot find name 'next'.

    at Object.<anonymous> (/Users/fernandolba/development/my-commerce/back/src/routes/customer.routes.ts:1:7)
    at Module._compile (node:internal/modules/cjs/loader:1233:14)
    at Module._compile (/Users/fernandolba/development/my-commerce/back/node_modules/source-map-support/source-map-support.js:568:25)
    at Module.m._compile (/private/var/folders/y2/tl2vlwcd3x1bl4vhnjklflkc0000gn/T/ts-node-dev-hook-2007587926807346.js:69:33)
    at Module._extensions..js (node:internal/modules/cjs/loader:1287:10)
    at require.extensions..jsx.require.extensions..js (/private/var/folders/y2/tl2vlwcd3x1bl4vhnjklflkc0000gn/T/ts-node-dev-hook-2007587926807346.js:114:20)
    at require.extensions.<computed> (/private/var/folders/y2/tl2vlwcd3x1bl4vhnjklflkc0000gn/T/ts-node-dev-hook-2007587926807346.js:71:20)
    at Object.nodeDevHook [as .ts] (/Users/fernandolba/development/my-commerce/back/node_modules/ts-node-dev/lib/hook.js:63:13)
    at Module.load (node:internal/modules/cjs/loader:1091:32)
    at Function.Module._load (node:internal/modules/cjs/loader:938:12)
2023-11-25 01:04:49 error: uncaughtException: ⨯ Unable to compile TypeScript:
src/routes/customer.routes.ts(22,70): error TS2304: Cannot find name 'req'.
src/routes/customer.routes.ts(22,75): error TS2304: Cannot find name 'res'.
src/routes/customer.routes.ts(22,80): error TS2304: Cannot find name 'next'.
src/routes/customer.routes.ts(22,86): error TS2304: Cannot find name 'Customer'.

Error: ⨯ Unable to compile TypeScript:
src/routes/customer.routes.ts(22,70): error TS2304: Cannot find name 'req'.
src/routes/customer.routes.ts(22,75): error TS2304: Cannot find name 'res'.
src/routes/customer.routes.ts(22,80): error TS2304: Cannot find name 'next'.
src/routes/customer.routes.ts(22,86): error TS2304: Cannot find name 'Customer'.

    at Object.<anonymous> (/Users/fernandolba/development/my-commerce/back/src/routes/customer.routes.ts:1:7)
    at Module._compile (node:internal/modules/cjs/loader:1233:14)
    at Module._compile (/Users/fernandolba/development/my-commerce/back/node_modules/source-map-support/source-map-support.js:568:25)
    at Module.m._compile (/private/var/folders/y2/tl2vlwcd3x1bl4vhnjklflkc0000gn/T/ts-node-dev-hook-2007587926807346.js:69:33)
    at Module._extensions..js (node:internal/modules/cjs/loader:1287:10)
    at require.extensions..jsx.require.extensions..js (/private/var/folders/y2/tl2vlwcd3x1bl4vhnjklflkc0000gn/T/ts-node-dev-hook-2007587926807346.js:114:20)
    at require.extensions.<computed> (/private/var/folders/y2/tl2vlwcd3x1bl4vhnjklflkc0000gn/T/ts-node-dev-hook-2007587926807346.js:71:20)
    at Object.nodeDevHook [as .ts] (/Users/fernandolba/development/my-commerce/back/node_modules/ts-node-dev/lib/hook.js:63:13)
    at Module.load (node:internal/modules/cjs/loader:1091:32)
    at Function.Module._load (node:internal/modules/cjs/loader:938:12)
2023-11-25 01:04:52 error: uncaughtException: ⨯ Unable to compile TypeScript:
src/routes/customer.routes.ts(23,70): error TS2304: Cannot find name 'req'.
src/routes/customer.routes.ts(23,75): error TS2304: Cannot find name 'res'.
src/routes/customer.routes.ts(23,80): error TS2304: Cannot find name 'next'.

Error: ⨯ Unable to compile TypeScript:
src/routes/customer.routes.ts(23,70): error TS2304: Cannot find name 'req'.
src/routes/customer.routes.ts(23,75): error TS2304: Cannot find name 'res'.
src/routes/customer.routes.ts(23,80): error TS2304: Cannot find name 'next'.

    at Object.<anonymous> (/Users/fernandolba/development/my-commerce/back/src/routes/customer.routes.ts:1:7)
    at Module._compile (node:internal/modules/cjs/loader:1233:14)
    at Module._compile (/Users/fernandolba/development/my-commerce/back/node_modules/source-map-support/source-map-support.js:568:25)
    at Module.m._compile (/private/var/folders/y2/tl2vlwcd3x1bl4vhnjklflkc0000gn/T/ts-node-dev-hook-2007587926807346.js:69:33)
    at Module._extensions..js (node:internal/modules/cjs/loader:1287:10)
    at require.extensions..jsx.require.extensions..js (/private/var/folders/y2/tl2vlwcd3x1bl4vhnjklflkc0000gn/T/ts-node-dev-hook-2007587926807346.js:114:20)
    at require.extensions.<computed> (/private/var/folders/y2/tl2vlwcd3x1bl4vhnjklflkc0000gn/T/ts-node-dev-hook-2007587926807346.js:71:20)
    at Object.nodeDevHook [as .ts] (/Users/fernandolba/development/my-commerce/back/node_modules/ts-node-dev/lib/hook.js:63:13)
    at Module.load (node:internal/modules/cjs/loader:1091:32)
    at Function.Module._load (node:internal/modules/cjs/loader:938:12)
2023-11-25 01:04:57 error: uncaughtException: ⨯ Unable to compile TypeScript:
src/routes/customer.routes.ts(23,82): error TS2345: Argument of type 'Request' is not assignable to parameter of type 'Request<ParamsDictionary, any, any, ParsedQs, Record<string, any>>'.
  Type 'Request' is missing the following properties from type 'Request<ParamsDictionary, any, any, ParsedQs, Record<string, any>>': get, header, accepts, acceptsCharsets, and 94 more.
src/routes/customer.routes.ts(23,87): error TS2304: Cannot find name 'res'.
src/routes/customer.routes.ts(23,92): error TS2304: Cannot find name 'next'.

Error: ⨯ Unable to compile TypeScript:
src/routes/customer.routes.ts(23,82): error TS2345: Argument of type 'Request' is not assignable to parameter of type 'Request<ParamsDictionary, any, any, ParsedQs, Record<string, any>>'.
  Type 'Request' is missing the following properties from type 'Request<ParamsDictionary, any, any, ParsedQs, Record<string, any>>': get, header, accepts, acceptsCharsets, and 94 more.
src/routes/customer.routes.ts(23,87): error TS2304: Cannot find name 'res'.
src/routes/customer.routes.ts(23,92): error TS2304: Cannot find name 'next'.

    at Object.<anonymous> (/Users/fernandolba/development/my-commerce/back/src/routes/customer.routes.ts:1:7)
    at Module._compile (node:internal/modules/cjs/loader:1233:14)
    at Module._compile (/Users/fernandolba/development/my-commerce/back/node_modules/source-map-support/source-map-support.js:568:25)
    at Module.m._compile (/private/var/folders/y2/tl2vlwcd3x1bl4vhnjklflkc0000gn/T/ts-node-dev-hook-2007587926807346.js:69:33)
    at Module._extensions..js (node:internal/modules/cjs/loader:1287:10)
    at require.extensions..jsx.require.extensions..js (/private/var/folders/y2/tl2vlwcd3x1bl4vhnjklflkc0000gn/T/ts-node-dev-hook-2007587926807346.js:114:20)
    at require.extensions.<computed> (/private/var/folders/y2/tl2vlwcd3x1bl4vhnjklflkc0000gn/T/ts-node-dev-hook-2007587926807346.js:71:20)
    at Object.nodeDevHook [as .ts] (/Users/fernandolba/development/my-commerce/back/node_modules/ts-node-dev/lib/hook.js:63:13)
    at Module.load (node:internal/modules/cjs/loader:1091:32)
    at Function.Module._load (node:internal/modules/cjs/loader:938:12)
2023-11-25 01:05:02 error: uncaughtException: ⨯ Unable to compile TypeScript:
src/routes/customer.routes.ts(23,38): error TS2769: No overload matches this call.
  The last overload gave the following error.
    Argument of type '(req: Request, res: Response) => void' is not assignable to parameter of type 'RequestHandlerParams<ParamsDictionary, any, any, ParsedQs, Record<string, any>>'.
      Type '(req: Request, res: Response) => void' is not assignable to type 'RequestHandler<ParamsDictionary, any, any, ParsedQs, Record<string, any>>'.
        Types of parameters 'res' and 'res' are incompatible.
          Type 'Response<any, Record<string, any>, number>' is missing the following properties from type 'Response': headers, ok, redirected, statusText, and 8 more.
src/routes/customer.routes.ts(23,102): error TS2345: Argument of type 'Response' is not assignable to parameter of type 'Response<any, Record<string, any>>'.
  Type 'Response' is missing the following properties from type 'Response<any, Record<string, any>>': sendStatus, links, send, jsonp, and 84 more.
src/routes/customer.routes.ts(23,107): error TS2304: Cannot find name 'next'.

Error: ⨯ Unable to compile TypeScript:
src/routes/customer.routes.ts(23,38): error TS2769: No overload matches this call.
  The last overload gave the following error.
    Argument of type '(req: Request, res: Response) => void' is not assignable to parameter of type 'RequestHandlerParams<ParamsDictionary, any, any, ParsedQs, Record<string, any>>'.
      Type '(req: Request, res: Response) => void' is not assignable to type 'RequestHandler<ParamsDictionary, any, any, ParsedQs, Record<string, any>>'.
        Types of parameters 'res' and 'res' are incompatible.
          Type 'Response<any, Record<string, any>, number>' is missing the following properties from type 'Response': headers, ok, redirected, statusText, and 8 more.
src/routes/customer.routes.ts(23,102): error TS2345: Argument of type 'Response' is not assignable to parameter of type 'Response<any, Record<string, any>>'.
  Type 'Response' is missing the following properties from type 'Response<any, Record<string, any>>': sendStatus, links, send, jsonp, and 84 more.
src/routes/customer.routes.ts(23,107): error TS2304: Cannot find name 'next'.

    at Object.<anonymous> (/Users/fernandolba/development/my-commerce/back/src/routes/customer.routes.ts:1:7)
    at Module._compile (node:internal/modules/cjs/loader:1233:14)
    at Module._compile (/Users/fernandolba/development/my-commerce/back/node_modules/source-map-support/source-map-support.js:568:25)
    at Module.m._compile (/private/var/folders/y2/tl2vlwcd3x1bl4vhnjklflkc0000gn/T/ts-node-dev-hook-2007587926807346.js:69:33)
    at Module._extensions..js (node:internal/modules/cjs/loader:1287:10)
    at require.extensions..jsx.require.extensions..js (/private/var/folders/y2/tl2vlwcd3x1bl4vhnjklflkc0000gn/T/ts-node-dev-hook-2007587926807346.js:114:20)
    at require.extensions.<computed> (/private/var/folders/y2/tl2vlwcd3x1bl4vhnjklflkc0000gn/T/ts-node-dev-hook-2007587926807346.js:71:20)
    at Object.nodeDevHook [as .ts] (/Users/fernandolba/development/my-commerce/back/node_modules/ts-node-dev/lib/hook.js:63:13)
    at Module.load (node:internal/modules/cjs/loader:1091:32)
    at Function.Module._load (node:internal/modules/cjs/loader:938:12)
2023-11-25 01:05:06 error: uncaughtException: ⨯ Unable to compile TypeScript:
src/routes/customer.routes.ts(23,107): error TS2304: Cannot find name 'next'.

Error: ⨯ Unable to compile TypeScript:
src/routes/customer.routes.ts(23,107): error TS2304: Cannot find name 'next'.

    at Object.<anonymous> (/Users/fernandolba/development/my-commerce/back/src/routes/customer.routes.ts:1:7)
    at Module._compile (node:internal/modules/cjs/loader:1233:14)
    at Module._compile (/Users/fernandolba/development/my-commerce/back/node_modules/source-map-support/source-map-support.js:568:25)
    at Module.m._compile (/private/var/folders/y2/tl2vlwcd3x1bl4vhnjklflkc0000gn/T/ts-node-dev-hook-2007587926807346.js:69:33)
    at Module._extensions..js (node:internal/modules/cjs/loader:1287:10)
    at require.extensions..jsx.require.extensions..js (/private/var/folders/y2/tl2vlwcd3x1bl4vhnjklflkc0000gn/T/ts-node-dev-hook-2007587926807346.js:114:20)
    at require.extensions.<computed> (/private/var/folders/y2/tl2vlwcd3x1bl4vhnjklflkc0000gn/T/ts-node-dev-hook-2007587926807346.js:71:20)
    at Object.nodeDevHook [as .ts] (/Users/fernandolba/development/my-commerce/back/node_modules/ts-node-dev/lib/hook.js:63:13)
    at Module.load (node:internal/modules/cjs/loader:1091:32)
    at Function.Module._load (node:internal/modules/cjs/loader:938:12)
2023-11-25 01:05:10 error: uncaughtException: ⨯ Unable to compile TypeScript:
src/routes/customer.routes.ts(23,74): error TS2304: Cannot find name 'NextF'.

Error: ⨯ Unable to compile TypeScript:
src/routes/customer.routes.ts(23,74): error TS2304: Cannot find name 'NextF'.

    at Object.<anonymous> (/Users/fernandolba/development/my-commerce/back/src/routes/customer.routes.ts:1:7)
    at Module._compile (node:internal/modules/cjs/loader:1233:14)
    at Module._compile (/Users/fernandolba/development/my-commerce/back/node_modules/source-map-support/source-map-support.js:568:25)
    at Module.m._compile (/private/var/folders/y2/tl2vlwcd3x1bl4vhnjklflkc0000gn/T/ts-node-dev-hook-2007587926807346.js:69:33)
    at Module._extensions..js (node:internal/modules/cjs/loader:1287:10)
    at require.extensions..jsx.require.extensions..js (/private/var/folders/y2/tl2vlwcd3x1bl4vhnjklflkc0000gn/T/ts-node-dev-hook-2007587926807346.js:114:20)
    at require.extensions.<computed> (/private/var/folders/y2/tl2vlwcd3x1bl4vhnjklflkc0000gn/T/ts-node-dev-hook-2007587926807346.js:71:20)
    at Object.nodeDevHook [as .ts] (/Users/fernandolba/development/my-commerce/back/node_modules/ts-node-dev/lib/hook.js:63:13)
    at Module.load (node:internal/modules/cjs/loader:1091:32)
    at Function.Module._load (node:internal/modules/cjs/loader:938:12)
2023-11-25 01:09:07 error: uncaughtException: ⨯ Unable to compile TypeScript:
src/customer/entities/customer.entity.ts(24,3): error TS2300: Duplicate identifier 'name'.

Error: ⨯ Unable to compile TypeScript:
src/customer/entities/customer.entity.ts(24,3): error TS2300: Duplicate identifier 'name'.

    at Object.<anonymous> (/Users/fernandolba/development/my-commerce/back/src/customer/entities/customer.entity.ts:1:7)
    at Module._compile (node:internal/modules/cjs/loader:1233:14)
    at Module._compile (/Users/fernandolba/development/my-commerce/back/node_modules/source-map-support/source-map-support.js:568:25)
    at Module.m._compile (/private/var/folders/y2/tl2vlwcd3x1bl4vhnjklflkc0000gn/T/ts-node-dev-hook-2007587926807346.js:69:33)
    at Module._extensions..js (node:internal/modules/cjs/loader:1287:10)
    at require.extensions..jsx.require.extensions..js (/private/var/folders/y2/tl2vlwcd3x1bl4vhnjklflkc0000gn/T/ts-node-dev-hook-2007587926807346.js:114:20)
    at require.extensions.<computed> (/private/var/folders/y2/tl2vlwcd3x1bl4vhnjklflkc0000gn/T/ts-node-dev-hook-2007587926807346.js:71:20)
    at Object.nodeDevHook [as .ts] (/Users/fernandolba/development/my-commerce/back/node_modules/ts-node-dev/lib/hook.js:63:13)
    at Module.load (node:internal/modules/cjs/loader:1091:32)
    at Function.Module._load (node:internal/modules/cjs/loader:938:12)
2023-11-25 01:09:11 error: uncaughtException: ⨯ Unable to compile TypeScript:
src/customer/entities/customer.entity.ts(38,3): error TS2300: Duplicate identifier 'user'.
src/customer/entities/customer.entity.ts(38,3): error TS2717: Subsequent property declarations must have the same type.  Property 'user' must be of type 'string', but here has type 'UserEntity'.

Error: ⨯ Unable to compile TypeScript:
src/customer/entities/customer.entity.ts(38,3): error TS2300: Duplicate identifier 'user'.
src/customer/entities/customer.entity.ts(38,3): error TS2717: Subsequent property declarations must have the same type.  Property 'user' must be of type 'string', but here has type 'UserEntity'.

    at Object.<anonymous> (/Users/fernandolba/development/my-commerce/back/src/customer/entities/customer.entity.ts:1:7)
    at Module._compile (node:internal/modules/cjs/loader:1233:14)
    at Module._compile (/Users/fernandolba/development/my-commerce/back/node_modules/source-map-support/source-map-support.js:568:25)
    at Module.m._compile (/private/var/folders/y2/tl2vlwcd3x1bl4vhnjklflkc0000gn/T/ts-node-dev-hook-2007587926807346.js:69:33)
    at Module._extensions..js (node:internal/modules/cjs/loader:1287:10)
    at require.extensions..jsx.require.extensions..js (/private/var/folders/y2/tl2vlwcd3x1bl4vhnjklflkc0000gn/T/ts-node-dev-hook-2007587926807346.js:114:20)
    at require.extensions.<computed> (/private/var/folders/y2/tl2vlwcd3x1bl4vhnjklflkc0000gn/T/ts-node-dev-hook-2007587926807346.js:71:20)
    at Object.nodeDevHook [as .ts] (/Users/fernandolba/development/my-commerce/back/node_modules/ts-node-dev/lib/hook.js:63:13)
    at Module.load (node:internal/modules/cjs/loader:1091:32)
    at Function.Module._load (node:internal/modules/cjs/loader:938:12)
2023-11-25 01:09:21 error: uncaughtException: ⨯ Unable to compile TypeScript:
src/customer/entities/customer.entity.ts(24,10): error TS2304: Cannot find name 'User'.
src/customer/entities/customer.entity.ts(38,3): error TS2300: Duplicate identifier 'user'.

Error: ⨯ Unable to compile TypeScript:
src/customer/entities/customer.entity.ts(24,10): error TS2304: Cannot find name 'User'.
src/customer/entities/customer.entity.ts(38,3): error TS2300: Duplicate identifier 'user'.

    at Object.<anonymous> (/Users/fernandolba/development/my-commerce/back/src/customer/entities/customer.entity.ts:1:7)
    at Module._compile (node:internal/modules/cjs/loader:1233:14)
    at Module._compile (/Users/fernandolba/development/my-commerce/back/node_modules/source-map-support/source-map-support.js:568:25)
    at Module.m._compile (/private/var/folders/y2/tl2vlwcd3x1bl4vhnjklflkc0000gn/T/ts-node-dev-hook-2007587926807346.js:69:33)
    at Module._extensions..js (node:internal/modules/cjs/loader:1287:10)
    at require.extensions..jsx.require.extensions..js (/private/var/folders/y2/tl2vlwcd3x1bl4vhnjklflkc0000gn/T/ts-node-dev-hook-2007587926807346.js:114:20)
    at require.extensions.<computed> (/private/var/folders/y2/tl2vlwcd3x1bl4vhnjklflkc0000gn/T/ts-node-dev-hook-2007587926807346.js:71:20)
    at Object.nodeDevHook [as .ts] (/Users/fernandolba/development/my-commerce/back/node_modules/ts-node-dev/lib/hook.js:63:13)
    at Module.load (node:internal/modules/cjs/loader:1091:32)
    at Function.Module._load (node:internal/modules/cjs/loader:938:12)
2023-11-25 01:09:24 error: uncaughtException: ⨯ Unable to compile TypeScript:
src/customer/entities/customer.entity.ts(38,3): error TS2300: Duplicate identifier 'user'.

Error: ⨯ Unable to compile TypeScript:
src/customer/entities/customer.entity.ts(38,3): error TS2300: Duplicate identifier 'user'.

    at Object.<anonymous> (/Users/fernandolba/development/my-commerce/back/src/customer/entities/customer.entity.ts:1:7)
    at Module._compile (node:internal/modules/cjs/loader:1233:14)
    at Module._compile (/Users/fernandolba/development/my-commerce/back/node_modules/source-map-support/source-map-support.js:568:25)
    at Module.m._compile (/private/var/folders/y2/tl2vlwcd3x1bl4vhnjklflkc0000gn/T/ts-node-dev-hook-2007587926807346.js:69:33)
    at Module._extensions..js (node:internal/modules/cjs/loader:1287:10)
    at require.extensions..jsx.require.extensions..js (/private/var/folders/y2/tl2vlwcd3x1bl4vhnjklflkc0000gn/T/ts-node-dev-hook-2007587926807346.js:114:20)
    at require.extensions.<computed> (/private/var/folders/y2/tl2vlwcd3x1bl4vhnjklflkc0000gn/T/ts-node-dev-hook-2007587926807346.js:71:20)
    at Object.nodeDevHook [as .ts] (/Users/fernandolba/development/my-commerce/back/node_modules/ts-node-dev/lib/hook.js:63:13)
    at Module.load (node:internal/modules/cjs/loader:1091:32)
    at Function.Module._load (node:internal/modules/cjs/loader:938:12)
2023-11-25 01:11:39 error: uncaughtException: (no error message)
AggregateError: 
    at internalConnectMultiple (node:net:1114:18)
    at afterConnectMultiple (node:net:1667:5)
    --------------------
    at Protocol._enqueue (/Users/fernandolba/development/my-commerce/back/node_modules/mysql/lib/protocol/Protocol.js:144:48)
    at Protocol.handshake (/Users/fernandolba/development/my-commerce/back/node_modules/mysql/lib/protocol/Protocol.js:51:23)
    at PoolConnection.connect (/Users/fernandolba/development/my-commerce/back/node_modules/mysql/lib/Connection.js:116:18)
    at Pool.getConnection (/Users/fernandolba/development/my-commerce/back/node_modules/mysql/lib/Pool.js:48:16)
    at /Users/fernandolba/development/my-commerce/back/src/driver/mysql/MysqlDriver.ts:1268:18
    at new Promise (<anonymous>)
    at MysqlDriver.createPool (/Users/fernandolba/development/my-commerce/back/src/driver/mysql/MysqlDriver.ts:1265:16)
    at MysqlDriver.connect (/Users/fernandolba/development/my-commerce/back/src/driver/mysql/MysqlDriver.ts:400:36)
    at DataSource.initialize (/Users/fernandolba/development/my-commerce/back/src/data-source/DataSource.ts:249:27)
    at UserService.get initConnect [as initConnect] (/Users/fernandolba/development/my-commerce/back/src/config/config.ts:33:26)
2023-11-25 01:11:39 error: uncaughtException: (no error message)
AggregateError: 
    at internalConnectMultiple (node:net:1114:18)
    at afterConnectMultiple (node:net:1667:5)
    --------------------
    at Protocol._enqueue (/Users/fernandolba/development/my-commerce/back/node_modules/mysql/lib/protocol/Protocol.js:144:48)
    at Protocol.handshake (/Users/fernandolba/development/my-commerce/back/node_modules/mysql/lib/protocol/Protocol.js:51:23)
    at PoolConnection.connect (/Users/fernandolba/development/my-commerce/back/node_modules/mysql/lib/Connection.js:116:18)
    at Pool.getConnection (/Users/fernandolba/development/my-commerce/back/node_modules/mysql/lib/Pool.js:48:16)
    at /Users/fernandolba/development/my-commerce/back/src/driver/mysql/MysqlDriver.ts:1268:18
    at new Promise (<anonymous>)
    at MysqlDriver.createPool (/Users/fernandolba/development/my-commerce/back/src/driver/mysql/MysqlDriver.ts:1265:16)
    at MysqlDriver.connect (/Users/fernandolba/development/my-commerce/back/src/driver/mysql/MysqlDriver.ts:400:36)
    at DataSource.initialize (/Users/fernandolba/development/my-commerce/back/src/data-source/DataSource.ts:249:27)
    at UserService.get initConnect [as initConnect] (/Users/fernandolba/development/my-commerce/back/src/config/config.ts:33:26)
2023-11-25 01:11:39 error: uncaughtException: (no error message)
AggregateError: 
    at internalConnectMultiple (node:net:1114:18)
    at afterConnectMultiple (node:net:1667:5)
    --------------------
    at Protocol._enqueue (/Users/fernandolba/development/my-commerce/back/node_modules/mysql/lib/protocol/Protocol.js:144:48)
    at Protocol.handshake (/Users/fernandolba/development/my-commerce/back/node_modules/mysql/lib/protocol/Protocol.js:51:23)
    at PoolConnection.connect (/Users/fernandolba/development/my-commerce/back/node_modules/mysql/lib/Connection.js:116:18)
    at Pool.getConnection (/Users/fernandolba/development/my-commerce/back/node_modules/mysql/lib/Pool.js:48:16)
    at /Users/fernandolba/development/my-commerce/back/src/driver/mysql/MysqlDriver.ts:1268:18
    at new Promise (<anonymous>)
    at MysqlDriver.createPool (/Users/fernandolba/development/my-commerce/back/src/driver/mysql/MysqlDriver.ts:1265:16)
    at MysqlDriver.connect (/Users/fernandolba/development/my-commerce/back/src/driver/mysql/MysqlDriver.ts:400:36)
    at DataSource.initialize (/Users/fernandolba/development/my-commerce/back/src/data-source/DataSource.ts:249:27)
    at CustomerService.get initConnect [as initConnect] (/Users/fernandolba/development/my-commerce/back/src/config/config.ts:33:26)
2023-11-25 01:11:39 error: uncaughtException: (no error message)
AggregateError: 
    at internalConnectMultiple (node:net:1114:18)
    at afterConnectMultiple (node:net:1667:5)
    --------------------
    at Protocol._enqueue (/Users/fernandolba/development/my-commerce/back/node_modules/mysql/lib/protocol/Protocol.js:144:48)
    at Protocol.handshake (/Users/fernandolba/development/my-commerce/back/node_modules/mysql/lib/protocol/Protocol.js:51:23)
    at PoolConnection.connect (/Users/fernandolba/development/my-commerce/back/node_modules/mysql/lib/Connection.js:116:18)
    at Pool.getConnection (/Users/fernandolba/development/my-commerce/back/node_modules/mysql/lib/Pool.js:48:16)
    at /Users/fernandolba/development/my-commerce/back/src/driver/mysql/MysqlDriver.ts:1268:18
    at new Promise (<anonymous>)
    at MysqlDriver.createPool (/Users/fernandolba/development/my-commerce/back/src/driver/mysql/MysqlDriver.ts:1265:16)
    at MysqlDriver.connect (/Users/fernandolba/development/my-commerce/back/src/driver/mysql/MysqlDriver.ts:400:36)
    at DataSource.initialize (/Users/fernandolba/development/my-commerce/back/src/data-source/DataSource.ts:249:27)
    at CustomerService.get initConnect [as initConnect] (/Users/fernandolba/development/my-commerce/back/src/config/config.ts:33:26)
2023-11-25 01:14:00 error: uncaughtException: ER_DUP_ENTRY: Duplicate entry '2' for key 'REL_5d1f609371a285123294fddcf3'
QueryFailedError: ER_DUP_ENTRY: Duplicate entry '2' for key 'REL_5d1f609371a285123294fddcf3'
    at Query.<anonymous> (/Users/fernandolba/development/my-commerce/back/src/driver/mysql/MysqlQueryRunner.ts:222:33)
    at Query.<anonymous> (/Users/fernandolba/development/my-commerce/back/node_modules/mysql/lib/Connection.js:526:10)
    at Query._callback (/Users/fernandolba/development/my-commerce/back/node_modules/mysql/lib/Connection.js:488:16)
    at Query.Sequence.end (/Users/fernandolba/development/my-commerce/back/node_modules/mysql/lib/protocol/sequences/Sequence.js:83:24)
    at Query.ErrorPacket (/Users/fernandolba/development/my-commerce/back/node_modules/mysql/lib/protocol/sequences/Query.js:92:8)
    at Protocol._parsePacket (/Users/fernandolba/development/my-commerce/back/node_modules/mysql/lib/protocol/Protocol.js:291:23)
    at Parser._parsePacket (/Users/fernandolba/development/my-commerce/back/node_modules/mysql/lib/protocol/Parser.js:433:10)
    at Parser.write (/Users/fernandolba/development/my-commerce/back/node_modules/mysql/lib/protocol/Parser.js:43:10)
    at Protocol.write (/Users/fernandolba/development/my-commerce/back/node_modules/mysql/lib/protocol/Protocol.js:38:16)
    at Socket.<anonymous> (/Users/fernandolba/development/my-commerce/back/node_modules/mysql/lib/Connection.js:88:28)
2023-11-25 01:16:24 error: uncaughtException: ⨯ Unable to compile TypeScript:
src/customer/customer.controller.ts(7,90): error TS7006: Parameter 're' implicitly has an 'any' type.

Error: ⨯ Unable to compile TypeScript:
src/customer/customer.controller.ts(7,90): error TS7006: Parameter 're' implicitly has an 'any' type.

    at Object.<anonymous> (/Users/fernandolba/development/my-commerce/back/src/customer/customer.controller.ts:1:7)
    at Module._compile (node:internal/modules/cjs/loader:1233:14)
    at Module._compile (/Users/fernandolba/development/my-commerce/back/node_modules/source-map-support/source-map-support.js:568:25)
    at Module.m._compile (/private/var/folders/y2/tl2vlwcd3x1bl4vhnjklflkc0000gn/T/ts-node-dev-hook-6578420421406521.js:69:33)
    at Module._extensions..js (node:internal/modules/cjs/loader:1287:10)
    at require.extensions..jsx.require.extensions..js (/private/var/folders/y2/tl2vlwcd3x1bl4vhnjklflkc0000gn/T/ts-node-dev-hook-6578420421406521.js:114:20)
    at require.extensions.<computed> (/private/var/folders/y2/tl2vlwcd3x1bl4vhnjklflkc0000gn/T/ts-node-dev-hook-6578420421406521.js:71:20)
    at Object.nodeDevHook [as .ts] (/Users/fernandolba/development/my-commerce/back/node_modules/ts-node-dev/lib/hook.js:63:13)
    at Module.load (node:internal/modules/cjs/loader:1091:32)
    at Function.Module._load (node:internal/modules/cjs/loader:938:12)
2023-11-25 01:16:27 error: uncaughtException: ⨯ Unable to compile TypeScript:
src/customer/customer.controller.ts(7,90): error TS7006: Parameter 'readonly' implicitly has an 'any' type.

Error: ⨯ Unable to compile TypeScript:
src/customer/customer.controller.ts(7,90): error TS7006: Parameter 'readonly' implicitly has an 'any' type.

    at Object.<anonymous> (/Users/fernandolba/development/my-commerce/back/src/customer/customer.controller.ts:1:7)
    at Module._compile (node:internal/modules/cjs/loader:1233:14)
    at Module._compile (/Users/fernandolba/development/my-commerce/back/node_modules/source-map-support/source-map-support.js:568:25)
    at Module.m._compile (/private/var/folders/y2/tl2vlwcd3x1bl4vhnjklflkc0000gn/T/ts-node-dev-hook-6578420421406521.js:69:33)
    at Module._extensions..js (node:internal/modules/cjs/loader:1287:10)
    at require.extensions..jsx.require.extensions..js (/private/var/folders/y2/tl2vlwcd3x1bl4vhnjklflkc0000gn/T/ts-node-dev-hook-6578420421406521.js:114:20)
    at require.extensions.<computed> (/private/var/folders/y2/tl2vlwcd3x1bl4vhnjklflkc0000gn/T/ts-node-dev-hook-6578420421406521.js:71:20)
    at Object.nodeDevHook [as .ts] (/Users/fernandolba/development/my-commerce/back/node_modules/ts-node-dev/lib/hook.js:63:13)
    at Module.load (node:internal/modules/cjs/loader:1091:32)
    at Function.Module._load (node:internal/modules/cjs/loader:938:12)
2023-11-25 01:16:33 error: uncaughtException: ⨯ Unable to compile TypeScript:
src/customer/customer.controller.ts(7,120): error TS1110: Type expected.

Error: ⨯ Unable to compile TypeScript:
src/customer/customer.controller.ts(7,120): error TS1110: Type expected.

    at Object.<anonymous> (/Users/fernandolba/development/my-commerce/back/src/customer/customer.controller.ts:1:7)
    at Module._compile (node:internal/modules/cjs/loader:1233:14)
    at Module._compile (/Users/fernandolba/development/my-commerce/back/node_modules/source-map-support/source-map-support.js:568:25)
    at Module.m._compile (/private/var/folders/y2/tl2vlwcd3x1bl4vhnjklflkc0000gn/T/ts-node-dev-hook-6578420421406521.js:69:33)
    at Module._extensions..js (node:internal/modules/cjs/loader:1287:10)
    at require.extensions..jsx.require.extensions..js (/private/var/folders/y2/tl2vlwcd3x1bl4vhnjklflkc0000gn/T/ts-node-dev-hook-6578420421406521.js:114:20)
    at require.extensions.<computed> (/private/var/folders/y2/tl2vlwcd3x1bl4vhnjklflkc0000gn/T/ts-node-dev-hook-6578420421406521.js:71:20)
    at Object.nodeDevHook [as .ts] (/Users/fernandolba/development/my-commerce/back/node_modules/ts-node-dev/lib/hook.js:63:13)
    at Module.load (node:internal/modules/cjs/loader:1091:32)
    at Function.Module._load (node:internal/modules/cjs/loader:938:12)
2023-11-25 01:16:37 error: uncaughtException: ⨯ Unable to compile TypeScript:
src/customer/customer.controller.ts(7,121): error TS2304: Cannot find name 'HttpR'.

Error: ⨯ Unable to compile TypeScript:
src/customer/customer.controller.ts(7,121): error TS2304: Cannot find name 'HttpR'.

    at Object.<anonymous> (/Users/fernandolba/development/my-commerce/back/src/customer/customer.controller.ts:1:7)
    at Module._compile (node:internal/modules/cjs/loader:1233:14)
    at Module._compile (/Users/fernandolba/development/my-commerce/back/node_modules/source-map-support/source-map-support.js:568:25)
    at Module.m._compile (/private/var/folders/y2/tl2vlwcd3x1bl4vhnjklflkc0000gn/T/ts-node-dev-hook-6578420421406521.js:69:33)
    at Module._extensions..js (node:internal/modules/cjs/loader:1287:10)
    at require.extensions..jsx.require.extensions..js (/private/var/folders/y2/tl2vlwcd3x1bl4vhnjklflkc0000gn/T/ts-node-dev-hook-6578420421406521.js:114:20)
    at require.extensions.<computed> (/private/var/folders/y2/tl2vlwcd3x1bl4vhnjklflkc0000gn/T/ts-node-dev-hook-6578420421406521.js:71:20)
    at Object.nodeDevHook [as .ts] (/Users/fernandolba/development/my-commerce/back/node_modules/ts-node-dev/lib/hook.js:63:13)
    at Module.load (node:internal/modules/cjs/loader:1091:32)
    at Function.Module._load (node:internal/modules/cjs/loader:938:12)
2023-11-25 01:16:42 error: uncaughtException: ⨯ Unable to compile TypeScript:
src/customer/customer.controller.ts(8,140): error TS2304: Cannot find name 'H'.

Error: ⨯ Unable to compile TypeScript:
src/customer/customer.controller.ts(8,140): error TS2304: Cannot find name 'H'.

    at Object.<anonymous> (/Users/fernandolba/development/my-commerce/back/src/customer/customer.controller.ts:1:7)
    at Module._compile (node:internal/modules/cjs/loader:1233:14)
    at Module._compile (/Users/fernandolba/development/my-commerce/back/node_modules/source-map-support/source-map-support.js:568:25)
    at Module.m._compile (/private/var/folders/y2/tl2vlwcd3x1bl4vhnjklflkc0000gn/T/ts-node-dev-hook-6578420421406521.js:69:33)
    at Module._extensions..js (node:internal/modules/cjs/loader:1287:10)
    at require.extensions..jsx.require.extensions..js (/private/var/folders/y2/tl2vlwcd3x1bl4vhnjklflkc0000gn/T/ts-node-dev-hook-6578420421406521.js:114:20)
    at require.extensions.<computed> (/private/var/folders/y2/tl2vlwcd3x1bl4vhnjklflkc0000gn/T/ts-node-dev-hook-6578420421406521.js:71:20)
    at Object.nodeDevHook [as .ts] (/Users/fernandolba/development/my-commerce/back/node_modules/ts-node-dev/lib/hook.js:63:13)
    at Module.load (node:internal/modules/cjs/loader:1091:32)
    at Function.Module._load (node:internal/modules/cjs/loader:938:12)
2023-11-25 01:17:24 error: uncaughtException: ⨯ Unable to compile TypeScript:
src/customer/customer.controller.ts(38,52): error TS6133: 'res' is declared but its value is never read.
src/customer/customer.controller.ts(45,19): error TS1003: Identifier expected.

Error: ⨯ Unable to compile TypeScript:
src/customer/customer.controller.ts(38,52): error TS6133: 'res' is declared but its value is never read.
src/customer/customer.controller.ts(45,19): error TS1003: Identifier expected.

    at Object.<anonymous> (/Users/fernandolba/development/my-commerce/back/src/customer/customer.controller.ts:1:7)
    at Module._compile (node:internal/modules/cjs/loader:1233:14)
    at Module._compile (/Users/fernandolba/development/my-commerce/back/node_modules/source-map-support/source-map-support.js:568:25)
    at Module.m._compile (/private/var/folders/y2/tl2vlwcd3x1bl4vhnjklflkc0000gn/T/ts-node-dev-hook-6578420421406521.js:69:33)
    at Module._extensions..js (node:internal/modules/cjs/loader:1287:10)
    at require.extensions..jsx.require.extensions..js (/private/var/folders/y2/tl2vlwcd3x1bl4vhnjklflkc0000gn/T/ts-node-dev-hook-6578420421406521.js:114:20)
    at require.extensions.<computed> (/private/var/folders/y2/tl2vlwcd3x1bl4vhnjklflkc0000gn/T/ts-node-dev-hook-6578420421406521.js:71:20)
    at Object.nodeDevHook [as .ts] (/Users/fernandolba/development/my-commerce/back/node_modules/ts-node-dev/lib/hook.js:63:13)
    at Module.load (node:internal/modules/cjs/loader:1091:32)
    at Function.Module._load (node:internal/modules/cjs/loader:938:12)
2023-11-25 01:17:27 error: uncaughtException: ⨯ Unable to compile TypeScript:
src/customer/customer.controller.ts(38,52): error TS6133: 'res' is declared but its value is never read.
src/customer/customer.controller.ts(45,32): error TS1003: Identifier expected.

Error: ⨯ Unable to compile TypeScript:
src/customer/customer.controller.ts(38,52): error TS6133: 'res' is declared but its value is never read.
src/customer/customer.controller.ts(45,32): error TS1003: Identifier expected.

    at Object.<anonymous> (/Users/fernandolba/development/my-commerce/back/src/customer/customer.controller.ts:1:7)
    at Module._compile (node:internal/modules/cjs/loader:1233:14)
    at Module._compile (/Users/fernandolba/development/my-commerce/back/node_modules/source-map-support/source-map-support.js:568:25)
    at Module.m._compile (/private/var/folders/y2/tl2vlwcd3x1bl4vhnjklflkc0000gn/T/ts-node-dev-hook-6578420421406521.js:69:33)
    at Module._extensions..js (node:internal/modules/cjs/loader:1287:10)
    at require.extensions..jsx.require.extensions..js (/private/var/folders/y2/tl2vlwcd3x1bl4vhnjklflkc0000gn/T/ts-node-dev-hook-6578420421406521.js:114:20)
    at require.extensions.<computed> (/private/var/folders/y2/tl2vlwcd3x1bl4vhnjklflkc0000gn/T/ts-node-dev-hook-6578420421406521.js:71:20)
    at Object.nodeDevHook [as .ts] (/Users/fernandolba/development/my-commerce/back/node_modules/ts-node-dev/lib/hook.js:63:13)
    at Module.load (node:internal/modules/cjs/loader:1091:32)
    at Function.Module._load (node:internal/modules/cjs/loader:938:12)
2023-11-25 01:17:31 error: uncaughtException: ⨯ Unable to compile TypeScript:
src/customer/customer.controller.ts(38,52): error TS6133: 'res' is declared but its value is never read.
src/customer/customer.controller.ts(45,32): error TS2554: Expected 2 arguments, but got 0.

Error: ⨯ Unable to compile TypeScript:
src/customer/customer.controller.ts(38,52): error TS6133: 'res' is declared but its value is never read.
src/customer/customer.controller.ts(45,32): error TS2554: Expected 2 arguments, but got 0.

    at Object.<anonymous> (/Users/fernandolba/development/my-commerce/back/src/customer/customer.controller.ts:1:7)
    at Module._compile (node:internal/modules/cjs/loader:1233:14)
    at Module._compile (/Users/fernandolba/development/my-commerce/back/node_modules/source-map-support/source-map-support.js:568:25)
    at Module.m._compile (/private/var/folders/y2/tl2vlwcd3x1bl4vhnjklflkc0000gn/T/ts-node-dev-hook-6578420421406521.js:69:33)
    at Module._extensions..js (node:internal/modules/cjs/loader:1287:10)
    at require.extensions..jsx.require.extensions..js (/private/var/folders/y2/tl2vlwcd3x1bl4vhnjklflkc0000gn/T/ts-node-dev-hook-6578420421406521.js:114:20)
    at require.extensions.<computed> (/private/var/folders/y2/tl2vlwcd3x1bl4vhnjklflkc0000gn/T/ts-node-dev-hook-6578420421406521.js:71:20)
    at Object.nodeDevHook [as .ts] (/Users/fernandolba/development/my-commerce/back/node_modules/ts-node-dev/lib/hook.js:63:13)
    at Module.load (node:internal/modules/cjs/loader:1091:32)
    at Function.Module._load (node:internal/modules/cjs/loader:938:12)
2023-11-25 01:17:35 error: uncaughtException: ⨯ Unable to compile TypeScript:
src/customer/customer.controller.ts(45,32): error TS2554: Expected 2 arguments, but got 1.

Error: ⨯ Unable to compile TypeScript:
src/customer/customer.controller.ts(45,32): error TS2554: Expected 2 arguments, but got 1.

    at Object.<anonymous> (/Users/fernandolba/development/my-commerce/back/src/customer/customer.controller.ts:1:7)
    at Module._compile (node:internal/modules/cjs/loader:1233:14)
    at Module._compile (/Users/fernandolba/development/my-commerce/back/node_modules/source-map-support/source-map-support.js:568:25)
    at Module.m._compile (/private/var/folders/y2/tl2vlwcd3x1bl4vhnjklflkc0000gn/T/ts-node-dev-hook-6578420421406521.js:69:33)
    at Module._extensions..js (node:internal/modules/cjs/loader:1287:10)
    at require.extensions..jsx.require.extensions..js (/private/var/folders/y2/tl2vlwcd3x1bl4vhnjklflkc0000gn/T/ts-node-dev-hook-6578420421406521.js:114:20)
    at require.extensions.<computed> (/private/var/folders/y2/tl2vlwcd3x1bl4vhnjklflkc0000gn/T/ts-node-dev-hook-6578420421406521.js:71:20)
    at Object.nodeDevHook [as .ts] (/Users/fernandolba/development/my-commerce/back/node_modules/ts-node-dev/lib/hook.js:63:13)
    at Module.load (node:internal/modules/cjs/loader:1091:32)
    at Function.Module._load (node:internal/modules/cjs/loader:938:12)
2023-11-25 01:17:38 error: uncaughtException: ⨯ Unable to compile TypeScript:
src/customer/customer.controller.ts(45,40): error TS2304: Cannot find name 'updated'.

Error: ⨯ Unable to compile TypeScript:
src/customer/customer.controller.ts(45,40): error TS2304: Cannot find name 'updated'.

    at Object.<anonymous> (/Users/fernandolba/development/my-commerce/back/src/customer/customer.controller.ts:1:7)
    at Module._compile (node:internal/modules/cjs/loader:1233:14)
    at Module._compile (/Users/fernandolba/development/my-commerce/back/node_modules/source-map-support/source-map-support.js:568:25)
    at Module.m._compile (/private/var/folders/y2/tl2vlwcd3x1bl4vhnjklflkc0000gn/T/ts-node-dev-hook-6578420421406521.js:69:33)
    at Module._extensions..js (node:internal/modules/cjs/loader:1287:10)
    at require.extensions..jsx.require.extensions..js (/private/var/folders/y2/tl2vlwcd3x1bl4vhnjklflkc0000gn/T/ts-node-dev-hook-6578420421406521.js:114:20)
    at require.extensions.<computed> (/private/var/folders/y2/tl2vlwcd3x1bl4vhnjklflkc0000gn/T/ts-node-dev-hook-6578420421406521.js:71:20)
    at Object.nodeDevHook [as .ts] (/Users/fernandolba/development/my-commerce/back/node_modules/ts-node-dev/lib/hook.js:63:13)
    at Module.load (node:internal/modules/cjs/loader:1091:32)
    at Function.Module._load (node:internal/modules/cjs/loader:938:12)
2023-11-25 01:18:16 error: uncaughtException: ⨯ Unable to compile TypeScript:
src/customer/customer.controller.ts(47,18): error TS2345: Argument of type 'unknown' is not assignable to parameter of type 'LogEntry'.

Error: ⨯ Unable to compile TypeScript:
src/customer/customer.controller.ts(47,18): error TS2345: Argument of type 'unknown' is not assignable to parameter of type 'LogEntry'.

    at Object.<anonymous> (/Users/fernandolba/development/my-commerce/back/src/customer/customer.controller.ts:1:7)
    at Module._compile (node:internal/modules/cjs/loader:1233:14)
    at Module._compile (/Users/fernandolba/development/my-commerce/back/node_modules/source-map-support/source-map-support.js:568:25)
    at Module.m._compile (/private/var/folders/y2/tl2vlwcd3x1bl4vhnjklflkc0000gn/T/ts-node-dev-hook-6578420421406521.js:69:33)
    at Module._extensions..js (node:internal/modules/cjs/loader:1287:10)
    at require.extensions..jsx.require.extensions..js (/private/var/folders/y2/tl2vlwcd3x1bl4vhnjklflkc0000gn/T/ts-node-dev-hook-6578420421406521.js:114:20)
    at require.extensions.<computed> (/private/var/folders/y2/tl2vlwcd3x1bl4vhnjklflkc0000gn/T/ts-node-dev-hook-6578420421406521.js:71:20)
    at Object.nodeDevHook [as .ts] (/Users/fernandolba/development/my-commerce/back/node_modules/ts-node-dev/lib/hook.js:63:13)
    at Module.load (node:internal/modules/cjs/loader:1091:32)
    at Function.Module._load (node:internal/modules/cjs/loader:938:12)
2023-11-25 01:18:30 error: uncaughtException: ⨯ Unable to compile TypeScript:
src/customer/customer.controller.ts(49,32): error TS2554: Expected 2 arguments, but got 0.

Error: ⨯ Unable to compile TypeScript:
src/customer/customer.controller.ts(49,32): error TS2554: Expected 2 arguments, but got 0.

    at Object.<anonymous> (/Users/fernandolba/development/my-commerce/back/src/customer/customer.controller.ts:1:7)
    at Module._compile (node:internal/modules/cjs/loader:1233:14)
    at Module._compile (/Users/fernandolba/development/my-commerce/back/node_modules/source-map-support/source-map-support.js:568:25)
    at Module.m._compile (/private/var/folders/y2/tl2vlwcd3x1bl4vhnjklflkc0000gn/T/ts-node-dev-hook-6578420421406521.js:69:33)
    at Module._extensions..js (node:internal/modules/cjs/loader:1287:10)
    at require.extensions..jsx.require.extensions..js (/private/var/folders/y2/tl2vlwcd3x1bl4vhnjklflkc0000gn/T/ts-node-dev-hook-6578420421406521.js:114:20)
    at require.extensions.<computed> (/private/var/folders/y2/tl2vlwcd3x1bl4vhnjklflkc0000gn/T/ts-node-dev-hook-6578420421406521.js:71:20)
    at Object.nodeDevHook [as .ts] (/Users/fernandolba/development/my-commerce/back/node_modules/ts-node-dev/lib/hook.js:63:13)
    at Module.load (node:internal/modules/cjs/loader:1091:32)
    at Function.Module._load (node:internal/modules/cjs/loader:938:12)
2023-11-25 01:18:37 error: uncaughtException: ⨯ Unable to compile TypeScript:
src/customer/customer.controller.ts(49,32): error TS2554: Expected 2 arguments, but got 1.

Error: ⨯ Unable to compile TypeScript:
src/customer/customer.controller.ts(49,32): error TS2554: Expected 2 arguments, but got 1.

    at Object.<anonymous> (/Users/fernandolba/development/my-commerce/back/src/customer/customer.controller.ts:1:7)
    at Module._compile (node:internal/modules/cjs/loader:1233:14)
    at Module._compile (/Users/fernandolba/development/my-commerce/back/node_modules/source-map-support/source-map-support.js:568:25)
    at Module.m._compile (/private/var/folders/y2/tl2vlwcd3x1bl4vhnjklflkc0000gn/T/ts-node-dev-hook-6578420421406521.js:69:33)
    at Module._extensions..js (node:internal/modules/cjs/loader:1287:10)
    at require.extensions..jsx.require.extensions..js (/private/var/folders/y2/tl2vlwcd3x1bl4vhnjklflkc0000gn/T/ts-node-dev-hook-6578420421406521.js:114:20)
    at require.extensions.<computed> (/private/var/folders/y2/tl2vlwcd3x1bl4vhnjklflkc0000gn/T/ts-node-dev-hook-6578420421406521.js:71:20)
    at Object.nodeDevHook [as .ts] (/Users/fernandolba/development/my-commerce/back/node_modules/ts-node-dev/lib/hook.js:63:13)
    at Module.load (node:internal/modules/cjs/loader:1091:32)
    at Function.Module._load (node:internal/modules/cjs/loader:938:12)
2023-11-25 01:18:40 error: uncaughtException: ⨯ Unable to compile TypeScript:
src/customer/customer.controller.ts(49,32): error TS2554: Expected 2 arguments, but got 1.

Error: ⨯ Unable to compile TypeScript:
src/customer/customer.controller.ts(49,32): error TS2554: Expected 2 arguments, but got 1.

    at Object.<anonymous> (/Users/fernandolba/development/my-commerce/back/src/customer/customer.controller.ts:1:7)
    at Module._compile (node:internal/modules/cjs/loader:1233:14)
    at Module._compile (/Users/fernandolba/development/my-commerce/back/node_modules/source-map-support/source-map-support.js:568:25)
    at Module.m._compile (/private/var/folders/y2/tl2vlwcd3x1bl4vhnjklflkc0000gn/T/ts-node-dev-hook-6578420421406521.js:69:33)
    at Module._extensions..js (node:internal/modules/cjs/loader:1287:10)
    at require.extensions..jsx.require.extensions..js (/private/var/folders/y2/tl2vlwcd3x1bl4vhnjklflkc0000gn/T/ts-node-dev-hook-6578420421406521.js:114:20)
    at require.extensions.<computed> (/private/var/folders/y2/tl2vlwcd3x1bl4vhnjklflkc0000gn/T/ts-node-dev-hook-6578420421406521.js:71:20)
    at Object.nodeDevHook [as .ts] (/Users/fernandolba/development/my-commerce/back/node_modules/ts-node-dev/lib/hook.js:63:13)
    at Module.load (node:internal/modules/cjs/loader:1091:32)
    at Function.Module._load (node:internal/modules/cjs/loader:938:12)
2023-11-25 01:18:59 error: uncaughtException: ER_DUP_ENTRY: Duplicate entry '2' for key 'REL_5d1f609371a285123294fddcf3'
QueryFailedError: ER_DUP_ENTRY: Duplicate entry '2' for key 'REL_5d1f609371a285123294fddcf3'
    at Query.<anonymous> (/Users/fernandolba/development/my-commerce/back/src/driver/mysql/MysqlQueryRunner.ts:222:33)
    at Query.<anonymous> (/Users/fernandolba/development/my-commerce/back/node_modules/mysql/lib/Connection.js:526:10)
    at Query._callback (/Users/fernandolba/development/my-commerce/back/node_modules/mysql/lib/Connection.js:488:16)
    at Query.Sequence.end (/Users/fernandolba/development/my-commerce/back/node_modules/mysql/lib/protocol/sequences/Sequence.js:83:24)
    at Query.ErrorPacket (/Users/fernandolba/development/my-commerce/back/node_modules/mysql/lib/protocol/sequences/Query.js:92:8)
    at Protocol._parsePacket (/Users/fernandolba/development/my-commerce/back/node_modules/mysql/lib/protocol/Protocol.js:291:23)
    at Parser._parsePacket (/Users/fernandolba/development/my-commerce/back/node_modules/mysql/lib/protocol/Parser.js:433:10)
    at Parser.write (/Users/fernandolba/development/my-commerce/back/node_modules/mysql/lib/protocol/Parser.js:43:10)
    at Protocol.write (/Users/fernandolba/development/my-commerce/back/node_modules/mysql/lib/protocol/Protocol.js:38:16)
    at Socket.<anonymous> (/Users/fernandolba/development/my-commerce/back/node_modules/mysql/lib/Connection.js:88:28)
2023-11-25 01:20:08 error: uncaughtException: ⨯ Unable to compile TypeScript:
src/customer/customer.controller.ts(32,5): error TS1005: '{' expected.

Error: ⨯ Unable to compile TypeScript:
src/customer/customer.controller.ts(32,5): error TS1005: '{' expected.

    at Object.<anonymous> (/Users/fernandolba/development/my-commerce/back/src/customer/customer.controller.ts:1:7)
    at Module._compile (node:internal/modules/cjs/loader:1233:14)
    at Module._compile (/Users/fernandolba/development/my-commerce/back/node_modules/source-map-support/source-map-support.js:568:25)
    at Module.m._compile (/private/var/folders/y2/tl2vlwcd3x1bl4vhnjklflkc0000gn/T/ts-node-dev-hook-153620733237412.js:69:33)
    at Module._extensions..js (node:internal/modules/cjs/loader:1287:10)
    at require.extensions..jsx.require.extensions..js (/private/var/folders/y2/tl2vlwcd3x1bl4vhnjklflkc0000gn/T/ts-node-dev-hook-153620733237412.js:114:20)
    at require.extensions.<computed> (/private/var/folders/y2/tl2vlwcd3x1bl4vhnjklflkc0000gn/T/ts-node-dev-hook-153620733237412.js:71:20)
    at Object.nodeDevHook [as .ts] (/Users/fernandolba/development/my-commerce/back/node_modules/ts-node-dev/lib/hook.js:63:13)
    at Module.load (node:internal/modules/cjs/loader:1091:32)
    at Function.Module._load (node:internal/modules/cjs/loader:938:12)
2023-11-25 01:20:25 error: uncaughtException: ⨯ Unable to compile TypeScript:
src/customer/customer.controller.ts(30,48): error TS6133: 'res' is declared but its value is never read.

Error: ⨯ Unable to compile TypeScript:
src/customer/customer.controller.ts(30,48): error TS6133: 'res' is declared but its value is never read.

    at Object.<anonymous> (/Users/fernandolba/development/my-commerce/back/src/customer/customer.controller.ts:1:7)
    at Module._compile (node:internal/modules/cjs/loader:1233:14)
    at Module._compile (/Users/fernandolba/development/my-commerce/back/node_modules/source-map-support/source-map-support.js:568:25)
    at Module.m._compile (/private/var/folders/y2/tl2vlwcd3x1bl4vhnjklflkc0000gn/T/ts-node-dev-hook-153620733237412.js:69:33)
    at Module._extensions..js (node:internal/modules/cjs/loader:1287:10)
    at require.extensions..jsx.require.extensions..js (/private/var/folders/y2/tl2vlwcd3x1bl4vhnjklflkc0000gn/T/ts-node-dev-hook-153620733237412.js:114:20)
    at require.extensions.<computed> (/private/var/folders/y2/tl2vlwcd3x1bl4vhnjklflkc0000gn/T/ts-node-dev-hook-153620733237412.js:71:20)
    at Object.nodeDevHook [as .ts] (/Users/fernandolba/development/my-commerce/back/node_modules/ts-node-dev/lib/hook.js:63:13)
    at Module.load (node:internal/modules/cjs/loader:1091:32)
    at Function.Module._load (node:internal/modules/cjs/loader:938:12)
2023-11-25 01:20:28 error: uncaughtException: ⨯ Unable to compile TypeScript:
src/customer/customer.controller.ts(30,48): error TS6133: 'res' is declared but its value is never read.
src/customer/customer.controller.ts(36,32): error TS1003: Identifier expected.

Error: ⨯ Unable to compile TypeScript:
src/customer/customer.controller.ts(30,48): error TS6133: 'res' is declared but its value is never read.
src/customer/customer.controller.ts(36,32): error TS1003: Identifier expected.

    at Object.<anonymous> (/Users/fernandolba/development/my-commerce/back/src/customer/customer.controller.ts:1:7)
    at Module._compile (node:internal/modules/cjs/loader:1233:14)
    at Module._compile (/Users/fernandolba/development/my-commerce/back/node_modules/source-map-support/source-map-support.js:568:25)
    at Module.m._compile (/private/var/folders/y2/tl2vlwcd3x1bl4vhnjklflkc0000gn/T/ts-node-dev-hook-153620733237412.js:69:33)
    at Module._extensions..js (node:internal/modules/cjs/loader:1287:10)
    at require.extensions..jsx.require.extensions..js (/private/var/folders/y2/tl2vlwcd3x1bl4vhnjklflkc0000gn/T/ts-node-dev-hook-153620733237412.js:114:20)
    at require.extensions.<computed> (/private/var/folders/y2/tl2vlwcd3x1bl4vhnjklflkc0000gn/T/ts-node-dev-hook-153620733237412.js:71:20)
    at Object.nodeDevHook [as .ts] (/Users/fernandolba/development/my-commerce/back/node_modules/ts-node-dev/lib/hook.js:63:13)
    at Module.load (node:internal/modules/cjs/loader:1091:32)
    at Function.Module._load (node:internal/modules/cjs/loader:938:12)
2023-11-25 01:20:32 error: uncaughtException: ⨯ Unable to compile TypeScript:
src/customer/customer.controller.ts(30,48): error TS6133: 'res' is declared but its value is never read.

Error: ⨯ Unable to compile TypeScript:
src/customer/customer.controller.ts(30,48): error TS6133: 'res' is declared but its value is never read.

    at Object.<anonymous> (/Users/fernandolba/development/my-commerce/back/src/customer/customer.controller.ts:1:7)
    at Module._compile (node:internal/modules/cjs/loader:1233:14)
    at Module._compile (/Users/fernandolba/development/my-commerce/back/node_modules/source-map-support/source-map-support.js:568:25)
    at Module.m._compile (/private/var/folders/y2/tl2vlwcd3x1bl4vhnjklflkc0000gn/T/ts-node-dev-hook-153620733237412.js:69:33)
    at Module._extensions..js (node:internal/modules/cjs/loader:1287:10)
    at require.extensions..jsx.require.extensions..js (/private/var/folders/y2/tl2vlwcd3x1bl4vhnjklflkc0000gn/T/ts-node-dev-hook-153620733237412.js:114:20)
    at require.extensions.<computed> (/private/var/folders/y2/tl2vlwcd3x1bl4vhnjklflkc0000gn/T/ts-node-dev-hook-153620733237412.js:71:20)
    at Object.nodeDevHook [as .ts] (/Users/fernandolba/development/my-commerce/back/node_modules/ts-node-dev/lib/hook.js:63:13)
    at Module.load (node:internal/modules/cjs/loader:1091:32)
    at Function.Module._load (node:internal/modules/cjs/loader:938:12)
2023-11-25 01:21:04 error: ER_DUP_ENTRY: Duplicate entry '2' for key 'REL_5d1f609371a285123294fddcf3'
2023-11-25 01:21:41 error: uncaughtException: ⨯ Unable to compile TypeScript:
src/customer/customer.controller.ts(22,49): error TS6133: 'res' is declared but its value is never read.

Error: ⨯ Unable to compile TypeScript:
src/customer/customer.controller.ts(22,49): error TS6133: 'res' is declared but its value is never read.

    at Object.<anonymous> (/Users/fernandolba/development/my-commerce/back/src/customer/customer.controller.ts:1:7)
    at Module._compile (node:internal/modules/cjs/loader:1233:14)
    at Module._compile (/Users/fernandolba/development/my-commerce/back/node_modules/source-map-support/source-map-support.js:568:25)
    at Module.m._compile (/private/var/folders/y2/tl2vlwcd3x1bl4vhnjklflkc0000gn/T/ts-node-dev-hook-153620733237412.js:69:33)
    at Module._extensions..js (node:internal/modules/cjs/loader:1287:10)
    at require.extensions..jsx.require.extensions..js (/private/var/folders/y2/tl2vlwcd3x1bl4vhnjklflkc0000gn/T/ts-node-dev-hook-153620733237412.js:114:20)
    at require.extensions.<computed> (/private/var/folders/y2/tl2vlwcd3x1bl4vhnjklflkc0000gn/T/ts-node-dev-hook-153620733237412.js:71:20)
    at Object.nodeDevHook [as .ts] (/Users/fernandolba/development/my-commerce/back/node_modules/ts-node-dev/lib/hook.js:63:13)
    at Module.load (node:internal/modules/cjs/loader:1091:32)
    at Function.Module._load (node:internal/modules/cjs/loader:938:12)
2023-11-25 01:21:45 error: uncaughtException: ⨯ Unable to compile TypeScript:
src/customer/customer.controller.ts(28,32): error TS2554: Expected 2 arguments, but got 1.

Error: ⨯ Unable to compile TypeScript:
src/customer/customer.controller.ts(28,32): error TS2554: Expected 2 arguments, but got 1.

    at Object.<anonymous> (/Users/fernandolba/development/my-commerce/back/src/customer/customer.controller.ts:1:7)
    at Module._compile (node:internal/modules/cjs/loader:1233:14)
    at Module._compile (/Users/fernandolba/development/my-commerce/back/node_modules/source-map-support/source-map-support.js:568:25)
    at Module.m._compile (/private/var/folders/y2/tl2vlwcd3x1bl4vhnjklflkc0000gn/T/ts-node-dev-hook-153620733237412.js:69:33)
    at Module._extensions..js (node:internal/modules/cjs/loader:1287:10)
    at require.extensions..jsx.require.extensions..js (/private/var/folders/y2/tl2vlwcd3x1bl4vhnjklflkc0000gn/T/ts-node-dev-hook-153620733237412.js:114:20)
    at require.extensions.<computed> (/private/var/folders/y2/tl2vlwcd3x1bl4vhnjklflkc0000gn/T/ts-node-dev-hook-153620733237412.js:71:20)
    at Object.nodeDevHook [as .ts] (/Users/fernandolba/development/my-commerce/back/node_modules/ts-node-dev/lib/hook.js:63:13)
    at Module.load (node:internal/modules/cjs/loader:1091:32)
    at Function.Module._load (node:internal/modules/cjs/loader:938:12)
2023-11-25 01:22:56 error: uncaughtException: ⨯ Unable to compile TypeScript:
src/customer/customer.controller.ts(22,32): error TS2554: Expected 2 arguments, but got 0.

Error: ⨯ Unable to compile TypeScript:
src/customer/customer.controller.ts(22,32): error TS2554: Expected 2 arguments, but got 0.

    at Object.<anonymous> (/Users/fernandolba/development/my-commerce/back/src/customer/customer.controller.ts:1:7)
    at Module._compile (node:internal/modules/cjs/loader:1233:14)
    at Module._compile (/Users/fernandolba/development/my-commerce/back/node_modules/source-map-support/source-map-support.js:568:25)
    at Module.m._compile (/private/var/folders/y2/tl2vlwcd3x1bl4vhnjklflkc0000gn/T/ts-node-dev-hook-153620733237412.js:69:33)
    at Module._extensions..js (node:internal/modules/cjs/loader:1287:10)
    at require.extensions..jsx.require.extensions..js (/private/var/folders/y2/tl2vlwcd3x1bl4vhnjklflkc0000gn/T/ts-node-dev-hook-153620733237412.js:114:20)
    at require.extensions.<computed> (/private/var/folders/y2/tl2vlwcd3x1bl4vhnjklflkc0000gn/T/ts-node-dev-hook-153620733237412.js:71:20)
    at Object.nodeDevHook [as .ts] (/Users/fernandolba/development/my-commerce/back/node_modules/ts-node-dev/lib/hook.js:63:13)
    at Module.load (node:internal/modules/cjs/loader:1091:32)
    at Function.Module._load (node:internal/modules/cjs/loader:938:12)
2023-11-25 01:23:19 error: uncaughtException: ⨯ Unable to compile TypeScript:
src/customer/customer.controller.ts(69,52): error TS6133: 'res' is declared but its value is never read.
src/customer/customer.controller.ts(76,5): error TS1003: Identifier expected.

Error: ⨯ Unable to compile TypeScript:
src/customer/customer.controller.ts(69,52): error TS6133: 'res' is declared but its value is never read.
src/customer/customer.controller.ts(76,5): error TS1003: Identifier expected.

    at Object.<anonymous> (/Users/fernandolba/development/my-commerce/back/src/customer/customer.controller.ts:1:7)
    at Module._compile (node:internal/modules/cjs/loader:1233:14)
    at Module._compile (/Users/fernandolba/development/my-commerce/back/node_modules/source-map-support/source-map-support.js:568:25)
    at Module.m._compile (/private/var/folders/y2/tl2vlwcd3x1bl4vhnjklflkc0000gn/T/ts-node-dev-hook-153620733237412.js:69:33)
    at Module._extensions..js (node:internal/modules/cjs/loader:1287:10)
    at require.extensions..jsx.require.extensions..js (/private/var/folders/y2/tl2vlwcd3x1bl4vhnjklflkc0000gn/T/ts-node-dev-hook-153620733237412.js:114:20)
    at require.extensions.<computed> (/private/var/folders/y2/tl2vlwcd3x1bl4vhnjklflkc0000gn/T/ts-node-dev-hook-153620733237412.js:71:20)
    at Object.nodeDevHook [as .ts] (/Users/fernandolba/development/my-commerce/back/node_modules/ts-node-dev/lib/hook.js:63:13)
    at Module.load (node:internal/modules/cjs/loader:1091:32)
    at Function.Module._load (node:internal/modules/cjs/loader:938:12)
2023-11-25 01:24:08 error: ER_DUP_ENTRY: Duplicate entry '2' for key 'REL_5d1f609371a285123294fddcf3'
2023-11-25 01:27:09 error: ER_DUP_ENTRY: Duplicate entry '2' for key 'REL_5d1f609371a285123294fddcf3'
2023-11-25 01:33:23 error: ER_DUP_ENTRY: Duplicate entry '1' for key 'REL_5d1f609371a285123294fddcf3'
2023-11-25 01:37:38 error: uncaughtException: ⨯ Unable to compile TypeScript:
src/middlewares/validate-dto.middleware.ts(23,9): error TS2554: Expected 1 arguments, but got 0.

Error: ⨯ Unable to compile TypeScript:
src/middlewares/validate-dto.middleware.ts(23,9): error TS2554: Expected 1 arguments, but got 0.

    at Object.<anonymous> (/Users/fernandolba/development/my-commerce/back/src/middlewares/validate-dto.middleware.ts:1:7)
    at Module._compile (node:internal/modules/cjs/loader:1233:14)
    at Module._compile (/Users/fernandolba/development/my-commerce/back/node_modules/source-map-support/source-map-support.js:568:25)
    at Module.m._compile (/private/var/folders/y2/tl2vlwcd3x1bl4vhnjklflkc0000gn/T/ts-node-dev-hook-38308367692393674.js:69:33)
    at Module._extensions..js (node:internal/modules/cjs/loader:1287:10)
    at require.extensions..jsx.require.extensions..js (/private/var/folders/y2/tl2vlwcd3x1bl4vhnjklflkc0000gn/T/ts-node-dev-hook-38308367692393674.js:114:20)
    at require.extensions.<computed> (/private/var/folders/y2/tl2vlwcd3x1bl4vhnjklflkc0000gn/T/ts-node-dev-hook-38308367692393674.js:71:20)
    at Object.nodeDevHook [as .ts] (/Users/fernandolba/development/my-commerce/back/node_modules/ts-node-dev/lib/hook.js:63:13)
    at Module.load (node:internal/modules/cjs/loader:1091:32)
    at Function.Module._load (node:internal/modules/cjs/loader:938:12)
2023-11-25 01:39:47 error: ER_NO_REFERENCED_ROW_2: Cannot add or update a child row: a foreign key constraint fails (`testimonials_db_dev`.`customer`, CONSTRAINT `FK_5d1f609371a285123294fddcf3a` FOREIGN KEY (`user_id`) REFERENCES `user` (`id`) ON DELETE NO ACTION ON UPDATE NO ACTION)
2023-11-25 01:40:17 error: ER_DUP_ENTRY: Duplicate entry '7' for key 'REL_5d1f609371a285123294fddcf3'
